Solver command line: ['/opt/sw/arch/easybuild/2018b/software/CPLEX/12.9-GCCcore-8.2.0/cplex/bin/x86-64_linux/cplex']


Welcome to IBM(R) ILOG(R) CPLEX(R) Interactive Optimizer 12.9.0.0
  with Simplex, Mixed Integer & Barrier Optimizers
5725-A06 5725-A29 5724-Y48 5724-Y49 5724-Y54 5724-Y55 5655-Y21
Copyright IBM Corp. 1988, 2019.  All Rights Reserved.

Type 'help' for a list of available commands.
Type 'help' followed by a command name for more
information on commands.

CPLEX> Logfile 'cplex.log' closed.
Logfile 'obj_4_2.log' open.
CPLEX> New value for default parallel thread count: 16
CPLEX> New value for time limit in seconds: 900
CPLEX> New value for mixed integer optimality gap tolerance: 0.05
CPLEX> Problem '/localscratch/arosati/70372665/tmpa8qx9jqc.pyomo.lp' read.
Read time = 0.02 sec. (0.90 ticks)
CPLEX> MIP start file '/localscratch/arosati/70372665/tmpgfpqs9p7.cplex.mst' read.
CPLEX> Problem name         : /localscratch/arosati/70372665/tmpa8qx9jqc.pyomo.lp
Objective sense      : Minimize
Variables            :    6308  [Nneg: 1,  General Integer: 6307]
Objective nonzeros   :      71
Linear constraints   :    3000  [Less: 2239,  Equal: 761]
  Nonzeros           :   48546
  RHS nonzeros       :    1287

Variables            : Min LB: 0.000000         Max UB: 15.00000       
Objective nonzeros   : Min   : 1.000000         Max   : 104.0000       
Linear constraints   :
  Nonzeros           : Min   : 1.000000         Max   : 165.0000       
  RHS nonzeros       : Min   : 1.000000         Max   : 35.00000       
CPLEX> CPXPARAM_Threads                                 16
CPXPARAM_TimeLimit                               900
CPXPARAM_MIP_Tolerances_MIPGap                   0.050000000000000003
1 of 1 MIP starts provided solutions.
MIP start 'm1' defined initial solution with objective 151.0000.
Tried aggregator 1 time.
MIP Presolve eliminated 1110 rows and 814 columns.
MIP Presolve modified 5879 coefficients.
Reduced MIP has 1884 rows, 5494 columns, and 29954 nonzeros.
Reduced MIP has 5424 binaries, 70 generals, 0 SOSs, and 0 indicators.
Presolve time = 0.03 sec. (25.10 ticks)
Probing time = 0.02 sec. (4.49 ticks)
Cover probing fixed 0 vars, tightened 2 bounds.
Tried aggregator 1 time.
MIP Presolve eliminated 6 rows and 0 columns.
MIP Presolve modified 32 coefficients.
Reduced MIP has 1878 rows, 5494 columns, and 29936 nonzeros.
Reduced MIP has 5424 binaries, 70 generals, 0 SOSs, and 0 indicators.
Presolve time = 0.03 sec. (24.74 ticks)
Probing time = 0.01 sec. (4.37 ticks)
Clique table members: 12681.
MIP emphasis: balance optimality and feasibility.
MIP search method: dynamic search.
Parallel mode: deterministic, using up to 16 threads.
Root relaxation solution time = 0.22 sec. (159.83 ticks)

        Nodes                                         Cuts/
   Node  Left     Objective  IInf  Best Integer    Best Bound    ItCnt     Gap

*     0+    0                          151.0000     -588.0000           489.40%
      0     0     -392.6590   938      151.0000     -392.6590     3036  360.04%
      0     0     -390.2635   969      151.0000     Cuts: 281     8006  358.45%
      0     0     -380.5174  1077      151.0000     Cuts: 569    13814  352.00%
*     0+    0                          120.0000     -380.5174           417.10%
      0     0     -376.6401  1125      120.0000     Cuts: 569    17210  413.87%
*     0+    0                          113.0000     -376.6401           433.31%
*     0+    0                           95.0000     -376.6401           496.46%
*     0+    0                           92.0000     -376.6401           509.39%
*     0+    0                           86.0000     -376.6401           537.95%
      0     0     -373.9250  1141       86.0000     Cuts: 519    21289  534.80%
      0     0     -372.0151  1204       86.0000     Cuts: 523    24983  532.58%
      0     0     -370.8021  1187       86.0000     Cuts: 474    29012  531.17%
*     0+    0                           78.0000     -370.8021           575.39%
      0     0     -369.8476  1213       78.0000     Cuts: 446    31272  574.16%
*     0+    0                           46.0000     -369.8476           904.02%
      0     0     -368.8267  1239       46.0000     Cuts: 456    34441  901.80%
*     0+    0                           30.0000     -368.8267              --- 
      0     0     -368.1409  1233       30.0000     Cuts: 415    37215     --- 
      0     0     -367.6487  1239       30.0000     Cuts: 410    41525     --- 
      0     0     -367.3423  1150       30.0000     Cuts: 409    51436     --- 
      0     0     -366.9202  1120       30.0000     Cuts: 460    54316     --- 
      0     0     -366.5673  1197       30.0000     Cuts: 457    57372     --- 
      0     0     -366.2235  1205       30.0000     Cuts: 418    60604     --- 
      0     0     -365.9317  1229       30.0000     Cuts: 425    63016     --- 
      0     0     -365.7156  1243       30.0000     Cuts: 440    66942     --- 
      0     0     -365.4598  1311       30.0000     Cuts: 409    68863     --- 
      0     0     -365.2907  1282       30.0000     Cuts: 404    72900     --- 
      0     0     -365.1126  1310       30.0000     Cuts: 382    75762     --- 
      0     0     -364.9499  1356       30.0000     Cuts: 371    77900     --- 
      0     0     -364.8896  1364       30.0000     Cuts: 361    81009     --- 
      0     0     -364.7366  1155       30.0000     Cuts: 229    82613     --- 
      0     0     -364.4969  1186       30.0000     Cuts: 415    88422     --- 
      0     0     -364.3034  1259       30.0000     Cuts: 422    90808     --- 
      0     0     -364.0568  1297       30.0000     Cuts: 427    93238     --- 
      0     0     -363.8248  1323       30.0000     Cuts: 374    96178     --- 
      0     0     -363.6607  1295       30.0000     Cuts: 376   100012     --- 
      0     0     -363.5690  1267       30.0000     Cuts: 378   103062     --- 
      0     0     -363.4879  1257       30.0000     Cuts: 378   106003     --- 
*     0+    0                           25.0000     -363.4879              --- 
      0     2     -363.4879   966       25.0000     -363.4879   106003     --- 
Elapsed time = 48.95 sec. (39826.46 ticks, tree = 0.02 MB, solutions = 10)
      3     5     -349.1437   928       25.0000     -363.4879   107447     --- 
     20    10     -361.2756   972       25.0000     -363.4879   110490     --- 
     53    42     -346.4258   930       25.0000     -363.4526   126340     --- 
    101    86     -360.8705   974       25.0000     -363.4526   149808     --- 
    125    90     -358.9493   949       25.0000     -363.4526   152796     --- 
    156   144     -361.2422  1036       25.0000     -363.4526   173649     --- 
    199   169     -343.3859   884       25.0000     -363.4526   178209     --- 
    244   222     -359.7624  1010       25.0000     -363.4526   191097     --- 
    388   294     -300.4341   814       25.0000     -363.4526   202039     --- 
   1016   887     -342.3623   684       25.0000     -363.4526   282753     --- 
Elapsed time = 53.14 sec. (42986.95 ticks, tree = 2.38 MB, solutions = 10)
   2321  1667      -13.2027    75       25.0000     -363.4526   346485     --- 
   4105  3510     -275.1180   627       25.0000     -363.4526   442669     --- 
   4417    17     -363.4446   958       25.0000     -363.4526   113675     --- 
*  4418+ 2766                           22.0000     -250.0743              --- 
*  4418+ 1844                           19.0000     -245.5231              --- 
*  4418+ 1229                           18.0000     -226.7396              --- 
*  4418+  818                           16.0000     -200.9899              --- 
*  4418+  545                           11.0000     -200.4485              --- 
*  4418+  362                            7.0000     -190.0079              --- 
*  4418+  241                            4.0000     -184.9056              --- 
*  4418+  160                            3.0000     -183.7575              --- 
*  4418+  106                            2.0000     -183.7575              --- 
*  4418+   70                            1.0000     -183.3015              --- 
*  4418+   46                            0.0000     -182.3176              --- 
   4418    47     -173.9281   706        0.0000     -173.9281   822837     --- 
   4420    49     -173.9120   730        0.0000     -173.9281   823039     --- 
   4425    32     -171.5914   730        0.0000     -173.9120   824857     --- 
   4436    10     -171.5914   760        0.0000     -173.9120   824513     --- 
   4456    32     -170.6866   791        0.0000     -173.9120   840339     --- 
   4491    47     -170.8629   771        0.0000     -171.7218   849653     --- 
   4559   111     -161.9606   737        0.0000     -171.7218   871168     --- 
Elapsed time = 263.69 sec. (219526.41 ticks, tree = 0.14 MB, solutions = 21)
   4700   197     -162.6263   747        0.0000     -171.7218   892793     --- 
   4910   248     -167.0501   794        0.0000     -171.7218   906975     --- 
   5185   608     -154.3021   716        0.0000     -171.7218   981314     --- 
   5488   772     -163.9556   735        0.0000     -171.7218  1007617     --- 
   5846  1013     -163.2542   765        0.0000     -171.7218  1054943     --- 
   6067  1476     -151.0179   691        0.0000     -171.7218  1131561     --- 
   6390  1713     -158.6616   716        0.0000     -171.7218  1161725     --- 
   6893  1908     -156.8216   707        0.0000     -171.7218  1191082     --- 
   7403  2696     -141.0527   649        0.0000     -171.7218  1302475     --- 
   7801  2934     -144.7496   672        0.0000     -171.7218  1343820     --- 
Elapsed time = 275.90 sec. (229089.66 ticks, tree = 6.68 MB, solutions = 21)
   8035  3241     -143.8788   663        0.0000     -171.7218  1389130     --- 
   8477  3661     -111.6237   529        0.0000     -171.7218  1463258     --- 
   9086  4170      -65.8820   461        0.0000     -171.7218  1548012     --- 
   9440  4385     -101.4228   524        0.0000     -171.7218  1596849     --- 
   9605  4699     -132.7912   571        0.0000     -171.7218  1649694     --- 
   9941  5060      -77.7920   510        0.0000     -171.7218  1710415     --- 
  10076  5282      -59.1306   455        0.0000     -171.7218  1737335     --- 
  10176  5475     -108.3247   563        0.0000     -171.7218  1806904     --- 
  10289  5638      -50.4943   317        0.0000     -171.7218  1887128     --- 
  10416  5667      -31.8484   353        0.0000     -171.7218  1907822     --- 
Elapsed time = 287.66 sec. (238696.30 ticks, tree = 13.74 MB, solutions = 21)
  10555  5869      -40.4557   287        0.0000     -171.7218  1983288     --- 
  10757  6032      -38.1081   241        0.0000     -171.7218  2037267     --- 
  10973  6104      -16.8894   279        0.0000     -171.7218  2065063     --- 
  11152  6259      -18.7284   271        0.0000     -171.7218  2120768     --- 
  11358  6506      -14.5561   287        0.0000     -171.7218  2181026     --- 
  11566  6622      -57.2520   426        0.0000     -171.7218  2246076     --- 
  11611  6745      -47.3711   461        0.0000     -171.7218  2282397     --- 
  11644  6769      -56.7879   368        0.0000     -171.7218  2308950     --- 
  11689  6829      -55.6322   377        0.0000     -171.7133  2359439     --- 
  11753  6881      -55.1349   351        0.0000     -171.7133  2411716     --- 
Elapsed time = 299.83 sec. (248318.50 ticks, tree = 17.09 MB, solutions = 21)
  11809  7028      -55.0098   369        0.0000     -171.7133  2471202     --- 
  11864  6994     -164.4856   901        0.0000     -171.7133  2468262     --- 
  11928  7038     -158.7685   904        0.0000     -171.7133  2496500     --- 
  12013  7177      -30.8097   317        0.0000     -171.7133  2580430     --- 
  12180  7255      -44.3674   312        0.0000     -170.9200  2608431     --- 
  12393  7422      -25.3434   239        0.0000     -170.9200  2695429     --- 
  12575  7666      -20.3363   238        0.0000     -170.9200  2778089     --- 
  12674  7717     -161.8605   892        0.0000     -170.9200  2823132     --- 
  12699  7736     -139.7780   854        0.0000     -170.9200  2850691     --- 
  12730  7816     -158.2992   921        0.0000     -170.9200  2891927     --- 
Elapsed time = 311.93 sec. (257970.17 ticks, tree = 19.68 MB, solutions = 21)
  12761  7860     -143.8327   786        0.0000     -170.9200  2948842     --- 
  12800  7827     -154.8425   824        0.0000     -170.9200  2911322     --- 
  12836  7900      -95.2763   609        0.0000     -170.9200  3003103     --- 
  12879  7970     -103.1614   636        0.0000     -170.9200  3108295     --- 
  12912  7928     -127.0731   774        0.0000     -170.9200  3064647     --- 
  12949  7979     -142.7497   799        0.0000     -170.9200  3127173     --- 
  12991  8016     -121.7270   744        0.0000     -170.9200  3178502     --- 
  13023  8101      -99.3935   532        0.0000     -170.9200  3292112     --- 
  13072  8119     -139.6276   713        0.0000     -170.9200  3327100     --- 
  13129  8193     -144.6219   893        0.0000     -170.9200  3422607     --- 
Elapsed time = 323.98 sec. (267731.64 ticks, tree = 20.69 MB, solutions = 21)
  13185  8179     -111.4710   714        0.0000     -170.9200  3388598     --- 
  13238  8279    infeasible              0.0000     -170.9200  3494125     --- 
  13296  8286     -135.4028   704        0.0000     -170.9200  3504495     --- 
  13364  8310     -120.8443   742        0.0000     -170.9200  3541905     --- 
  13447  8401     -102.4153   700        0.0000     -170.9200  3613137     --- 
  13514  8468      -41.5390   468        0.0000     -170.9200  3662280     --- 
  13605  8548     -112.7115   568        0.0000     -170.9200  3725861     --- 
  13668  8646     -111.4762   760        0.0000     -170.9200  3791612     --- 
  13765  8571     -145.7896   844        0.0000     -170.9200  3761421     --- 
  13828  8818     -149.6264   703        0.0000     -170.9200  3944917     --- 
Elapsed time = 336.14 sec. (277467.08 ticks, tree = 22.69 MB, solutions = 21)
  13897  8891      -79.2974   581        0.0000     -170.9200  4015156     --- 
  13978  8963      -23.0545   385        0.0000     -170.9200  4067392     --- 
  14079  8968      -11.4113   388        0.0000     -170.9200  4060771     --- 
  14232  9041      -67.9937   553        0.0000     -170.9200  4149365     --- 
  14436  9300      -79.5933   506        0.0000     -170.9200  4310728     --- 
  14617  9259      -52.8476   540        0.0000     -170.9200  4295972     --- 
  14762  9351      -52.4391   419        0.0000     -170.9200  4335303     --- 
  14917  9635      -58.9208   440        0.0000     -170.9200  4484448     --- 
  15077  9578      -31.4016   399        0.0000     -170.9200  4453382     --- 
  15191 10054      -20.3304   322        0.0000     -170.9200  4636623     --- 
Elapsed time = 348.41 sec. (287095.34 ticks, tree = 27.50 MB, solutions = 21)
  15275 10078       -7.9117   309        0.0000     -170.9200  4641599     --- 
  15355  9964      -20.7712   438        0.0000     -170.9200  4623537     --- 
  15453 10318      -94.3645   587        0.0000     -170.9200  4743437     --- 
  15524 10246      -75.2607   506        0.0000     -170.8924  4693766     --- 
  15624 10406      -44.5354   341        0.0000     -170.8924  4760354     --- 
  15726 10439      -63.7102   425        0.0000     -170.8924  4777155     --- 
  15836 10473      -94.4470   659        0.0000     -170.8924  4832473     --- 
  15921 10682      -28.6860   321        0.0000     -170.8924  4904053     --- 
  15991 10718      -77.6774   489        0.0000     -170.8924  4952619     --- 
  16387 10984     -116.9758   677        0.0000     -170.8924  5111652     --- 
Elapsed time = 363.89 sec. (299653.59 ticks, tree = 33.01 MB, solutions = 21)
  16545 11358      -44.1727   468        0.0000     -170.8924  5297751     --- 
  16747 11495      -74.1082   462        0.0000     -170.8924  5481759     --- 
  16927 11785      -25.9332   431        0.0000     -170.8924  5764485     --- 
  17084 11843     -103.2731   607        0.0000     -170.8924  5873716     --- 
  17156 12006      -45.0943   505        0.0000     -170.8924  6111664     --- 
  17236 12080      -30.9129   408        0.0000     -170.8924  6263577     --- 
  17378 12194       -3.9412   247        0.0000     -170.8924  6390412     --- 
  17494 12232      -27.0070   431        0.0000     -170.8924  6517174     --- 
  17603 12355     -151.9305  1025        0.0000     -170.8924  6721995     --- 
  17706 12505      -40.5873   490        0.0000     -170.8002  6932875     --- 
Elapsed time = 412.13 sec. (338173.63 ticks, tree = 37.93 MB, solutions = 21)
  17775 12489     -151.8370   925        0.0000     -170.8002  6897812     --- 
  17811 12603     -168.6468  1089        0.0000     -170.8002  7141220     --- 
  17841 12653      -58.4053   561        0.0000     -170.7933  7367086     --- 
  17877 12606     -168.4492  1058        0.0000     -170.7933  7157880     --- 
  17909 12695     -147.3873   935        0.0000     -170.7933  7569318     --- 
  17944 12720     -139.3656   889        0.0000     -170.7933  7732227     --- 
  17983 12777     -139.1945   871        0.0000     -170.7933  7966075     --- 
  18037 12802     -158.8905   880        0.0000     -170.7933  8090688     --- 
  18079 12837     -141.2900   972        0.0000     -170.7933  8221679     --- 
  18111 12888     -146.3952  1054        0.0000     -170.6432  8401827     --- 
Elapsed time = 462.03 sec. (377230.01 ticks, tree = 38.95 MB, solutions = 21)
  18143 12919     -137.5968   921        0.0000     -170.6432  8555823     --- 
  18178 12957     -149.3466  1021        0.0000     -170.6432  8765634     --- 
  18207 12972     -137.5968   922        0.0000     -170.6432  8858503     --- 
  18241 12985     -133.8506   798        0.0000     -170.6432  8902074     --- 
  18273 13028     -140.0899   899        0.0000     -170.6432  9136083     --- 
  18310 13082     -135.4806   879        0.0000     -170.6432  9447009     --- 
  18345 13114     -137.4163   874        0.0000     -170.6432  9609619     --- 
  18385 13104     -145.8227   991        0.0000     -170.6432  9548681     --- 
  18425 13189     -129.3604   859        0.0000     -170.6432  9965129     --- 
  18469 13245     -147.5906   954        0.0000     -170.6432 10222861     --- 
Elapsed time = 513.51 sec. (416681.27 ticks, tree = 39.92 MB, solutions = 21)
  18513 13249     -154.0071   963        0.0000     -170.6432 10247002     --- 
  18550 13279     -133.8656   898        0.0000     -170.6432 10385733     --- 
  18586 13339     -141.2191   864        0.0000     -170.6432 10652426     --- 
  18619 13360     -128.3538   911        0.0000     -170.6432 10762795     --- 
  18652 13419     -127.4916   930        0.0000     -170.6432 11043218     --- 
  18692 13414     -143.9081   906        0.0000     -170.6432 11033974     --- 
  18725 13451     -150.7024   900        0.0000     -170.6432 11178994     --- 
  18757 13514     -151.1150  1019        0.0000     -170.6432 11501748     --- 
  18805 13542     -116.4960   824        0.0000     -170.6432 11616625     --- 
  18846 13599     -116.1518   809        0.0000     -170.6432 11912138     --- 
Elapsed time = 560.52 sec. (455714.00 ticks, tree = 40.92 MB, solutions = 21)
  18893 13628     -140.8233   870        0.0000     -170.6432 12029806     --- 
  18931 13633     -162.7272  1059        0.0000     -170.6432 12054338     --- 
  18973 13715      -96.5079   729        0.0000     -170.6432 12345072     --- 
  19011 13732     -131.9722   893        0.0000     -170.6432 12442256     --- 
  19043 13729     -144.9360   907        0.0000     -170.6432 12432006     --- 
  19083 13837     -112.3545   838        0.0000     -170.6432 12929223     --- 
  19115 13822     -142.8271   905        0.0000     -170.6432 12835286     --- 
  19143 13909     -112.0425   793        0.0000     -170.6432 13295381     --- 
  19174 13890     -130.9240   950        0.0000     -170.6432 13166380     --- 
  19201 13839     -168.5767  1125        0.0000     -170.5517 12946396     --- 
Elapsed time = 610.76 sec. (495626.89 ticks, tree = 41.58 MB, solutions = 21)
  19230 14000     -116.4738   806        0.0000     -170.5493 13769164     --- 
  19260 13984     -109.5533   842        0.0000     -170.5493 13677445     --- 
  19294 14043     -168.5751  1109        0.0000     -170.5493 14013527     --- 
  19324 14061     -148.4955   949        0.0000     -170.5493 14126699     --- 
  19353 14081     -105.2482   806        0.0000     -170.5493 14222177     --- 
  19386 14134     -150.6516   926        0.0000     -170.5493 14546878     --- 
  19418 14131     -147.4603   967        0.0000     -170.4467 14534239     --- 
  19456 14181     -138.8604   802        0.0000     -170.4467 14739369     --- 
  19491 14229      -99.4382   739        0.0000     -170.4467 15000390     --- 
  19524 14224      -98.7435   743        0.0000     -170.4467 14984514     --- 
Elapsed time = 660.45 sec. (534719.13 ticks, tree = 42.63 MB, solutions = 21)
  19563 14304     -148.2730   850        0.0000     -170.4467 15403627     --- 
  19609 14282     -143.2840   906        0.0000     -170.4467 15275616     --- 
  19651 14348     -153.3334   957        0.0000     -170.4467 15611681     --- 
  19688 14390     -142.5954   812        0.0000     -170.4467 15853985     --- 
  19746 14393     -144.0073   953        0.0000     -170.4467 15865136     --- 
  19788 14430     -154.5117   977        0.0000     -170.4467 15986429     --- 
  19823 14509     -137.8691   844        0.0000     -170.4467 16372440     --- 
  19871 14511     -136.8700   920        0.0000     -170.4467 16384048     --- 
  19926 14661      -89.2933   570        0.0000     -170.4467 16951645     --- 
  20002 14663     -106.7368   646        0.0000     -170.4467 16992547     --- 
Elapsed time = 711.78 sec. (573794.05 ticks, tree = 43.80 MB, solutions = 21)
  20060 14608     -128.9710   918        0.0000     -170.4467 16779390     --- 
  20109 14731     -120.3313   690        0.0000     -170.4467 17284003     --- 
  20158 14773      -81.3759   731        0.0000     -170.4467 17435654     --- 
  20205 14916     -111.8783   745        0.0000     -170.4467 17874742     --- 
  20261 14966      -84.5023   634        0.0000     -170.4467 18033714     --- 
  20309 14957      -69.9713   695        0.0000     -170.4467 18022064     --- 
  20364 14994     -128.5223   733        0.0000     -170.4467 18195049     --- 
  20415 15083     -110.6832   767        0.0000     -170.3307 18575610     --- 
  20467 15024     -151.3655   940        0.0000     -170.3307 18350938     --- 
  20523 15142     -119.8512   846        0.0000     -170.3307 18813537     --- 
Elapsed time = 762.58 sec. (612473.29 ticks, tree = 45.16 MB, solutions = 21)
  20580 15198     -118.5866   873        0.0000     -170.3307 19034292     --- 
  20638 15233      -91.7493   684        0.0000     -170.3307 19159055     --- 
  20693 15266      -54.4800   515        0.0000     -170.3307 19214809     --- 
  20740 15406     -145.3705   837        0.0000     -170.3307 19773171     --- 
  20792 15360     -116.3667   865        0.0000     -170.3307 19646794     --- 
  20861 15418      -39.2879   498        0.0000     -170.3307 19750948     --- 
  20917 15523      -44.8760   520        0.0000     -170.3307 20171681     --- 
  20991 15557     -110.1581   780        0.0000     -170.2555 20356522     --- 
  21056 15724      -97.9103   760        0.0000     -170.2555 20772349     --- 
  21120 15739     -103.3615   784        0.0000     -170.2555 20819548     --- 
Elapsed time = 812.52 sec. (651070.96 ticks, tree = 46.82 MB, solutions = 21)
  21178 15773     -136.2790   870        0.0000     -170.2555 20943229     --- 
  21240 15860     -145.4215   863        0.0000     -170.2555 21192388     --- 
  21291 15830      -37.7635   508        0.0000     -170.2555 21065772     --- 
  21354 16005      -35.7405   498        0.0000     -170.2555 21714592     --- 
  21418 15959     -126.0381   734        0.0000     -170.2555 21635760     --- 
  21469 16016     -153.7347   927        0.0000     -170.2555 21814580     --- 
  21522 16101     -165.5319   959        0.0000     -170.2555 22142000     --- 
  21579 16138     -104.2731   735        0.0000     -170.2555 22289746     --- 
  21632 16171     -135.7209   897        0.0000     -170.2555 22356190     --- 
  21680 16327     -119.7663   788        0.0000     -170.2555 22823035     --- 
Elapsed time = 865.20 sec. (690692.14 ticks, tree = 48.51 MB, solutions = 21)
  21713 16223     -150.1732   861        0.0000     -170.2555 22471292     --- 
  21761 16381      -84.5587   661        0.0000     -170.2555 23069718     --- 
  21808 16410      -41.8636   453        0.0000     -170.2555 23170264     --- 
  21853 16390     -125.0526   877        0.0000     -170.2555 23134949     --- 
  21904 16501      -84.7802   720        0.0000     -170.2555 23450805     --- 
  21953 16506      -84.7802   719        0.0000     -170.2555 23465618     --- 

Clique cuts applied:  308
Cover cuts applied:  820
Implied bound cuts applied:  11
Flow cuts applied:  95
Mixed integer rounding cuts applied:  1077
Zero-half cuts applied:  436
Lift and project cuts applied:  19
Gomory fractional cuts applied:  17

Root node processing (before b&c):
  Real time             =   48.85 sec. (39790.63 ticks)
Parallel b&c, 16 threads:
  Real time             =  851.18 sec. (679739.96 ticks)
  Sync time (average)   =   69.15 sec.
  Wait time (average)   =    0.04 sec.
                          ------------
Total (root+branch&cut) =  900.03 sec. (719530.59 ticks)

Solution pool: 21 solutions saved.

MIP - Time limit exceeded, integer feasible:  Objective =  0.0000000000e+00
Current MIP best bound = -1.7025552781e+02 (gap = 170.256, 1.7e+14%)
Solution time =  900.03 sec.  Iterations = 24374771  Nodes = 21991 (16719)
Deterministic time = 719530.61 ticks  (799.45 ticks/sec)

CPLEX> Incumbent solution written to file '/localscratch/arosati/70372665/tmp22ljoo78.cplex.sol'.
CPLEX> 
