Solver command line: ['/opt/sw/arch/easybuild/2018b/software/CPLEX/12.9-GCCcore-8.2.0/cplex/bin/x86-64_linux/cplex']


Welcome to IBM(R) ILOG(R) CPLEX(R) Interactive Optimizer 12.9.0.0
  with Simplex, Mixed Integer & Barrier Optimizers
5725-A06 5725-A29 5724-Y48 5724-Y49 5724-Y54 5724-Y55 5655-Y21
Copyright IBM Corp. 1988, 2019.  All Rights Reserved.

Type 'help' for a list of available commands.
Type 'help' followed by a command name for more
information on commands.

CPLEX> Logfile 'cplex.log' closed.
Logfile 'obj_5_5.log' open.
CPLEX> New value for default parallel thread count: 16
CPLEX> New value for time limit in seconds: 900
CPLEX> New value for mixed integer optimality gap tolerance: 0.05
CPLEX> Problem '/localscratch/arosati/70372665/tmpxm_xzypw.pyomo.lp' read.
Read time = 0.02 sec. (0.98 ticks)
CPLEX> MIP start file '/localscratch/arosati/70372665/tmpeqq274et.cplex.mst' read.
CPLEX> Problem name         : /localscratch/arosati/70372665/tmpxm_xzypw.pyomo.lp
Objective sense      : Maximize
Variables            :    6825  [Nneg: 1,  General Integer: 6824]
Objective nonzeros   :    6300
Linear constraints   :    2388  [Less: 1971,  Equal: 417]
  Nonzeros           :   52201
  RHS nonzeros       :    1124

Variables            : Min LB: 0.000000         Max UB: 15.00000       
Objective nonzeros   : Min   : 0.04082200       Max   : 2.708050       
Linear constraints   :
  Nonzeros           : Min   : 1.000000         Max   : 225.0000       
  RHS nonzeros       : Min   : 1.000000         Max   : 101.0000       
CPLEX> CPXPARAM_Threads                                 16
CPXPARAM_TimeLimit                               900
CPXPARAM_MIP_Tolerances_MIPGap                   0.050000000000000003
1 of 1 MIP starts provided solutions.
MIP start 'm1' defined initial solution with objective 149.0850.
Tried aggregator 1 time.
MIP Presolve eliminated 663 rows and 433 columns.
MIP Presolve modified 6700 coefficients.
Reduced MIP has 1721 rows, 6392 columns, and 34518 nonzeros.
Reduced MIP has 6336 binaries, 56 generals, 0 SOSs, and 0 indicators.
Presolve time = 0.03 sec. (30.46 ticks)
Probing time = 0.03 sec. (4.83 ticks)
Tried aggregator 1 time.
Reduced MIP has 1721 rows, 6392 columns, and 34518 nonzeros.
Reduced MIP has 6336 binaries, 56 generals, 0 SOSs, and 0 indicators.
Presolve time = 0.03 sec. (25.06 ticks)
Probing time = 0.02 sec. (4.74 ticks)
Clique table members: 14997.
MIP emphasis: balance optimality and feasibility.
MIP search method: dynamic search.
Parallel mode: deterministic, using up to 16 threads.
Root relaxation solution time = 0.14 sec. (120.08 ticks)

        Nodes                                         Cuts/
   Node  Left     Objective  IInf  Best Integer    Best Bound    ItCnt     Gap

*     0+    0                          149.0850     7952.1420              --- 
      0     0      164.4736   533      149.0850      164.4736     1635   10.32%
*     0+    0                          150.9300      164.4736             8.97%
      0     0      164.4736   631      150.9300     Cuts: 210     3290    8.97%
      0     0      164.4736   632      150.9300     Cuts: 201     4962    8.97%
*     0+    0                          152.5518      164.4736             7.81%
      0     2      164.4736   414      152.5518      164.4736     4962    7.81%
Elapsed time = 3.82 sec. (2754.56 ticks, tree = 0.02 MB, solutions = 3)
     17    10      164.4736   512      152.5518      164.4736     6867    7.81%
     88    58      164.4736   493      152.5518      164.4736    17646    7.81%
    375   228      164.4736   363      152.5518      164.4736    45343    7.81%
    764   587      164.4736   469      152.5518      164.4736    88367    7.81%
   1364  1055      164.4736   361      152.5518      164.4736   138428    7.81%
   1864  1346      164.4736   255      152.5518      164.4736   172200    7.81%
   2158  1623    infeasible            152.5518      164.4736   212823    7.81%
   2668  1852      164.4736   146      152.5518      164.4736   269418    7.81%
   3174  2073    infeasible            152.5518      164.4736   320642    7.81%
   4395  2757      164.4736   248      152.5518      164.4736   483811    7.81%
Elapsed time = 18.29 sec. (14332.02 ticks, tree = 8.31 MB, solutions = 3)
   4399  1378      164.4736   248      152.5518      164.4736   483860    7.81%
*  4409+  465                          154.5792      164.4736             6.40%
   4409   465      164.4736   369      154.5792      164.4736   487123    6.40%
   4443    13      164.4736   343      154.5792      164.4736   488049    6.40%
   4563   121      164.4736   381      154.5792      164.4736   502736    6.40%
   4883   316      164.4736   415      154.5792      164.4736   526973    6.40%
   5800   832      164.4736   305      154.5792      164.4736   586052    6.40%
   7261  1915      164.4736   340      154.5792      164.4736   724309    6.40%
   8437  2445    infeasible            154.5792      164.4736   889594    6.40%
   8926  2651      164.4736   305      154.5792      164.4736  1014649    6.40%
   9082  2645      164.4736   248      154.5792      164.4736  1146378    6.40%
Elapsed time = 31.09 sec. (24556.11 ticks, tree = 6.30 MB, solutions = 4)
   9232  2632      164.4736   200      154.5792      164.4736  1244496    6.40%
   9496  2766      164.4736   207      154.5792      164.4736  1320458    6.40%
  10338  3033      164.3200   174      154.5792      164.4736  1391285    6.40%
  11763  3741      164.4736   190      154.5792      164.4736  1476520    6.40%
  13170  5003      162.9547   167      154.5792      164.4736  1620705    6.40%
  14276  5705      163.2268   174      154.5792      164.4736  1765208    6.40%
  15157  5998    infeasible            154.5792      164.4736  1851613    6.40%
  16092  6646      162.3913   215      154.5792      164.4736  2015989    6.40%
  16710  7169      162.7746   174      154.5792      164.4736  2151191    6.40%
  17184  7189      164.4736   242      154.5792      164.4736  2188567    6.40%
Elapsed time = 45.06 sec. (34112.17 ticks, tree = 19.97 MB, solutions = 4)
  17760  7646      163.6443   216      154.5792      164.4736  2409238    6.40%
  18309  7967      164.2560   184      154.5792      164.4736  2543096    6.40%
  18805  8193    infeasible            154.5792      164.4736  2640810    6.40%
  19227  8455      164.4464   263      154.5792      164.4736  2775528    6.40%
  19858  8840      163.6779   195      154.5792      164.4736  2944864    6.40%
  20314  9147      164.4736   266      154.5792      164.4736  3071192    6.40%
  20777  9304    infeasible            154.5792      164.4736  3159244    6.40%
  21352  9615      164.4736   203      154.5792      164.4736  3335271    6.40%
  21859  9865    infeasible            154.5792      164.4736  3424277    6.40%
  22195 10143      164.4736   244      154.5792      164.4736  3561678    6.40%
Elapsed time = 58.62 sec. (43693.47 ticks, tree = 29.10 MB, solutions = 4)
  22575 10268    infeasible            154.5792      164.4736  3697301    6.40%
  23115 10556    infeasible            154.5792      164.4736  3795489    6.40%
  23472 10825    infeasible            154.5792      164.4736  3950503    6.40%
  23924 10951      162.3845   197      154.5792      164.4736  4041360    6.40%
  24294 11163      164.0260   256      154.5792      164.4736  4161607    6.40%
  24623 11484      164.1395   209      154.5792      164.4736  4378161    6.40%
  24849 11519    infeasible            154.5792      164.4736  4444274    6.40%
  25102 11688      163.0882   177      154.5792      164.4736  4614344    6.40%
  25511 11765      163.7673   230      154.5792      164.4736  4694859    6.40%
  25979 11929      163.2164   164      154.5792      164.4736  4856533    6.40%
Elapsed time = 71.30 sec. (53255.87 ticks, tree = 34.49 MB, solutions = 4)
  26530 12311      163.0550   219      154.5792      164.4736  5076753    6.40%
  26755 12515      164.4736   276      154.5792      164.4736  5222007    6.40%
  27009 12632      164.4736   227      154.5792      164.4736  5332972    6.40%
* 27029+12315                          154.9438      164.4736             6.15%
  27223 12694      163.6162   225      154.9438      164.4736  5410117    6.15%
  27545 12778      164.4736   218      154.9438      164.4736  5438995    6.15%
  27968 13054      164.3705   226      154.9438      164.4736  5606102    6.15%
  28533 13375      162.2388   247      154.9438      164.4736  5750584    6.15%
  28945 13620    infeasible            154.9438      164.4736  5877374    6.15%
  29386 13735      162.8158   207      154.9438      164.4736  5939737    6.15%
  29745 13957      161.4857   192      154.9438      164.4736  6085121    6.15%
Elapsed time = 83.84 sec. (62827.07 ticks, tree = 40.62 MB, solutions = 5)
  30303 14108      163.7339   206      154.9438      164.4736  6159699    6.15%
  30662 14621    infeasible            154.9438      164.4736  6452006    6.15%
  31045 14705      163.1780   184      154.9438      164.4736  6523755    6.15%
  31457 15003      163.2100   182      154.9438      164.4736  6708223    6.15%
  32004 15158      164.0564   211      154.9438      164.4736  6785996    6.15%
  32555 15484      164.3946   194      154.9438      164.4736  6998872    6.15%
  32991 15615      164.4736   354      154.9438      164.4736  7037755    6.15%
  33366 16032      164.4736   220      154.9438      164.4736  7290604    6.15%
  33663 16200      164.4736   200      154.9438      164.4736  7421092    6.15%
  34014 16313      160.4190   134      154.9438      164.4736  7446929    6.15%
Elapsed time = 96.25 sec. (72386.94 ticks, tree = 47.78 MB, solutions = 5)
  34545 16741      160.1331   201      154.9438      164.4736  7534664    6.15%
  35214 17076      164.4736   214      154.9438      164.4736  7596536    6.15%
  36146 17670      159.8280   170      154.9438      164.4736  7669938    6.15%
  36883 18289      159.0967   151      154.9438      164.4736  7749763    6.15%
  37494 18903      164.1442   229      154.9438      164.4736  7866983    6.15%
  37939 19179      162.7340   256      154.9438      164.4736  7921838    6.15%
  38273 19711      158.1889   157      154.9438      164.4736  8046799    6.15%
  38611 19919      162.5209   199      154.9438      164.4736  8119316    6.15%
  38999 20164      160.7188   184      154.9438      164.4736  8203465    6.15%
  39585 20184      160.9024   201      154.9438      164.4736  8213118    6.15%
Elapsed time = 108.15 sec. (81937.15 ticks, tree = 60.70 MB, solutions = 5)
* 39703+20485                          155.1261      164.4736             6.03%
  39937 20598      161.7253   231      155.1261      164.4736  8324405    6.03%
  40465 21171      163.4684   187      155.1261      164.4736  8435106    6.03%
  40843 21511      159.0541   132      155.1261      164.4736  8562557    6.03%
* 41064+21336                          155.3901      164.4736             5.85%
  41364 21637      160.7798   160      155.3901      164.4736  8611806    5.85%
  41883 22212      159.6080   185      155.3901      164.4736  8791904    5.85%
  42365 22317      161.2299   209      155.3901      164.4736  8835481    5.85%
  42961 22660      158.9708   225      155.3901      164.4736  8918565    5.85%
  43487 23193      157.9653   198      155.3901      164.4736  9076736    5.85%
  43849 23428      162.4784   190      155.3901      164.4736  9136496    5.85%
  44320 24185      160.0135   173      155.3901      164.4736  9317806    5.85%
Elapsed time = 120.51 sec. (91494.46 ticks, tree = 73.69 MB, solutions = 7)
  44966 23867      161.1361   161      155.3901      164.4736  9263861    5.85%
  45405 24764      164.4642   209      155.3901      164.4736  9495461    5.85%
  45928 25517      163.6627   186      155.3901      164.4736  9789863    5.85%
* 46199+25051                          155.9371      164.4736             5.47%
  46414 25405    infeasible            155.9371      164.4736  9745735    5.47%
  46723 26054    infeasible            155.9371      164.4736  9956906    5.47%
  47264 26123      162.4463   192      155.9371      164.4736  9989337    5.47%
  47880 26671      159.7316   180      155.9371      164.4736 10191788    5.47%
  48323 26564      160.8244   224      155.9371      164.4736 10182616    5.47%
  49036 27530      164.3678   220      155.9371      164.4736 10521680    5.47%
  51426 29313      159.9386   141      155.9371      164.4736 11178065    5.47%
Elapsed time = 137.32 sec. (103917.14 ticks, tree = 90.45 MB, solutions = 13)
  52791 30201      160.8207   180      155.9371      164.4736 11463816    5.47%
  54142 31279      163.3473   188      155.9371      164.4736 11967877    5.47%
  55475 32005    infeasible            155.9371      164.4736 12418009    5.47%
  56675 32754        cutoff            155.9371      164.4736 12955684    5.47%
  57655 33870      164.2769   218      155.9371      164.4736 13459616    5.47%
  58579 34423    infeasible            155.9371      164.4736 13922289    5.47%
  59608 35023      164.4381   299      155.9371      164.4736 14407533    5.47%
  60665 35824    infeasible            155.9371      164.4736 14949694    5.47%
  61544 36266      164.1652   325      155.9371      164.4736 15346354    5.47%
  62297 36893      164.4736   211      155.9371      164.4736 15862240    5.47%
Elapsed time = 188.93 sec. (142134.66 ticks, tree = 117.10 MB, solutions = 13)
  62930 37377      163.8932   279      155.9371      164.4736 16243455    5.47%
  63709 37763      164.1474   207      155.9371      164.4736 16709020    5.47%
  64612 38002      162.9980   231      155.9371      164.4736 17031416    5.47%
  65689 38484      164.1859   200      155.9371      164.4736 17561073    5.47%
  66377 39192    infeasible            155.9371      164.4736 18158452    5.47%
  67292 39524      163.7929   196      155.9371      164.4736 18366149    5.47%
  67969 39987      164.4158   210      155.9371      164.4736 18898494    5.47%
  68812 40571      161.9607   322      155.9371      164.4736 19380778    5.47%
  69611 40676      164.4693   266      155.9371      164.4736 19476838    5.47%
  70350 41218      164.4649   218      155.9371      164.4736 19897024    5.47%
Elapsed time = 240.93 sec. (180317.34 ticks, tree = 130.85 MB, solutions = 13)
  71168 41757      160.4190   239      155.9371      164.4736 20237590    5.47%
  72387 42612      163.7624   263      155.9371      164.4736 20950330    5.47%
  73633 43622      164.2468   262      155.9371      164.4736 21373613    5.47%
  75225 44372        cutoff            155.9371      164.4736 21538134    5.47%
  76179 44567      164.0905   279      155.9371      164.4736 21644124    5.47%
  77515 45908        cutoff            155.9371      164.4736 22019595    5.47%
  78684 47472      164.4736   221      155.9371      164.4736 22649185    5.47%
  79941 48181      160.1948   163      155.9371      164.4736 22888722    5.47%
  81255 48772        cutoff            155.9371      164.4736 23032240    5.47%
  82721 49191      164.4736   265      155.9371      164.4736 23179173    5.47%
Elapsed time = 290.09 sec. (218523.09 ticks, tree = 237.94 MB, solutions = 13)
  84190 50630      164.3258   226      155.9371      164.4736 23574174    5.47%
  85371 51691        cutoff            155.9371      164.4736 24026000    5.47%
  86466 52145      163.7295   254      155.9371      164.4736 24179589    5.47%
  88294 52880      162.3198   156      155.9371      164.4736 24365602    5.47%
  90463 54908      162.9468   212      155.9371      164.4736 24855685    5.47%
  91927 56413      163.1347   176      155.9371      164.4736 25177182    5.47%
  92807 57217      163.8886   173      155.9371      164.4736 25435630    5.47%
  93842 58215      164.4736   244      155.9371      164.4736 25909338    5.47%
  94819 58299      162.1858   195      155.9371      164.4736 25954960    5.47%
  95796 58999      160.4527   167      155.9371      164.4736 26303165    5.47%
Elapsed time = 340.89 sec. (256693.36 ticks, tree = 487.78 MB, solutions = 13)
  96535 59835      164.2683   200      155.9371      164.4736 26605335    5.47%
  97655 60000      164.0784   242      155.9371      164.4736 26679008    5.47%
  98501 60523      162.4707   220      155.9371      164.4736 27046662    5.47%
  99289 61672      164.1299   261      155.9371      164.4736 27677177    5.47%
 100092 62092      163.1796   187      155.9371      164.4736 28034758    5.47%
 100864 62506      163.0303   184      155.9371      164.4736 28396167    5.47%
 101483 62677        cutoff            155.9371      164.4736 28641688    5.47%
 102378 62862      164.4006   273      155.9371      164.4736 28779318    5.47%
 103481 64291      160.7836   173      155.9371      164.4736 29434357    5.47%
 105023 64153      161.7073   237      155.9371      164.4736 29372776    5.47%
Elapsed time = 390.16 sec. (294875.93 ticks, tree = 606.69 MB, solutions = 13)
 106749 65514      160.7836   121      155.9371      164.4736 30092753    5.47%
 108416 66080      164.4736   218      155.9371      164.4736 30303986    5.47%
 109534 67847      161.5542   242      155.9371      164.4736 30871919    5.47%
 110954 69083      160.1958   155      155.9371      164.4736 31172051    5.47%
 112196 70108      164.2170   226      155.9371      164.4736 31485622    5.47%
 113287 70865      161.7966   138      155.9371      164.4736 31779365    5.47%
 114742 71754      162.6295   177      155.9371      164.4736 32069354    5.47%
 116770 71819      164.1440   215      155.9371      164.4736 32092323    5.47%
 118362 74155      161.3546   171      155.9371      164.4736 32677988    5.47%
 119598 74506      163.9082   199      155.9371      164.4736 32786619    5.47%
Elapsed time = 440.59 sec. (333049.71 ticks, tree = 871.97 MB, solutions = 13)
 120817 76306      162.8362   244      155.9371      164.4736 33263977    5.47%
 122204 77467      163.8295   259      155.9371      164.4736 33614681    5.47%
 123537 78098      160.7836   152      155.9371      164.4736 33812820    5.47%
 125007 79281      162.6422   258      155.9371      164.4736 34192201    5.47%
 126032 79851      164.1896   231      155.9371      164.4736 34375219    5.47%
 127168 80542      164.2895   258      155.9371      164.4736 34623918    5.47%
 128276 81125      164.3972   202      155.9371      164.4736 34917581    5.47%
 129229 82154      162.5266   255      155.9371      164.4736 35281378    5.47%
 130171 83329      163.6483   247      155.9371      164.4736 35721571    5.47%
 131030 83988        cutoff            155.9371      164.4736 36048341    5.47%
Elapsed time = 493.22 sec. (371226.29 ticks, tree = 1117.11 MB, solutions = 13)
 132089 84492      164.3654   172      155.9371      164.4736 36308785    5.47%
 133062 85197      161.6354   178      155.9371      164.4736 36614109    5.47%
 134355 86004      161.7764   167      155.9371      164.4736 36958606    5.47%
 135486 86661      163.0341   140      155.9371      164.4736 37044132    5.47%
 137102 88080      164.4736   250      155.9371      164.4736 37533204    5.47%
 139874 88156        cutoff            155.9371      164.4736 37516280    5.47%
 143323 92019      162.4463   160      155.9371      164.4736 38065482    5.47%
 147983 91652      163.7613   157      155.9371      164.4736 38033459    5.47%
 152940 97076      161.0067   141      155.9371      164.4736 38537232    5.47%
 157307 99141      161.8808   166      155.9371      164.4736 38685567    5.47%
Elapsed time = 541.44 sec. (409396.03 ticks, tree = 1533.82 MB, solutions = 13)
 161314 104325      161.4813   175      155.9371      164.4736 39130164    5.47%
 163727 107508      163.7873   211      155.9371      164.4736 39339396    5.47%
 166677 110790      160.0265   121      155.9371      164.4736 39618604    5.47%
 168481 113620      161.8901   129      155.9371      164.4736 39882769    5.47%
 170496 115458      159.5484   154      155.9371      164.4736 40127405    5.47%
 172164 115856      164.4736   385      155.9371      164.4736 40251997    5.47%
 173730 118851    infeasible            155.9371      164.4736 40911755    5.47%
 174444 120251      164.4586   242      155.9371      164.4736 41214734    5.47%
 175159 120620        cutoff            155.9371      164.4736 41511956    5.47%
 175994 120798      162.9494   157      155.9371      164.4736 41558006    5.47%
Elapsed time = 598.63 sec. (447564.85 ticks, tree = 2360.75 MB, solutions = 13)
Nodefile size = 305.28 MB (222.86 MB after compression)
 177148 121204        cutoff            155.9371      164.4736 41903356    5.47%
 178174 122664        cutoff            155.9371      164.4736 42497693    5.47%
 178989 122984      162.7504   211      155.9371      164.4736 42617755    5.47%
 179942 123365      163.4550   220      155.9371      164.4736 42742696    5.47%
 181874 123952      159.9119   122      155.9371      164.4736 43054158    5.47%
 183381 125321      164.4736   257      155.9371      164.4736 43381382    5.47%
 184299 126075      164.3230   293      155.9371      164.4736 43582912    5.47%
 185275 127115      164.3912   266      155.9371      164.4736 43960504    5.47%
 186071 128178      160.7526   204      155.9371      164.4736 44414823    5.47%
*186444+127985                          157.0120      164.4736             4.75%
 186811 128264      160.5615   140      157.0120      164.4736 44396510    4.75%
Elapsed time = 655.52 sec. (485770.47 ticks, tree = 2595.98 MB, solutions = 16)
Nodefile size = 546.03 MB (405.37 MB after compression)

Clique cuts applied:  179
Cover cuts applied:  2214
Implied bound cuts applied:  519
Flow cuts applied:  16
Mixed integer rounding cuts applied:  159
Zero-half cuts applied:  70
Lift and project cuts applied:  3
Gomory fractional cuts applied:  69

Root node processing (before b&c):
  Real time             =    3.72 sec. (2717.83 ticks)
Parallel b&c, 16 threads:
  Real time             =  655.39 sec. (486063.38 ticks)
  Sync time (average)   =   94.88 sec.
  Wait time (average)   =    0.03 sec.
                          ------------
Total (root+branch&cut) =  659.12 sec. (488781.21 ticks)

Solution pool: 16 solutions saved.

MIP - Integer optimal, tolerance (0.05/1e-06):  Objective =  1.5701195200e+02
Current MIP best bound =  1.6447360563e+02 (gap = 7.46165, 4.75%)
Solution time =  659.12 sec.  Iterations = 44738523  Nodes = 186902 (129169)
Deterministic time = 488781.23 ticks  (741.56 ticks/sec)

CPLEX> Incumbent solution written to file '/localscratch/arosati/70372665/tmpxn6o3yxs.cplex.sol'.
CPLEX> 
