Solver command line: ['/opt/sw/arch/easybuild/2018b/software/CPLEX/12.9-GCCcore-8.2.0/cplex/bin/x86-64_linux/cplex']


Welcome to IBM(R) ILOG(R) CPLEX(R) Interactive Optimizer 12.9.0.0
  with Simplex, Mixed Integer & Barrier Optimizers
5725-A06 5725-A29 5724-Y48 5724-Y49 5724-Y54 5724-Y55 5655-Y21
Copyright IBM Corp. 1988, 2019.  All Rights Reserved.

Type 'help' for a list of available commands.
Type 'help' followed by a command name for more
information on commands.

CPLEX> Logfile 'cplex.log' closed.
Logfile 'obj_4_3.log' open.
CPLEX> New value for default parallel thread count: 16
CPLEX> New value for time limit in seconds: 900
CPLEX> New value for mixed integer optimality gap tolerance: 0.05
CPLEX> Problem '/localscratch/arosati/70372665/tmp5pj7cech.pyomo.lp' read.
Read time = 0.02 sec. (0.88 ticks)
CPLEX> MIP start file '/localscratch/arosati/70372665/tmpy2x1jhca.cplex.mst' read.
CPLEX> Problem name         : /localscratch/arosati/70372665/tmp5pj7cech.pyomo.lp
Objective sense      : Minimize
Variables            :    6088  [Nneg: 1,  General Integer: 6087]
Objective nonzeros   :      63
Linear constraints   :    3080  [Less: 2057,  Equal: 1023]
  Nonzeros           :   47115
  RHS nonzeros       :    1174

Variables            : Min LB: 0.000000         Max UB: 15.00000       
Objective nonzeros   : Min   : 1.000000         Max   : 117.0000       
Linear constraints   :
  Nonzeros           : Min   : 1.000000         Max   : 180.0000       
  RHS nonzeros       : Min   : 1.000000         Max   : 31.00000       
CPLEX> CPXPARAM_Threads                                 16
CPXPARAM_TimeLimit                               900
CPXPARAM_MIP_Tolerances_MIPGap                   0.050000000000000003
1 of 1 MIP starts provided solutions.
MIP start 'm1' defined initial solution with objective 145.0000.
Tried aggregator 1 time.
MIP Presolve eliminated 1349 rows and 1098 columns.
MIP Presolve modified 5151 coefficients.
Reduced MIP has 1726 rows, 4990 columns, and 27452 nonzeros.
Reduced MIP has 4928 binaries, 62 generals, 0 SOSs, and 0 indicators.
Presolve time = 0.03 sec. (22.80 ticks)
Probing time = 0.01 sec. (4.09 ticks)
Cover probing fixed 0 vars, tightened 8 bounds.
Tried aggregator 1 time.
MIP Presolve eliminated 20 rows and 0 columns.
MIP Presolve modified 100 coefficients.
Reduced MIP has 1706 rows, 4990 columns, and 27386 nonzeros.
Reduced MIP has 4928 binaries, 62 generals, 0 SOSs, and 0 indicators.
Presolve time = 0.03 sec. (25.53 ticks)
Probing time = 0.01 sec. (3.99 ticks)
Clique table members: 11009.
MIP emphasis: balance optimality and feasibility.
MIP search method: dynamic search.
Parallel mode: deterministic, using up to 16 threads.
Root relaxation solution time = 0.17 sec. (146.50 ticks)

        Nodes                                         Cuts/
   Node  Left     Objective  IInf  Best Integer    Best Bound    ItCnt     Gap

*     0+    0                          145.0000     -531.0000           466.21%
      0     0     -334.4773   834      145.0000     -334.4773       26  330.67%
      0     0     -322.5657   905      145.0000     Cuts: 437     1701  322.46%
      0     0     -312.6506   985      145.0000     Cuts: 526     5784  315.62%
      0     0     -308.9038  1045      145.0000     Cuts: 518     8453  313.04%
*     0+    0                          132.0000     -308.9038           334.02%
*     0+    0                          111.0000     -308.9038           378.29%
*     0+    0                          108.0000     -308.9038           386.02%
      0     0     -306.4571  1035      108.0000     Cuts: 494    12741  383.76%
*     0+    0                           88.0000     -306.4571           448.25%
      0     0     -300.6546  1075       88.0000     Cuts: 494    16119  441.65%
      0     0     -298.0214  1098       88.0000     Cuts: 513    19293  438.66%
*     0+    0                           82.0000     -298.0214           463.44%
*     0+    0                           77.0000     -298.0214           487.04%
*     0+    0                           74.0000     -298.0214           502.73%
*     0+    0                           73.0000     -298.0214           508.25%
*     0+    0                           71.0000     -298.0214           519.75%
*     0+    0                           70.0000     -298.0214           525.74%
*     0+    0                           33.0000     -298.0214              --- 
      0     0     -296.4845  1115       33.0000     Cuts: 443    24269  998.44%
      0     0     -295.7082  1138       33.0000     Cuts: 400    27677  996.09%
      0     0     -294.8925  1145       33.0000     Cuts: 402    31714  993.61%
*     0+    0                           29.0000     -294.8925              --- 
*     0+    0                           24.0000     -294.8925              --- 
*     0+    0                           23.0000     -294.8925              --- 
      0     0     -291.8852  1150       23.0000     Cuts: 384    35471     --- 
      0     0     -290.7375  1199       23.0000     Cuts: 389    39079     --- 
      0     0     -290.3189  1142       23.0000     Cuts: 366    42331     --- 
      0     0     -289.8808  1167       23.0000     Cuts: 321    45723     --- 
      0     0     -289.4613  1163       23.0000     Cuts: 357    48840     --- 
*     0+    0                           21.0000     -289.4613              --- 
      0     0     -289.0360  1151       21.0000     Cuts: 344    52071     --- 
      0     0     -287.8662  1154       21.0000     Cuts: 394    55809     --- 
      0     0     -287.1351  1093       21.0000     Cuts: 365    62119     --- 
      0     0     -286.8415  1109       21.0000     Cuts: 371    65051     --- 
      0     0     -286.5883  1146       21.0000     Cuts: 338    67864     --- 
      0     0     -286.3228  1166       21.0000     Cuts: 358    71371     --- 
      0     0     -285.9893  1132       21.0000     Cuts: 369    74710     --- 
      0     0     -285.8439  1173       21.0000     Cuts: 320    78657     --- 
      0     0     -285.7358  1170       21.0000     Cuts: 329    82063     --- 
      0     0     -284.6875  1133       21.0000     Cuts: 318    86145     --- 
      0     0     -284.2918  1204       21.0000     Cuts: 347    89302     --- 
      0     0     -284.1309  1200       21.0000     Cuts: 341    92369     --- 
      0     0     -283.9917  1166       21.0000     Cuts: 316    95195     --- 
*     0+    0                           18.0000     -283.9917              --- 
      0     0     -283.8837  1169       18.0000     Cuts: 291    98544     --- 
*     0+    0                           15.0000     -283.8837              --- 
      0     0     -283.7720  1192       15.0000     Cuts: 314   101516     --- 
      0     0     -283.6793  1136       15.0000     Cuts: 332   104665     --- 
      0     0     -283.5617  1191       15.0000     Cuts: 325   108228     --- 
      0     0     -283.4392  1225       15.0000     Cuts: 317   111567     --- 
      0     0     -283.3847  1165       15.0000     Cuts: 341   115125     --- 
      0     0     -283.3675  1167       15.0000     Cuts: 311   118192     --- 
      0     0     -283.3315  1035       15.0000     Cuts: 139   119684     --- 
      0     0     -283.3173  1109       15.0000     Cuts: 366   121788     --- 
      0     2     -283.3173   809       15.0000     -283.3173   121788     --- 
Elapsed time = 63.94 sec. (50332.29 ticks, tree = 0.02 MB, solutions = 18)
      7     5     -282.3362   793       15.0000     -283.3173   122451     --- 
     78    50     -282.4159   825       15.0000     -283.3173   128960     --- 
    144   123     -280.9108   724       15.0000     -283.3157   142808     --- 
    260   196     -261.7445   754       15.0000     -283.3146   155736     --- 
*   289+   14                           14.0000     -283.3146              --- 
    373   327     -267.7109   670       14.0000     -283.3146   169979     --- 
*   469+   14                           12.0000     -283.3146              --- 
    544   421     -280.6128   599       12.0000     -283.3146   185478     --- 
*   557+   14                           11.0000     -283.3146              --- 
*   659+   14                           10.0000     -283.3146              --- 
    745   633     -241.1846   440       10.0000     -283.3146   202644     --- 
*   772+   14                            9.0000     -283.3146              --- 
*   942+   14                            8.0000     -283.3146              --- 
   1041   878     -206.9996   383        8.0000     -283.3146   228969     --- 
*  1304+   14                            7.0000     -283.3146              --- 
   1356   935     -278.1021   634        7.0000     -283.3146   235829     --- 
   2976  2559     -247.9185   499        7.0000     -283.2011   329227     --- 
Elapsed time = 68.44 sec. (53456.38 ticks, tree = 5.59 MB, solutions = 25)
   4385  3721     -153.4562   307        7.0000     -283.0916   406365     --- 
*  4427+ 2770                            6.0000     -214.2134              --- 
*  4427+ 1846                            5.0000     -169.0377              --- 
   4427  1847     -169.0377   723        5.0000     -169.0377   787945     --- 
   4429  1849     -169.0011   691        5.0000     -169.0377   788188     --- 
   4431  1387     -168.7736   675        5.0000     -169.0377   788334     --- 
   4435  1109     -168.9806   718        5.0000     -169.0377   788421     --- 
   4442   836     -167.5861   751        5.0000     -169.0377   791769     --- 
   4468    57     -151.6332   697        5.0000     -169.0377   793427     --- 
   4494    55     -154.7776   808        5.0000     -169.0377   797136     --- 
   4509    66     -156.2581   855        5.0000     -169.0377   807825     --- 
   4523    75     -158.5667   869        5.0000     -169.0377   824116     --- 
Elapsed time = 280.78 sec. (228986.63 ticks, tree = 0.06 MB, solutions = 27)
   4534    91     -166.4852   827        5.0000     -169.0377   859985     --- 
   4560    96     -157.6871   962        5.0000     -169.0377   878951     --- 
   4587   109     -152.3977   896        5.0000     -169.0377   907591     --- 
   4628   138     -140.0247   853        5.0000     -169.0377   930820     --- 
   4677   182     -160.7266   904        5.0000     -169.0377   979323     --- 
   4733   229     -143.5588   714        5.0000     -169.0377  1010720     --- 
   4778   243     -137.2714   737        5.0000     -169.0377  1018339     --- 
   4846   302     -146.2911   720        5.0000     -167.6776  1049150     --- 
   4921   326     -152.0786   871        5.0000     -167.4753  1062041     --- 
   4995   483     -143.9619   685        5.0000     -167.4753  1155360     --- 
Elapsed time = 292.21 sec. (238885.72 ticks, tree = 2.35 MB, solutions = 27)
   5115   513     -130.6787   609        5.0000     -167.4753  1158915     --- 
   5243   510     -132.8902   706        5.0000     -167.4753  1166741     --- 
   5343   753     -135.4512   759        5.0000     -167.4753  1269329     --- 
   5474   803     -111.7523   600        5.0000     -167.4753  1276678     --- 
   5632   881     -132.9620   602        5.0000     -167.4753  1300332     --- 
   5911  1170      -95.4153   481        5.0000     -167.4753  1375222     --- 
   6226  1316      -87.2112   417        5.0000     -167.4753  1380406     --- 
   6647  1553     -150.4037   858        5.0000     -167.4753  1472451     --- 
   6974  1564     -136.3457   676        5.0000     -167.4753  1461556     --- 
   7107  1959    infeasible              5.0000     -167.4753  1523286     --- 
Elapsed time = 302.71 sec. (248471.90 ticks, tree = 39.10 MB, solutions = 27)
   7164  2065      -90.9366   574        5.0000     -167.4753  1545580     --- 
   7226  2654     -142.9157   692        5.0000     -167.4753  1681698     --- 
   7289  2630      -98.5110   500        5.0000     -167.4753  1674614     --- 
   7365  2600    infeasible              5.0000     -167.4753  1661106     --- 
   7408  2732      -93.3851   524        5.0000     -167.4753  1752067     --- 
   7470  2840      -87.9366   496        5.0000     -167.4753  1837505     --- 
   7517  2788     -132.9278   768        5.0000     -167.4753  1808474     --- 
   7555  2909    infeasible              5.0000     -167.4753  1919675     --- 
   7579  2914     -158.2272   899        5.0000     -167.4753  1903040     --- 
   7608  2943     -146.2465   682        5.0000     -167.4753  1969347     --- 
Elapsed time = 313.86 sec. (258285.13 ticks, tree = 57.54 MB, solutions = 27)
   7636  2969     -125.3795   667        5.0000     -167.4753  2009498     --- 
   7662  2992      -62.9131   491        5.0000     -167.4753  2059759     --- 
   7735  3052      -44.3913   411        5.0000     -167.4753  2148989     --- 
   7845  3100      -20.9025   360        5.0000     -167.4753  2154114     --- 
   7981  3063     -143.6658   753        5.0000     -167.4753  2184561     --- 
   8092  3072     -151.3564   752        5.0000     -167.4753  2197990     --- 
   8163  3127     -111.5779   487        5.0000     -167.4753  2263199     --- 
   8332  3338     -133.2176   618        5.0000     -167.4753  2332624     --- 
   8466  3386     -150.4244   878        5.0000     -167.4753  2375001     --- 
   8625  3640       -8.9830   390        5.0000     -167.4753  2473487     --- 
Elapsed time = 324.82 sec. (268003.25 ticks, tree = 66.29 MB, solutions = 27)
   8776  3609      -75.8666   483        5.0000     -167.4753  2468074     --- 
   8875  3793     -150.8302   777        5.0000     -167.4753  2551131     --- 
   9017  3958      -69.7841   410        5.0000     -167.4753  2587475     --- 
   9114  3985      -57.9754   397        5.0000     -167.4753  2592160     --- 
   9189  4132     -146.8658   684        5.0000     -167.4753  2659081     --- 
   9240  4263     -159.0923   787        5.0000     -167.4753  2713465     --- 
   9308  4307     -150.0201   627        5.0000     -167.4753  2741278     --- 
   9379  4272     -157.5092   749        5.0000     -167.4753  2717955     --- 
   9440  4385      -53.7460   399        5.0000     -167.4753  2773890     --- 
   9505  4557      -51.5335   383        5.0000     -167.4753  2871412     --- 
Elapsed time = 335.88 sec. (277681.92 ticks, tree = 71.05 MB, solutions = 27)
   9588  4468    infeasible              5.0000     -167.4753  2843500     --- 
   9732  4613      -91.1473   535        5.0000     -167.4753  2907918     --- 
  10017  4735      -45.0203   353        5.0000     -167.4753  2962600     --- 
  10253  4749     -121.5027   550        5.0000     -167.4753  2968445     --- 
  10449  4777     -115.7954   537        5.0000     -167.4753  2971744     --- 
  10535  4847      -87.8762   432        5.0000     -167.4753  2977632     --- 
  10616  5187      -93.4069   487        5.0000     -167.4753  3077794     --- 
  10654  5391      -75.0384   482        5.0000     -167.4753  3165545     --- 
  10695  5420      -58.8008   387        5.0000     -167.4753  3170071     --- 
  10789  5495      -25.7751   303        5.0000     -167.4753  3175366     --- 
Elapsed time = 347.48 sec. (287294.31 ticks, tree = 88.24 MB, solutions = 27)
  10835  5728       -6.3563   358        5.0000     -167.4753  3266450     --- 
  10873  5714     -158.1129   909        5.0000     -167.4753  3273925     --- 
  10887  5740     -141.7228   649        5.0000     -167.4753  3391566     --- 
  10907  5730     -141.1871   615        5.0000     -167.4753  3317476     --- 
  10918  5910     -136.1233   684        5.0000     -167.0700  3479967     --- 
  10936  5904     -159.2412   930        5.0000     -167.0700  3475417     --- 
  10956  5907     -148.2867   713        5.0000     -167.0700  3470503     --- 
  10981  5972     -104.5251   524        5.0000     -167.0700  3591124     --- 
  11019  5991      -88.1761   433        5.0000     -167.0700  3595318     --- 
  11079  6018      -68.3269   392        5.0000     -167.0700  3599292     --- 
Elapsed time = 360.45 sec. (297209.12 ticks, tree = 98.46 MB, solutions = 27)
  11137  6043     -146.2998   629        5.0000     -167.0700  3674157     --- 
  11167  5960     -161.5285   960        5.0000     -167.0700  3574111     --- 
  11188  6054     -143.8126   618        5.0000     -167.0700  3677532     --- 
  11208  6140     -127.0758   693        5.0000     -167.0700  3738729     --- 
  11256  6214     -128.3084   532        5.0000     -167.0700  3844659     --- 
  11313  6258     -102.5106   539        5.0000     -167.0700  3849229     --- 
  11371  6333      -64.5946   454        5.0000     -167.0700  3956700     --- 
  11439  6350     -126.4940   649        5.0000     -167.0700  3993423     --- 
  11489  6233     -140.9777   719        5.0000     -167.0700  3943117     --- 
  11667  6440     -156.4623   719        5.0000     -167.0700  4099369     --- 
Elapsed time = 375.91 sec. (309776.23 ticks, tree = 100.48 MB, solutions = 27)
  11881  6665     -145.2080   578        5.0000     -167.0700  4325772     --- 
  12005  6792     -144.5652   660        5.0000     -167.0700  4456556     --- 
  12181  6989     -141.8248   623        5.0000     -167.0700  4595793     --- 
  12362  7118     -121.5031   492        5.0000     -167.0700  4709268     --- 
  12715  7304     -146.9798   628        5.0000     -167.0700  4859506     --- 
  13299  7910      -10.6337   254        5.0000     -167.0700  5095956     --- 
  13649  7945      -25.1594   317        5.0000     -167.0700  5140643     --- 
  13873  7943     -159.9278   714        5.0000     -166.9205  5161938     --- 
  14099  7984     -166.2389   963        5.0000     -166.9205  5168687     --- 
  14232  8736     -159.8968   660        5.0000     -166.9205  5578438     --- 
Elapsed time = 424.20 sec. (348119.69 ticks, tree = 108.31 MB, solutions = 27)
  14375  8985     -157.0504   652        5.0000     -166.9205  5787248     --- 
  14475  9017     -165.9098   844        5.0000     -166.9205  5852148     --- 
  14565  9219     -135.6207   646        5.0000     -166.9205  6133986     --- 
  14733  9328     -113.3049   617        5.0000     -166.9205  6247252     --- 
  15069  9334     -102.3985   506        5.0000     -166.9205  6246748     --- 
  15345  9678      -10.3887   314        5.0000     -166.9205  6491825     --- 
  15604  9658     -150.9107   644        5.0000     -166.9205  6596323     --- 
  15832 10060     -155.2360   671        5.0000     -166.9205  6806044     --- 
  16099 10238      -76.1485   435        5.0000     -166.9205  6958376     --- 
  16295 10388     -165.8064   852        5.0000     -166.8886  7072348     --- 
Elapsed time = 472.94 sec. (386550.04 ticks, tree = 113.27 MB, solutions = 27)
  16427 10679     -157.3254   669        5.0000     -166.8886  7293868     --- 
  16586 10919     -166.8255  1018        5.0000     -166.8886  7463716     --- 
  16858 11208      -73.0963   449        5.0000     -166.8886  7693873     --- 
  17071 11373      -74.8167   410        5.0000     -166.8886  7831935     --- 
  17251 11690     -165.4986   767        5.0000     -166.8886  8078145     --- 
  17384 11547     -166.0478   806        5.0000     -166.8886  7985534     --- 
  17697 11934     -119.9814   558        5.0000     -166.8886  8328723     --- 
  17994 12020      -91.1448   535        5.0000     -166.8886  8344544     --- 
  18241 12124     -133.2822   727        5.0000     -166.8886  8476747     --- 
  18487 12708      -96.5871   492        5.0000     -166.8886  8793940     --- 
Elapsed time = 523.79 sec. (424818.21 ticks, tree = 140.16 MB, solutions = 27)
  18621 12825     -157.2106   842        5.0000     -166.8886  8924574     --- 
  18875 12969     -155.2159   606        5.0000     -166.8255  8997363     --- 
  19266 13247      -34.5773   345        5.0000     -166.8255  9236442     --- 
  19621 13585      -99.4007   555        5.0000     -166.8255  9448897     --- 
  19980 13580      -34.8313   340        5.0000     -166.8255  9378807     --- 
  20156 13861        cutoff              5.0000     -166.8255  9623012     --- 
  20488 14148    infeasible              5.0000     -166.8255  9802676     --- 
  20682 14746     -162.5616   843        5.0000     -166.8255 10084080     --- 
  20809 14743     -159.9511   621        5.0000     -166.8255 10056938     --- 
  20995 14973      -73.9404   423        5.0000     -166.8255 10228112     --- 
Elapsed time = 573.71 sec. (463228.21 ticks, tree = 149.26 MB, solutions = 27)
  21255 14948     -161.6135   764        5.0000     -166.8255 10272613     --- 
  21432 15332     -126.8560   555        5.0000     -166.8255 10635940     --- 
  21934 15433     -109.7484   577        5.0000     -166.8255 10689069     --- 
  22310 15863     -160.9426   679        5.0000     -166.8255 10929648     --- 
  22451 16128     -159.9372   708        5.0000     -166.8255 11054702     --- 
  22623 16110      -93.2318   571        5.0000     -166.8255 11028994     --- 
  22763 16641      -77.8337   481        5.0000     -166.8255 11336992     --- 
  23080 16941      -56.3084   387        5.0000     -166.8255 11619401     --- 
  23168 16959     -155.5948   739        5.0000     -166.8255 11641670     --- 
  23358 17137      -87.9214   456        5.0000     -166.8255 11915479     --- 
Elapsed time = 624.36 sec. (501716.09 ticks, tree = 155.65 MB, solutions = 27)
  23534 17083     -102.1999   648        5.0000     -166.8255 11812140     --- 
  23689 17648      -13.8906   420        5.0000     -166.8255 12360098     --- 
  23892 17727      -31.6481   424        5.0000     -166.8255 12444452     --- 
  24094 17649     -165.8074   812        5.0000     -166.8255 12402552     --- 
  24217 18011     -160.7432   776        5.0000     -166.8255 12813850     --- 
  24425 17941     -129.4007   614        5.0000     -166.8255 12731588     --- 
* 24545+18270                            4.0000     -166.8255              --- 
  24637 18129     -164.2507   704        4.0000     -166.8255 12896357     --- 
  24791 18459     -143.5705   752        4.0000     -166.8255 13277702     --- 
  25158 18528     -157.5164   734        4.0000     -166.7067 13337320     --- 
  25578 18862     -101.1118   588        4.0000     -166.7067 13517386     --- 
Elapsed time = 671.71 sec. (539954.33 ticks, tree = 159.98 MB, solutions = 28)
  25795 19125      -22.8429   475        4.0000     -166.7067 13761795     --- 
  26051 19537     -140.9144   667        4.0000     -166.7067 13968235     --- 
  26226 19576     -141.0967   665        4.0000     -166.7067 14027348     --- 
  26386 20073     -165.9931   852        4.0000     -166.7067 14478001     --- 
  26526 19986      -74.8666   498        4.0000     -166.7067 14324397     --- 
  26840 20365      -34.2564   399        4.0000     -166.7067 14836549     --- 
  26990 20147     -155.0533   732        4.0000     -166.7067 14609658     --- 
  27100 20461     -126.6729   647        4.0000     -166.7067 14961333     --- 
  27306 20919     -124.1063   566        4.0000     -166.7067 15261447     --- 
  27596 20959      -87.7017   547        4.0000     -166.7067 15275125     --- 
Elapsed time = 720.84 sec. (578272.47 ticks, tree = 164.92 MB, solutions = 28)
  27824 20784     -157.3437   790        4.0000     -166.7067 15208714     --- 
  28032 21074     -106.7685   646        4.0000     -166.7067 15460428     --- 
  28168 21101      -83.7793   601        4.0000     -166.7067 15529312     --- 
  28280 21729      -76.7457   594        4.0000     -166.7067 15945143     --- 
  28372 21741      -70.2700   541        4.0000     -166.7067 15959456     --- 
  28516 21998     -123.6655   620        4.0000     -166.7067 16307206     --- 
  28661 22093      -47.3229   518        4.0000     -166.7067 16412260     --- 
  28875 22336      -34.4377   444        4.0000     -166.7067 16742094     --- 
  29155 22479     -153.1033   613        4.0000     -166.7067 17013898     --- 
  29303 22584      -87.6565   659        4.0000     -166.7067 17156415     --- 
Elapsed time = 770.09 sec. (616618.72 ticks, tree = 169.34 MB, solutions = 28)
  29364 22502     -166.3910   830        4.0000     -166.7067 17044058     --- 
  29430 22784     -138.7917   666        4.0000     -166.7067 17384034     --- 
  29510 23064      -92.6849   602        4.0000     -166.7067 17707519     --- 
  29599 22857     -145.8812   693        4.0000     -166.7067 17483329     --- 
  29707 23140     -104.7613   530        4.0000     -166.7067 17870804     --- 
  29911 23234      -26.6339   389        4.0000     -166.7067 18005584     --- 
  30030 23316     -160.9177   829        4.0000     -166.7067 18287412     --- 
  30206 23274     -152.0080   781        4.0000     -166.7067 18161338     --- 
  30302 23576     -126.3903   736        4.0000     -166.7067 18597700     --- 
  30376 23584      -38.1189   487        4.0000     -166.7067 18572524     --- 
Elapsed time = 822.18 sec. (655373.32 ticks, tree = 171.84 MB, solutions = 28)
  30471 23786       -3.6258   412        4.0000     -166.7067 18841975     --- 
  30577 23817      -84.9363   664        4.0000     -166.5992 18942777     --- 
  30631 23976     -122.6426   699        4.0000     -166.5992 19195271     --- 
  30723 23944     -132.4340   747        4.0000     -166.5823 19128102     --- 
  30811 24134     -159.5944   805        4.0000     -166.5823 19415825     --- 
  30956 24127     -139.6526   779        4.0000     -166.5823 19406676     --- 
  31116 24254     -142.7273   860        4.0000     -166.5823 19710446     --- 
  31266 24483      -23.8761   514        4.0000     -166.5823 19893494     --- 
  31346 24572     -164.9113   763        4.0000     -166.5823 20238933     --- 
  31402 24732      -97.4447   725        4.0000     -166.5823 20332346     --- 
Elapsed time = 871.51 sec. (694167.07 ticks, tree = 174.67 MB, solutions = 28)
  31477 24817      -98.3374   664        4.0000     -166.5823 20409165     --- 
  31539 24872     -125.1225   801        4.0000     -166.5823 20565258     --- 
  31648 24933     -141.2208   719        4.0000     -166.5823 20684802     --- 
  31771 25040      -63.5969   519        4.0000     -166.5823 20846050     --- 
  31890 25059    infeasible              4.0000     -166.5823 20895642     --- 
  32023 24981     -128.3778   755        4.0000     -166.5823 20793854     --- 

Clique cuts applied:  227
Cover cuts applied:  890
Implied bound cuts applied:  6
Flow cuts applied:  98
Mixed integer rounding cuts applied:  1163
Zero-half cuts applied:  368
Lift and project cuts applied:  41
Gomory fractional cuts applied:  56

Root node processing (before b&c):
  Real time             =   63.85 sec. (50304.27 ticks)
Parallel b&c, 16 threads:
  Real time             =  836.18 sec. (667502.64 ticks)
  Sync time (average)   =   67.48 sec.
  Wait time (average)   =    0.04 sec.
                          ------------
Total (root+branch&cut) =  900.03 sec. (717806.92 ticks)

Solution pool: 28 solutions saved.

MIP - Time limit exceeded, integer feasible:  Objective =  4.0000000000e+00
Current MIP best bound = -1.6658231718e+02 (gap = 170.582, 4.3e+03%)
Solution time =  900.04 sec.  Iterations = 21671037  Nodes = 32024 (25495)
Deterministic time = 717806.93 ticks  (797.53 ticks/sec)

CPLEX> Incumbent solution written to file '/localscratch/arosati/70372665/tmpbk0ybgkd.cplex.sol'.
CPLEX> 
