Solver command line: ['/opt/sw/arch/easybuild/2018b/software/CPLEX/12.9-GCCcore-8.2.0/cplex/bin/x86-64_linux/cplex']


Welcome to IBM(R) ILOG(R) CPLEX(R) Interactive Optimizer 12.9.0.0
  with Simplex, Mixed Integer & Barrier Optimizers
5725-A06 5725-A29 5724-Y48 5724-Y49 5724-Y54 5724-Y55 5655-Y21
Copyright IBM Corp. 1988, 2019.  All Rights Reserved.

Type 'help' for a list of available commands.
Type 'help' followed by a command name for more
information on commands.

CPLEX> Logfile 'cplex.log' closed.
Logfile 'obj_5_2.log' open.
CPLEX> New value for default parallel thread count: 16
CPLEX> New value for time limit in seconds: 900
CPLEX> New value for mixed integer optimality gap tolerance: 0.05
CPLEX> Problem '/localscratch/arosati/70372665/tmp3qsmb9h5.pyomo.lp' read.
Read time = 0.02 sec. (0.94 ticks)
CPLEX> MIP start file '/localscratch/arosati/70372665/tmpidzv7zkt.cplex.mst' read.
CPLEX> Problem name         : /localscratch/arosati/70372665/tmp3qsmb9h5.pyomo.lp
Objective sense      : Maximize
Variables            :    6308  [Nneg: 1,  General Integer: 6307]
Objective nonzeros   :    5715
Linear constraints   :    3001  [Less: 2240,  Equal: 761]
  Nonzeros           :   48616
  RHS nonzeros       :    1288

Variables            : Min LB: 0.000000         Max UB: 15.00000       
Objective nonzeros   : Min   : 0.03636800       Max   : 3.218876       
Linear constraints   :
  Nonzeros           : Min   : 1.000000         Max   : 165.0000       
  RHS nonzeros       : Min   : 1.000000         Max   : 104.0000       
CPLEX> CPXPARAM_Threads                                 16
CPXPARAM_TimeLimit                               900
CPXPARAM_MIP_Tolerances_MIPGap                   0.050000000000000003
1 of 1 MIP starts provided solutions.
MIP start 'm1' defined initial solution with objective 132.9514.
Tried aggregator 1 time.
MIP Presolve eliminated 1110 rows and 814 columns.
MIP Presolve modified 5879 coefficients.
Reduced MIP has 1885 rows, 5494 columns, and 30024 nonzeros.
Reduced MIP has 5424 binaries, 70 generals, 0 SOSs, and 0 indicators.
Presolve time = 0.03 sec. (26.44 ticks)
Probing time = 0.02 sec. (4.49 ticks)
Cover probing fixed 0 vars, tightened 2 bounds.
Tried aggregator 1 time.
MIP Presolve eliminated 6 rows and 0 columns.
MIP Presolve modified 32 coefficients.
Reduced MIP has 1879 rows, 5494 columns, and 30006 nonzeros.
Reduced MIP has 5424 binaries, 70 generals, 0 SOSs, and 0 indicators.
Presolve time = 0.02 sec. (19.99 ticks)
Probing time = 0.01 sec. (4.37 ticks)
Clique table members: 12661.
MIP emphasis: balance optimality and feasibility.
MIP search method: dynamic search.
Parallel mode: deterministic, using up to 16 threads.
Root relaxation solution time = 0.21 sec. (174.46 ticks)

        Nodes                                         Cuts/
   Node  Left     Objective  IInf  Best Integer    Best Bound    ItCnt     Gap

*     0+    0                          132.9514     6512.4218              --- 
      0     0      143.5460   520      132.9514      143.5460       11    7.97%
*     0+    0                          134.4655      143.5460             6.75%
      0     0      143.5460   584      134.4655     Cuts: 198     2179    6.75%
      0     0      143.5460   675      134.4655     Cuts: 306     3914    6.75%
      0     2      143.5460   414      134.4655      143.5460     3914    6.75%
Elapsed time = 4.74 sec. (3644.41 ticks, tree = 0.02 MB, solutions = 2)
      3     3      143.5460   544      134.4655      143.5460     5959    6.75%
     12     7      143.5460   523      134.4655      143.5460     7604    6.75%
     79    46      143.5460   503      134.4655      143.5460    15635    6.75%
    140   106      143.5460   440      134.4655      143.5460    30089    6.75%
    327   200      143.5460   530      134.4655      143.5460    57789    6.75%
    501   432      143.5460   443      134.4655      143.5460   112135    6.75%
    762   591      143.5460   402      134.4655      143.5460   141274    6.75%
   1026   826    infeasible            134.4655      143.5460   184026    6.75%
   1252  1010      143.5460   460      134.4655      143.5460   215463    6.75%
   1934  1446      143.5460   450      134.4655      143.5460   305737    6.75%
Elapsed time = 8.78 sec. (6784.33 ticks, tree = 2.77 MB, solutions = 2)
   3439  2612      143.5460   474      134.4655      143.5460   497082    6.75%
   4492  3512      143.5460   244      134.4655      143.5460   659328    6.75%
   5267  4266      143.5460   375      134.4655      143.5460   791693    6.75%
   6200  4970    infeasible            134.4655      143.5460   921805    6.75%
   6886  5517      143.5460   251      134.4655      143.5460  1034149    6.75%
   7813  6179      143.5460   321      134.4655      143.5460  1150083    6.75%
   8324  6650      143.5460   187      134.4655      143.5460  1245903    6.75%
   9030  7265      143.5460   245      134.4655      143.5460  1383454    6.75%
   9606  7666      143.5460   483      134.4655      143.5460  1482981    6.75%
  10073  8142      143.5460   465      134.4655      143.5460  1618817    6.75%
Elapsed time = 22.91 sec. (16332.56 ticks, tree = 19.79 MB, solutions = 2)
  10673  8630      143.5460   431      134.4655      143.5460  1759832    6.75%
  11360  9004      143.5460   430      134.4655      143.5460  1862952    6.75%
  11958  9476    infeasible            134.4655      143.5460  1994571    6.75%
  12627  9911      143.5460   376      134.4655      143.5460  2114522    6.75%
  12904 10436      143.5460   254      134.4655      143.5460  2256545    6.75%
  12905 10435      143.5460   560      134.4655      143.5460  2268058    6.75%
  12907 10436      143.5460   572      134.4655      143.5460  2268758    6.75%
  12910 10438      143.5460   494      134.4655      143.5460  2270316    6.75%
  12916  4480      143.5460   494      134.4655      143.5460  2280242    6.75%
  12947    97      143.5460   515      134.4655      143.5460  2286133    6.75%
Elapsed time = 47.00 sec. (37177.93 ticks, tree = 0.28 MB, solutions = 2)
  13042   112      143.5460   374      134.4655      143.5460  2298801    6.75%
  13255   186      143.5460   407      134.4655      143.5460  2315832    6.75%
  13491   453      143.5460   475      134.4655      143.5460  2353520    6.75%
  13844   711      143.5460   306      134.4655      143.5460  2405825    6.75%
  14513  1172      143.5460   239      134.4655      143.5460  2471531    6.75%
  15256  1452      143.5460   187      134.4655      143.5460  2513152    6.75%
  16211  2022      143.5460   206      134.4655      143.5460  2597299    6.75%
  16531  2653      143.5460   269      134.4655      143.5460  2735587    6.75%
  17206  3018      143.5460   249      134.4655      143.5460  2796259    6.75%
  17915  3714      143.5460   418      134.4655      143.5460  2920951    6.75%
Elapsed time = 59.45 sec. (46727.24 ticks, tree = 27.96 MB, solutions = 2)
  18239  4039    infeasible            134.4655      143.5460  2974625    6.75%
  19283  4446      143.5460   191      134.4655      143.5460  3030416    6.75%
  19780  5153      143.5460   255      134.4655      143.5460  3150505    6.75%
  20189  5398      143.5460   389      134.4655      143.5460  3193391    6.75%
  20887  5800    infeasible            134.4655      143.5460  3268665    6.75%
  21107  6221      143.5460   205      134.4655      143.5460  3366681    6.75%
  21372  6354    infeasible            134.4655      143.5460  3392469    6.75%
  21785  6577      143.5460   260      134.4655      143.5460  3452424    6.75%
  22055  6840      143.5460   204      134.4655      143.5460  3518390    6.75%
  22449  6944      143.5460   331      134.4655      143.5460  3549876    6.75%
Elapsed time = 70.78 sec. (56284.50 ticks, tree = 55.90 MB, solutions = 2)
  22938  7232      143.5460   272      134.4655      143.5460  3616614    6.75%
  23388  7632      143.5460   207      134.4655      143.5460  3713380    6.75%
  23945  7985      143.5460   199      134.4655      143.5460  3777536    6.75%
  24421  8345    infeasible            134.4655      143.5460  3846192    6.75%
  24745  8820    infeasible            134.4655      143.5460  3940972    6.75%
  25488  8947      143.5460   198      134.4655      143.5460  3959900    6.75%
  26133  9789      143.5460   153      134.4655      143.5460  4094384    6.75%
  26638 10502      143.5460   222      134.4655      143.5460  4205945    6.75%
  27161 10573      143.5460   300      134.4655      143.5460  4213792    6.75%
  27690 10839      143.5460   321      134.4655      143.5460  4263812    6.75%
Elapsed time = 82.39 sec. (65833.39 ticks, tree = 94.93 MB, solutions = 2)
  28114 11451      143.5460   273      134.4655      143.5460  4363583    6.75%
  28660 11841      143.5460   184      134.4655      143.5460  4422251    6.75%
  29147 12032      143.2119   129      134.4655      143.5460  4454859    6.75%
  29837 12603      143.5460   222      134.4655      143.5460  4559373    6.75%
  30620 13167      143.5460   188      134.4655      143.5460  4647526    6.75%
  31488 13869      143.5460   187      134.4655      143.5460  4782561    6.75%
  32293 13965    infeasible            134.4655      143.5460  4799818    6.75%
  32680 14940      143.5460   302      134.4655      143.5460  4949470    6.75%
  33362 15140      143.5460   196      134.4655      143.5460  4984124    6.75%
  34502 16174      143.1918   147      134.4655      143.5460  5149280    6.75%
Elapsed time = 93.86 sec. (75381.19 ticks, tree = 138.82 MB, solutions = 2)
  35514 16810      143.5460   218      134.4655      143.5460  5242061    6.75%
  36680 17470      143.5460   135      134.4655      143.5460  5336854    6.75%
  37953 17691    infeasible            134.4655      143.5460  5370393    6.75%
  39085 18624      143.2119   149      134.4655      143.5460  5514074    6.75%
  40347 19759    infeasible            134.4655      143.5460  5693103    6.75%
  41263 20637      143.1742    99      134.4655      143.5460  5851113    6.75%
  42411 21064      143.2119   131      134.4655      143.5460  5931889    6.75%
  43579 21282    infeasible            134.4655      143.5460  5980664    6.75%
  44822 22330    infeasible            134.4655      143.5460  6191092    6.75%
  45884 22834      143.1870   135      134.4655      143.5460  6278653    6.75%
Elapsed time = 104.71 sec. (84923.04 ticks, tree = 186.98 MB, solutions = 2)
  46965 23555      143.1742   167      134.4655      143.5460  6411789    6.75%
  47915 24495      143.5460   191      134.4655      143.5460  6565841    6.75%
  48339 25241      143.5460   126      134.4655      143.5460  6692230    6.75%
  48925 25545      143.5460   139      134.4655      143.5460  6751892    6.75%
  49800 25520      143.5460   283      134.4655      143.5460  6747655    6.75%
  50641 26563      143.5460   208      134.4655      143.5460  6923882    6.75%
  51310 27149      143.5460   134      134.4655      143.5460  7033085    6.75%
  51624 27480      143.5460   249      134.4655      143.5460  7085733    6.75%
  51777 27529      143.5460   184      134.4655      143.5460  7101936    6.75%
  51989 27595      143.5460   328      134.4655      143.5460  7109760    6.75%
Elapsed time = 116.40 sec. (94511.08 ticks, tree = 228.26 MB, solutions = 2)
  52262 27787      143.5460   272      134.4655      143.5460  7137891    6.75%
  52935 28082      143.5083   122      134.4655      143.5460  7182222    6.75%
  53628 28285      143.5083   222      134.4655      143.5460  7216876    6.75%
  54505 28772    infeasible            134.4655      143.5460  7292339    6.75%
  55559 29724      143.1742   148      134.4655      143.5460  7441193    6.75%
  56206 30562      143.2119   137      134.4655      143.5460  7604395    6.75%
  57173 30464      143.5460   140      134.4655      143.5460  7584477    6.75%
  58289 32100      143.5354   133      134.4655      143.5460  7863301    6.75%
  59383 31585    infeasible            134.4655      143.5460  7779819    6.75%
  62877 34727      143.5460   132      134.4655      143.5460  8327146    6.75%
Elapsed time = 131.62 sec. (106920.96 ticks, tree = 283.85 MB, solutions = 2)
  68394 38386    infeasible            134.4655      143.5460  9002984    6.75%
  74387 41223      142.9665   130      134.4655      143.5460  9539465    6.75%
  80619 43805      142.9665   124      134.4655      143.5460  9962708    6.75%
  86894 47091      142.9665   117      134.4655      143.5460 10498019    6.75%
  95264 51110      143.5460   126      134.4655      143.5460 10992811    6.75%
 103602 53598    infeasible            134.4655      143.5460 11305979    6.75%
 110611 57927      143.5460   147      134.4655      143.5460 11881822    6.75%
 113797 59403    infeasible            134.4655      143.5460 12122389    6.75%
 119391 61312    infeasible            134.4655      143.5460 12411245    6.75%
 125858 64408      143.5460   129      134.4655      143.5460 12953725    6.75%
Elapsed time = 177.73 sec. (145071.68 ticks, tree = 887.95 MB, solutions = 2)
 132297 68196    infeasible            134.4655      143.5460 13529763    6.75%
 139698 70295    infeasible            134.4655      143.5460 13849461    6.75%
 145503 74121      143.1742   118      134.4655      143.5460 14418618    6.75%
 150986 77174      143.5460   153      134.4655      143.5460 15009668    6.75%
 155556 78616      143.5460   143      134.4655      143.5460 15317162    6.75%
 159182 80997      143.5460   138      134.4655      143.5460 15821306    6.75%
 160540 81983      143.5460   149      134.4655      143.5460 16105867    6.75%
 163771 83482      143.1742   166      134.4655      143.5460 16404975    6.75%
 168239 85508      143.5460   157      134.4655      143.5460 16835693    6.75%
 172776 88062      143.5460   151      134.4655      143.5460 17354847    6.75%
Elapsed time = 225.95 sec. (183228.92 ticks, tree = 1480.94 MB, solutions = 2)
 176751 89955      143.5377   161      134.4655      143.5460 17794766    6.75%
 181500 92880      143.5460   159      134.4655      143.5460 18405248    6.75%
 186527 95383      143.5460   136      134.4655      143.5460 18898317    6.75%
 191802 97472      143.5065   142      134.4655      143.5460 19233354    6.75%
 196590 100901      143.0992   126      134.4655      143.5460 19833502    6.75%
 201492 103441      143.5048   130      134.4655      143.5460 20325847    6.75%
 206369 105992    infeasible            134.4655      143.5460 20806145    6.75%
 211012 109109      143.5460   145      134.4655      143.5460 21388524    6.75%
 216087 111358      143.5460   146      134.4655      143.5460 21750428    6.75%
 217142 112488      143.5460   152      134.4655      143.5460 21928860    6.75%
Elapsed time = 273.71 sec. (221387.04 ticks, tree = 2097.26 MB, solutions = 2)
Nodefile size = 45.22 MB (32.53 MB after compression)
 220675 113736      143.5240   165      134.4655      143.5460 22139672    6.75%
 225866 116480      143.5460   132      134.4655      143.5460 22595600    6.75%
 231037 120183      143.2119   142      134.4655      143.5460 23192102    6.75%
 235959 122930      143.5460   161      134.4655      143.5460 23691963    6.75%
 240465 124676    infeasible            134.4655      143.5460 24018946    6.75%
 245254 127628      143.1742   146      134.4655      143.5460 24611972    6.75%
 249706 129708      143.3168   172      134.4655      143.5460 24959453    6.75%
 254120 132338      143.5460   170      134.4655      143.5460 25475881    6.75%
 258313 134137      143.5460   171      134.4655      143.5460 25832986    6.75%
 262365 137343      142.9924   141      134.4655      143.5460 26331960    6.75%
Elapsed time = 345.22 sec. (259545.13 ticks, tree = 2725.09 MB, solutions = 2)
Nodefile size = 673.10 MB (511.58 MB after compression)
 266913 139875      143.0246   148      134.4655      143.5460 26701778    6.75%
 270350 142679      143.5460   178      134.4655      143.5460 27089943    6.75%
 275321 146711      143.1607   139      134.4655      143.5460 27539880    6.75%
 281971 150352      143.5460   106      134.4655      143.5460 27929344    6.75%
 288587 156426      143.5454   138      134.4655      143.5460 28506556    6.75%
 292453 159558      142.5673   112      134.4655      143.5460 28831256    6.75%
 295634 161880      142.6533   110      134.4655      143.5460 29090530    6.75%
 301985 164515      143.5460   129      134.4655      143.5460 29402834    6.75%
 308656 169402      143.5028   130      134.4655      143.5460 29858162    6.75%
 315405 174153      143.5460   123      134.4655      143.5460 30303959    6.75%
Elapsed time = 424.89 sec. (297700.70 ticks, tree = 3677.17 MB, solutions = 2)
Nodefile size = 1620.71 MB (1264.64 MB after compression)
 321374 179971      140.7209   123      134.4655      143.5460 30901595    6.75%
 328430 183313      141.8647   100      134.4655      143.5460 31246856    6.75%
 335610 187906      142.5513    73      134.4655      143.5460 31663035    6.75%
 343525 194819      143.2119   127      134.4655      143.5460 32250439    6.75%
 351941 200069      142.0878    95      134.4655      143.5460 32659274    6.75%
 359855 205340      142.0639   109      134.4655      143.5460 33076622    6.75%
 367282 210297    infeasible            134.4655      143.5460 33505513    6.75%
 372010 215290      143.5460   123      134.4655      143.5460 33987931    6.75%
 374264 215718      142.3196   145      134.4655      143.5460 34029839    6.75%
 381523 218698      143.5460   127      134.4655      143.5460 34297156    6.75%
Elapsed time = 512.87 sec. (335853.96 ticks, tree = 4845.86 MB, solutions = 2)
Nodefile size = 2790.84 MB (2200.82 MB after compression)
 388409 223867      143.3790   175      134.4655      143.5460 34754083    6.75%
 393772 227591      142.9592   159      134.4655      143.5460 35074487    6.75%
 399807 232753      142.6460   167      134.4655      143.5460 35581533    6.75%
 405034 236758      140.8802   170      134.4655      143.5460 36085106    6.75%
 410230 239775      143.5460   163      134.4655      143.5460 36487522    6.75%
 415705 242831      143.5460   165      134.4655      143.5460 36877222    6.75%
 420827 248395        cutoff            134.4655      143.5460 37578900    6.75%
 426207 250137      143.3583   165      134.4655      143.5460 37815746    6.75%
 431911 254171      143.5460   128      134.4655      143.5460 38300439    6.75%
 438012 258336      143.5460   178      134.4655      143.5460 38732972    6.75%
Elapsed time = 598.32 sec. (374008.06 ticks, tree = 5891.53 MB, solutions = 2)
Nodefile size = 3835.77 MB (3037.39 MB after compression)
 444607 262861    infeasible            134.4655      143.5460 39202975    6.75%
 446646 265320        cutoff            134.4655      143.5460 39455435    6.75%
 452648 267666      143.5460   133      134.4655      143.5460 39708570    6.75%
 459397 273040      143.5460   115      134.4655      143.5460 40279683    6.75%
 465509 277487      142.5519   170      134.4655      143.5460 40764204    6.75%
 471571 281480      142.3658   104      134.4655      143.5460 41230537    6.75%
 478296 286236      143.4934   142      134.4655      143.5460 41693686    6.75%
 485143 291869        cutoff            134.4655      143.5460 42202434    6.75%
 491346 295012      143.5460   157      134.4655      143.5460 42571314    6.75%
 497304 300167    infeasible            134.4655      143.5460 43088755    6.75%
Elapsed time = 685.37 sec. (412162.00 ticks, tree = 7006.12 MB, solutions = 2)
Nodefile size = 4953.41 MB (3933.98 MB after compression)
 502549 304427      143.5460   147      134.4655      143.5460 43516797    6.75%
 508580 309094      143.5456   157      134.4655      143.5460 43987385    6.75%
 515359 311622      143.5460   134      134.4655      143.5460 44290509    6.75%
 519968 316801      143.0043   160      134.4655      143.5460 44737250    6.75%
 523059 318990      143.1307   120      134.4655      143.5460 44950353    6.75%
 529790 323210    infeasible            134.4655      143.5460 45324976    6.75%
 535744 327889    infeasible            134.4655      143.5460 45766078    6.75%
 541402 332949        cutoff            134.4655      143.5460 46312681    6.75%
 546544 336903    infeasible            134.4655      143.5460 46710277    6.75%
 552197 339187      143.1156   143      134.4655      143.5460 46980381    6.75%
Elapsed time = 771.08 sec. (450314.25 ticks, tree = 8055.24 MB, solutions = 2)
Nodefile size = 5999.82 MB (4776.11 MB after compression)
 557869 344010    infeasible            134.4655      143.5460 47583711    6.75%
 563706 347030    infeasible            134.4655      143.5460 47982953    6.75%
 569988 350885      143.3926   156      134.4655      143.5460 48443971    6.75%
 576135 354165      140.8126   141      134.4655      143.5460 48863390    6.75%
 581630 358185      143.5460   140      134.4655      143.5460 49355275    6.75%
 583239 360115      143.5460   141      134.4655      143.5460 49566141    6.75%
 587872 362078    infeasible            134.4655      143.5460 49773647    6.75%
 593293 366542      143.5460   131      134.4655      143.5460 50332877    6.75%
 597601 368319      143.5460   158      134.4655      143.5460 50546699    6.75%
 602304 373040      142.3659   140      134.4655      143.5460 51164378    6.75%
Elapsed time = 853.17 sec. (488467.93 ticks, tree = 8975.29 MB, solutions = 2)
Nodefile size = 6923.52 MB (5512.68 MB after compression)
 605914 375320      143.5460   144      134.4655      143.5460 51448041    6.75%
 608536 377481      143.5460   188      134.4655      143.5460 51782685    6.75%
 610816 379080      142.0501   106      134.4655      143.5460 52029389    6.75%
 612863 380309      143.5460   146      134.4655      143.5460 52240966    6.75%
 614587 381670      143.5460   191      134.4655      143.5460 52453135    6.75%
 616754 383035      143.5460   170      134.4655      143.5460 52692399    6.75%
 619879 385665      143.5392   138      134.4655      143.5460 53106457    6.75%

Clique cuts applied:  77
Cover cuts applied:  897
Implied bound cuts applied:  64
Flow cuts applied:  61
Mixed integer rounding cuts applied:  212
Zero-half cuts applied:  33
Lift and project cuts applied:  11
Gomory fractional cuts applied:  66

Root node processing (before b&c):
  Real time             =    4.65 sec. (3610.76 ticks)
Parallel b&c, 16 threads:
  Real time             =  900.88 sec. (514044.29 ticks)
  Sync time (average)   =  332.41 sec.
  Wait time (average)   =    0.03 sec.
                          ------------
Total (root+branch&cut) =  905.53 sec. (517655.05 ticks)

Solution pool: 2 solutions saved.

MIP - Time limit exceeded, integer feasible:  Objective =  1.3446547900e+02
Current MIP best bound =  1.4354602284e+02 (gap = 9.08054, 6.75%)
Solution time =  905.54 sec.  Iterations = 53369621  Nodes = 620987 (387622)
Deterministic time = 517655.07 ticks  (571.65 ticks/sec)

CPLEX> Incumbent solution written to file '/localscratch/arosati/70372665/tmpym1wqiuy.cplex.sol'.
CPLEX> 
