Solver command line: ['/opt/sw/arch/easybuild/2018b/software/CPLEX/12.9-GCCcore-8.2.0/cplex/bin/x86-64_linux/cplex']


Welcome to IBM(R) ILOG(R) CPLEX(R) Interactive Optimizer 12.9.0.0
  with Simplex, Mixed Integer & Barrier Optimizers
5725-A06 5725-A29 5724-Y48 5724-Y49 5724-Y54 5724-Y55 5655-Y21
Copyright IBM Corp. 1988, 2019.  All Rights Reserved.

Type 'help' for a list of available commands.
Type 'help' followed by a command name for more
information on commands.

CPLEX> Logfile 'cplex.log' closed.
Logfile 'obj_4_5.log' open.
CPLEX> New value for default parallel thread count: 16
CPLEX> New value for time limit in seconds: 900
CPLEX> New value for mixed integer optimality gap tolerance: 0.05
CPLEX> Problem '/localscratch/arosati/70372665/tmpkzkhe1hz.pyomo.lp' read.
Read time = 0.02 sec. (0.94 ticks)
CPLEX> MIP start file '/localscratch/arosati/70372665/tmpidahbzx4.cplex.mst' read.
CPLEX> Problem name         : /localscratch/arosati/70372665/tmpkzkhe1hz.pyomo.lp
Objective sense      : Minimize
Variables            :    6825  [Nneg: 1,  General Integer: 6824]
Objective nonzeros   :      57
Linear constraints   :    2387  [Less: 1970,  Equal: 417]
  Nonzeros           :   52145
  RHS nonzeros       :    1123

Variables            : Min LB: 0.000000         Max UB: 15.00000       
Objective nonzeros   : Min   : 1.000000         Max   : 101.0000       
Linear constraints   :
  Nonzeros           : Min   : 1.000000         Max   : 225.0000       
  RHS nonzeros       : Min   : 1.000000         Max   : 28.00000       
CPLEX> CPXPARAM_Threads                                 16
CPXPARAM_TimeLimit                               900
CPXPARAM_MIP_Tolerances_MIPGap                   0.050000000000000003
1 of 1 MIP starts provided solutions.
MIP start 'm1' defined initial solution with objective 104.0000.
Tried aggregator 1 time.
MIP Presolve eliminated 663 rows and 433 columns.
MIP Presolve modified 6700 coefficients.
Reduced MIP has 1720 rows, 6392 columns, and 34462 nonzeros.
Reduced MIP has 6336 binaries, 56 generals, 0 SOSs, and 0 indicators.
Presolve time = 0.03 sec. (28.29 ticks)
Probing time = 0.02 sec. (4.82 ticks)
Tried aggregator 1 time.
Reduced MIP has 1720 rows, 6392 columns, and 34462 nonzeros.
Reduced MIP has 6336 binaries, 56 generals, 0 SOSs, and 0 indicators.
Presolve time = 0.03 sec. (29.37 ticks)
Probing time = 0.01 sec. (4.73 ticks)
Clique table members: 14997.
MIP emphasis: balance optimality and feasibility.
MIP search method: dynamic search.
Parallel mode: deterministic, using up to 16 threads.
Root relaxation solution time = 0.08 sec. (65.43 ticks)

        Nodes                                         Cuts/
   Node  Left     Objective  IInf  Best Integer    Best Bound    ItCnt     Gap

*     0+    0                          104.0000     -493.0000           574.04%
      0     0     -315.6610   802      104.0000     -315.6610     1705  403.52%
      0     0     -305.0551   678      104.0000     Cuts: 278     2531  393.32%
      0     0     -293.3590   826      104.0000     Cuts: 522     3433  382.08%
      0     0     -289.9547   963      104.0000     Cuts: 502     4887  378.80%
*     0+    0                           83.0000     -289.9547           449.34%
*     0+    0                           79.0000     -289.9547           467.03%
*     0+    0                           67.0000     -289.9547           532.77%
*     0+    0                           60.0000     -289.9547           583.26%
      0     0     -288.1450  1021       60.0000     Cuts: 512     6646  580.24%
*     0+    0                           59.0000     -288.1450           588.38%
      0     0     -286.8482  1070       59.0000     Cuts: 473     9033  586.18%
*     0+    0                           29.0000     -286.8482              --- 
      0     0     -285.0385  1074       29.0000     Cuts: 458    13119     --- 
*     0+    0                           21.0000     -285.0385              --- 
      0     0     -281.9133  1064       21.0000     Cuts: 476    15323     --- 
      0     0     -280.7976  1125       21.0000     Cuts: 430    17633     --- 
      0     0     -280.2675  1116       21.0000     Cuts: 417    19475     --- 
      0     0     -279.5031  1167       21.0000     Cuts: 437    21930     --- 
      0     0     -278.6110  1114       21.0000     Cuts: 395    24528     --- 
      0     0     -277.8152  1068       21.0000     Cuts: 424    26941     --- 
      0     0     -277.5054  1128       21.0000     Cuts: 417    28664     --- 
      0     0     -277.2269  1111       21.0000     Cuts: 408    31056     --- 
      0     0     -276.9288  1095       21.0000     Cuts: 365    33818     --- 
      0     0     -276.8068  1089       21.0000     Cuts: 360    37027     --- 
      0     0     -276.4919  1072       21.0000     Cuts: 398    39368     --- 
      0     0     -276.2742  1135       21.0000     Cuts: 404    41453     --- 
*     0+    0                           17.0000     -276.2742              --- 
      0     0     -276.1172  1085       17.0000     Cuts: 374    43545     --- 
*     0+    0                           15.0000     -276.1172              --- 
*     0+    0                           13.0000     -276.1172              --- 
*     0+    0                            6.0000     -276.1172              --- 
      0     0     -276.0002  1141        6.0000     Cuts: 384    45394     --- 
      0     0     -275.8961  1189        6.0000     Cuts: 387    47324     --- 
*     0+    0                            5.0000     -275.8961              --- 
      0     0     -275.7516  1096        5.0000     Cuts: 389    49467     --- 
*     0+    0                            4.0000     -275.7516              --- 
*     0+    0                            3.0000     -275.7516              --- 
      0     0     -275.6845  1156        3.0000     Cuts: 370    51673     --- 
      0     0     -275.6572  1167        3.0000     Cuts: 400    54030     --- 
      0     0     -275.6129   902        3.0000     Cuts: 162    54760     --- 
*     0+    0                            1.0000     -275.6129              --- 
      0     0     -275.5331  1019        1.0000     Cuts: 397    55809     --- 
*     0+    0                            0.0000     -275.5331              --- 
      0     0     -275.5193  1013        0.0000     Cuts: 377    56985     --- 
      0     2     -275.5193   616        0.0000     -275.5193    56985     --- 
Elapsed time = 36.12 sec. (26683.56 ticks, tree = 0.02 MB, solutions = 17)
     99    74     -268.5239   602        0.0000     -275.4275    65468     --- 
    344   303     -270.7416   577        0.0000     -275.4275    93917     --- 
    851   731     -255.8573   424        0.0000     -275.4275   123030     --- 
   1638  1395     -228.8720   386        0.0000     -275.4275   150235     --- 
   2669  2209     -144.0897   269        0.0000     -275.4275   168543     --- 
   3994  3322     -183.7974   329        0.0000     -275.4275   188125     --- 
   4546  4453     -158.9365   637        0.0000     -158.9365   317829     --- 
   4547  4453     -158.7491   634        0.0000     -158.6840   317860     --- 
   4548  4454     -158.5185   624        0.0000     -158.1516   317912     --- 
   4551  4457     -157.8006   623        0.0000     -157.5620   317959     --- 
Elapsed time = 153.41 sec. (114607.93 ticks, tree = 14.39 MB, solutions = 17)
   4561   905     -145.9923   611        0.0000     -157.1900   318067     --- 
   4568    56     -155.1721   623        0.0000     -157.1900   318018     --- 
   4603    29     -140.0982   597        0.0000     -157.1900   323645     --- 
   4787   120     -142.0185   606        0.0000     -155.9923   334994     --- 
   5516   439     -144.4131   604        0.0000     -155.9923   349616     --- 
   7003  1675      -98.4224   429        0.0000     -155.9923   394716     --- 
   8652  3298      -56.1548   318        0.0000     -155.9923   435330     --- 
   9962  4465     -137.1993   549        0.0000     -153.3595   477869     --- 
  11827  6022       -5.7545   278        0.0000     -152.8566   527830     --- 
  13381  7959     -145.6239   618        0.0000     -152.8566   581404     --- 
Elapsed time = 166.17 sec. (124201.97 ticks, tree = 20.98 MB, solutions = 17)
  15172  9434     -106.0079   431        0.0000     -152.8566   613365     --- 
  16420 10937      -41.5464   312        0.0000     -152.8408   655406     --- 
  17437 11936      -86.7775   385        0.0000     -152.6269   696379     --- 
  18070 12428      -57.3635   331        0.0000     -152.6269   726068     --- 
  18748 13221     -109.5504   535        0.0000     -152.6269   756951     --- 
  19082 13409     -107.8342   514        0.0000     -152.5068   768873     --- 
  19200 13711     -132.0738   623        0.0000     -152.5068   794875     --- 
  19265 13711     -141.2478   825        0.0000     -152.5068   798724     --- 
  19282 13852     -135.9136   694        0.0000     -152.5068   829240     --- 
  19311 13910     -121.1843   560        0.0000     -152.5068   851477     --- 
Elapsed time = 178.57 sec. (133809.63 ticks, tree = 37.52 MB, solutions = 17)
  19426 14191     -104.4929   490        0.0000     -152.5068   888243     --- 
  19487 14071     -151.4030   917        0.0000     -152.5068   880385     --- 
  19558 14336     -108.1791   522        0.0000     -152.5068   946334     --- 
  19589 14329     -125.4611   781        0.0000     -152.5068   947885     --- 
  19602 14340     -128.0988   843        0.0000     -152.4997   961521     --- 
  19611 14410     -119.1876   793        0.0000     -152.4997  1009181     --- 
  19628 14417     -111.3823   797        0.0000     -152.4997  1024620     --- 
  19651 14451     -125.6930   742        0.0000     -152.4997  1094470     --- 
  19673 14465     -100.3742   611        0.0000     -152.4997  1109682     --- 
  19694 14480     -100.0815   647        0.0000     -152.4997  1127432     --- 
Elapsed time = 191.59 sec. (143727.63 ticks, tree = 39.15 MB, solutions = 17)
  19709 14509     -135.8518   903        0.0000     -152.4997  1189653     --- 
  19726 14504     -130.5140   853        0.0000     -152.4997  1178689     --- 
  19741 14541     -116.0488   755        0.0000     -152.4997  1251474     --- 
  19751 14523     -111.3822   751        0.0000     -152.4997  1222070     --- 
  19775 14549     -119.5560   837        0.0000     -152.4997  1282101     --- 
  19797 14575      -96.8720   683        0.0000     -152.4997  1341883     --- 
  19816 14600     -121.5748   781        0.0000     -152.4997  1386976     --- 
  19836 14630     -115.7426   745        0.0000     -152.4997  1436632     --- 
  19854 14623     -131.6656   794        0.0000     -152.4997  1424514     --- 
  19873 14637     -148.6879   963        0.0000     -152.4997  1465118     --- 
Elapsed time = 205.10 sec. (153707.42 ticks, tree = 39.84 MB, solutions = 17)
  19899 14641     -132.2506   827        0.0000     -152.4997  1478239     --- 
  19923 14701      -87.0461   541        0.0000     -152.4997  1551576     --- 
  19946 14736      -79.4552   461        0.0000     -152.4997  1602878     --- 
  19974 14772      -70.2620   408        0.0000     -152.4997  1649087     --- 
  20007 14768     -127.2997   815        0.0000     -152.4997  1656924     --- 
  20035 14811     -118.1762   726        0.0000     -152.4997  1732700     --- 
  20055 14792     -103.3538   784        0.0000     -152.4997  1715184     --- 
  20076 14847     -105.1658   623        0.0000     -152.4997  1776509     --- 
  20097 14869     -105.1579   657        0.0000     -152.4997  1814782     --- 
  20120 14859     -103.3538   745        0.0000     -152.4997  1815936     --- 
Elapsed time = 218.77 sec. (163549.81 ticks, tree = 40.49 MB, solutions = 17)
  20147 14890     -100.9777   750        0.0000     -152.4997  1861538     --- 
  20165 14900     -133.8204   858        0.0000     -152.4997  1880080     --- 
  20182 14912     -108.0239   773        0.0000     -152.4997  1894858     --- 
  20211 14922     -119.1334   817        0.0000     -152.4997  1911841     --- 
  20228 15003      -99.2326   710        0.0000     -152.4997  2009601     --- 
  20248 15022     -109.9332   731        0.0000     -152.4997  2039047     --- 
  20265 15033     -126.1232   875        0.0000     -152.4997  2058089     --- 
  20282 15064      -95.8927   679        0.0000     -152.4997  2114178     --- 
  20305 15065      -95.8666   619        0.0000     -152.4997  2116894     --- 
  20328 15117      -99.2244   700        0.0000     -152.4997  2217005     --- 
Elapsed time = 232.70 sec. (173454.28 ticks, tree = 41.24 MB, solutions = 17)
  20350 15100      -87.5064   642        0.0000     -152.4997  2200882     --- 
  20377 15147      -90.2473   610        0.0000     -152.4997  2265665     --- 
  20393 15148     -112.3055   729        0.0000     -152.4997  2276957     --- 
  20420 15203      -81.4097   604        0.0000     -152.4997  2355891     --- 
  20446 15194      -89.2947   654        0.0000     -152.4997  2331989     --- 
  20465 15256     -100.4113   708        0.0000     -152.4997  2445263     --- 
  20487 15247     -118.4462   874        0.0000     -152.4997  2431357     --- 
  20511 15270      -79.8697   629        0.0000     -152.4997  2465622     --- 
  20543 15282      -86.8596   608        0.0000     -152.4997  2487540     --- 
  20597 15274     -100.9582   709        0.0000     -152.4997  2485687     --- 
Elapsed time = 246.10 sec. (183244.63 ticks, tree = 41.72 MB, solutions = 17)
  20652 15389      -44.2899   362        0.0000     -152.4997  2566903     --- 
  20724 15492      -27.4419   322        0.0000     -152.4997  2647953     --- 
  20784 15490     -103.7287   737        0.0000     -152.4997  2687334     --- 
  20818 15495     -103.7287   664        0.0000     -152.4997  2689028     --- 
  20880 15498      -99.1767   765        0.0000     -152.4997  2698476     --- 
  20902 15651     -103.6410   701        0.0000     -152.4997  2796165     --- 
  20936 15667     -111.3032   702        0.0000     -152.4997  2823297     --- 
  20971 15703     -102.6472   608        0.0000     -152.4997  2860485     --- 
  21003 15669      -94.3530   744        0.0000     -152.4997  2838048     --- 
  21029 15750     -111.0420   746        0.0000     -152.4997  2920834     --- 
Elapsed time = 259.33 sec. (193013.75 ticks, tree = 43.05 MB, solutions = 17)
  21072 15797      -88.8118   478        0.0000     -152.4997  2947166     --- 
  21146 15799      -91.2192   655        0.0000     -152.4997  2966953     --- 
  21168 15821      -94.3501   710        0.0000     -152.4997  3013953     --- 
  21201 15832      -77.9025   641        0.0000     -152.4997  3022008     --- 
  21232 15906     -143.5928   930        0.0000     -152.4997  3057422     --- 
  21260 15922      -81.0028   631        0.0000     -152.4997  3066408     --- 
  21287 16011      -94.7161   693        0.0000     -152.4997  3146848     --- 
  21307 16056      -87.8706   629        0.0000     -152.4997  3188434     --- 
  21333 16082     -110.3446   712        0.0000     -152.4997  3238161     --- 
  21487 16157      -79.7101   644        0.0000     -152.4997  3351938     --- 
Elapsed time = 278.28 sec. (205776.65 ticks, tree = 44.22 MB, solutions = 17)
  21642 16289     -109.9366   754        0.0000     -152.4997  3489967     --- 
  21759 16458      -77.4879   597        0.0000     -152.4997  3683625     --- 
  21938 16508     -109.9145   724        0.0000     -152.4997  3760978     --- 
  22070 16778      -35.5609   546        0.0000     -152.2982  3961391     --- 
  22263 16943      -85.4369   606        0.0000     -152.2982  4125063     --- 
  22366 17043     -142.7645   998        0.0000     -152.2982  4216443     --- 
  22414 17141     -111.2590   857        0.0000     -152.2982  4352402     --- 
  22462 17185     -130.1833   908        0.0000     -152.2982  4452148     --- 
  22513 17259      -94.7738   730        0.0000     -152.2982  4668906     --- 
  22564 17265     -117.6283   858        0.0000     -152.2982  4696696     --- 
Elapsed time = 330.14 sec. (244409.77 ticks, tree = 48.06 MB, solutions = 17)
  22625 17344     -115.8723   797        0.0000     -152.2982  4922657     --- 
  22690 17421     -109.9755   809        0.0000     -152.2982  5104472     --- 
  22757 17438     -107.4966   761        0.0000     -152.2982  5149700     --- 
  22820 17529     -113.1941   823        0.0000     -152.2982  5328077     --- 
  22892 17628      -70.2041   706        0.0000     -152.2982  5542852     --- 
  22992 17714     -112.0754   839        0.0000     -152.2982  5709180     --- 
  23130 17753     -102.1921   499        0.0000     -152.2982  5731459     --- 
  23320 17953      -96.9438   774        0.0000     -152.2982  5950957     --- 
  23446 17970      -76.3864   636        0.0000     -152.2982  5983071     --- 
  23545 18191      -62.1547   608        0.0000     -152.2982  6195514     --- 
Elapsed time = 383.05 sec. (282924.13 ticks, tree = 50.75 MB, solutions = 17)
  23637 18258      -84.1609   692        0.0000     -152.2982  6337442     --- 
  23710 18387     -112.0605   814        0.0000     -152.2982  6499098     --- 
  23782 18506     -133.8627   934        0.0000     -152.2982  6714033     --- 
  23971 18609      -47.0848   462        0.0000     -152.2982  6843330     --- 
  24081 18538      -81.8841   654        0.0000     -152.2982  6766485     --- 
  24177 18881      -82.2743   704        0.0000     -152.2982  7116625     --- 
  24278 18870     -117.3128   836        0.0000     -152.2982  7110746     --- 
  24391 19004     -106.6739   751        0.0000     -151.8849  7334646     --- 
  24539 19093      -73.2638   551        0.0000     -151.8849  7451457     --- 
  24632 19148     -106.1949   753        0.0000     -151.8849  7557839     --- 
Elapsed time = 436.00 sec. (321510.05 ticks, tree = 53.57 MB, solutions = 17)
  24750 19386      -97.1591   719        0.0000     -151.8849  7866369     --- 
  24861 19458      -66.6032   669        0.0000     -151.8849  7970258     --- 
  24958 19536      -98.7128   824        0.0000     -151.8849  8103559     --- 
  25055 19622      -61.6277   569        0.0000     -151.8849  8228955     --- 
  25172 19782     -102.9846   736        0.0000     -151.8849  8480335     --- 
  25270 19904      -81.9335   641        0.0000     -151.8849  8634993     --- 
  25350 19936     -102.9567   749        0.0000     -151.7564  8709715     --- 
  25437 19991      -99.1407   774        0.0000     -151.7564  8808238     --- 
  25545 20108     -143.5314   974        0.0000     -151.7564  8983974     --- 
  25628 20286     -104.5200   781        0.0000     -151.7564  9279836     --- 
Elapsed time = 492.75 sec. (360124.72 ticks, tree = 56.82 MB, solutions = 17)
  25776 20278     -101.1300   661        0.0000     -151.7564  9226794     --- 
  25992 20395      -98.9650   716        0.0000     -151.7564  9453373     --- 
  26426 20714     -103.8856   614        0.0000     -151.7564  9644051     --- 
  26850 20728     -126.2011   835        0.0000     -151.7564  9734114     --- 
  27250 20780     -126.8140   939        0.0000     -151.7564  9824048     --- 
  28177 21469     -142.7540  1008        0.0000     -151.6817 10003320     --- 
  28693 22132      -87.2239   585        0.0000     -151.6289 10198654     --- 
  28978 22234     -124.0323   627        0.0000     -151.5952 10245988     --- 
  29661 22988      -85.9348   468        0.0000     -151.5952 10349731     --- 
  30067 23523      -99.0524   588        0.0000     -151.5952 10528119     --- 
Elapsed time = 546.50 sec. (398454.26 ticks, tree = 130.86 MB, solutions = 17)
  30778 24625     -108.6361   575        0.0000     -151.5952 10699238     --- 
  31228 24858      -44.5848   416        0.0000     -151.4811 10760912     --- 
  31770 25290     -119.7565   804        0.0000     -151.4811 10937435     --- 
  32339 26239      -67.8672   489        0.0000     -151.4811 11098964     --- 
  33903 26640      -64.6964   445        0.0000     -151.4811 11150709     --- 
  34222 27016      -51.4728   452        0.0000     -151.3069 11284902     --- 
  34594 26960     -124.2291   809        0.0000     -151.3069 11307499     --- 
  35469 29167     -126.8320   624        0.0000     -151.3069 11655068     --- 
  36189 29835      -67.2603   415        0.0000     -151.2517 11775368     --- 
  37358 29970     -144.7241   926        0.0000     -151.2393 11837736     --- 
Elapsed time = 599.13 sec. (436658.08 ticks, tree = 300.22 MB, solutions = 17)
  37752 29926     -111.1585   617        0.0000     -151.2393 11881615     --- 
  38078 30634     -131.5515   885        0.0000     -151.2393 12031964     --- 
  38494 31412     -127.9716   844        0.0000     -151.2393 12097016     --- 
  38821 32412      -95.4882   678        0.0000     -151.2393 12276995     --- 
  39365 33047     -126.1377   720        0.0000     -151.2393 12584489     --- 
  39525 33168     -121.0739   666        0.0000     -151.2393 12604175     --- 
  39836 33709      -11.9335   392        0.0000     -151.2393 12735597     --- 
  40513 33657     -109.1787   550        0.0000     -151.2393 12725567     --- 
  41033 34648     -134.4436   947        0.0000     -151.2006 13007710     --- 
  41577 34978     -130.3009   731        0.0000     -151.2006 13142141     --- 
Elapsed time = 654.43 sec. (474914.94 ticks, tree = 443.93 MB, solutions = 17)
  42301 35474     -122.3346   636        0.0000     -151.2006 13242208     --- 
  43034 36393      -89.1469   573        0.0000     -151.1849 13367444     --- 
  43588 37399     -112.0836   560        0.0000     -151.1165 13503496     --- 
  44056 36606      -87.3634   646        0.0000     -151.0309 13403940     --- 
  44335 37809     -137.8069   898        0.0000     -151.0218 13615828     --- 
  44660 37940      -88.0914   496        0.0000     -151.0218 13624284     --- 
  45262 38075     -124.1491   859        0.0000     -151.0218 13741717     --- 
  46133 39091       -1.0438   320        0.0000     -151.0218 14024721     --- 
  46407 39761     -140.4618   882        0.0000     -151.0218 14248797     --- 
  46492 39861     -132.9517   982        0.0000     -151.0218 14279893     --- 
Elapsed time = 711.80 sec. (513277.71 ticks, tree = 560.25 MB, solutions = 17)
  46642 40314     -149.3555  1093        0.0000     -151.0218 14339967     --- 
  46996 40778     -108.5947   723        0.0000     -150.9272 14431849     --- 
  47899 40976     -100.6332   527        0.0000     -150.9272 14534232     --- 
  48571 41482     -128.6396   853        0.0000     -150.8524 14767703     --- 
  48782 42771      -66.1337   433        0.0000     -150.7944 14970741     --- 
  49120 42342     -135.7477   956        0.0000     -150.7944 14917481     --- 
  49389 42873     -142.0283  1017        0.0000     -150.7102 14977605     --- 
  49725 42792      -56.4919   553        0.0000     -150.7102 15084118     --- 
  50364 43078     -123.2956   686        0.0000     -150.7102 15324630     --- 
  50864 43550     -141.7705   947        0.0000     -150.7102 15467197     --- 
Elapsed time = 766.04 sec. (551659.65 ticks, tree = 629.77 MB, solutions = 17)
  51059 44373      -88.6335   685        0.0000     -150.6802 15723392     --- 
  51475 44525      -26.1650   381        0.0000     -150.6269 15733619     --- 
  51946 45097      -39.7248   443        0.0000     -150.6269 16024270     --- 
  52513 46062       -8.8370   262        0.0000     -150.6269 16201093     --- 
  52979 45701      -55.9677   448        0.0000     -150.5996 16171932     --- 
  53752 46143     -135.0724   740        0.0000     -150.5996 16241785     --- 
  54063 46836     -130.0117   771        0.0000     -150.5347 16455988     --- 
  54308 46747     -129.3683   860        0.0000     -150.5347 16442517     --- 
  54530 47985     -148.2012   981        0.0000     -150.5215 16755667     --- 
  54859 48101     -113.6417   704        0.0000     -150.5215 16839806     --- 
Elapsed time = 821.49 sec. (590005.02 ticks, tree = 806.58 MB, solutions = 17)
  55389 48088      -43.8885   424        0.0000     -150.5215 16804349     --- 
  55975 49093      -49.2157   530        0.0000     -150.5215 17252414     --- 
  56299 49018      -40.9941   561        0.0000     -150.5215 17246449     --- 
  56767 49837      -56.2921   450        0.0000     -150.5215 17422370     --- 
  57405 50222      -90.5845   565        0.0000     -150.5215 17625158     --- 
  57744 49863      -96.5281   599        0.0000     -150.5215 17487567     --- 
  57990 50257     -109.3497   739        0.0000     -150.5215 17643593     --- 
  58528 51706      -50.9133   497        0.0000     -150.4562 18049573     --- 
  59128 51990      -37.1579   397        0.0000     -150.4562 18097991     --- 
  59411 51721     -135.0474   992        0.0000     -150.4562 18067463     --- 
Elapsed time = 878.23 sec. (628270.55 ticks, tree = 892.50 MB, solutions = 17)
  59652 52836     -101.5523   591        0.0000     -150.3995 18447041     --- 
  60209 52584      -25.5465   353        0.0000     -150.3995 18321954     --- 
  60502 53314      -33.3674   495        0.0000     -150.3995 18577678     --- 
  60859 53416      -52.6452   450        0.0000     -150.3893 18641964     --- 

Clique cuts applied:  406
Cover cuts applied:  1184
Implied bound cuts applied:  1
Flow cuts applied:  58
Mixed integer rounding cuts applied:  1281
Zero-half cuts applied:  299
Lift and project cuts applied:  30
Gomory fractional cuts applied:  63

Root node processing (before b&c):
  Real time             =   35.99 sec. (26634.76 ticks)
Parallel b&c, 16 threads:
  Real time             =  864.06 sec. (617861.69 ticks)
  Sync time (average)   =   85.64 sec.
  Wait time (average)   =    0.03 sec.
                          ------------
Total (root+branch&cut) =  900.04 sec. (644496.45 ticks)

Solution pool: 17 solutions saved.

MIP - Time limit exceeded, integer feasible:  Objective =  0.0000000000e+00
Current MIP best bound = -1.5031273710e+02 (gap = 150.313, 1.5e+14%)
Solution time =  900.05 sec.  Iterations = 19049480  Nodes = 60870 (54562)
Deterministic time = 644496.47 ticks  (716.07 ticks/sec)

CPLEX> Incumbent solution written to file '/localscratch/arosati/70372665/tmpuzhuykgg.cplex.sol'.
CPLEX> 
