Solver command line: ['/opt/sw/arch/easybuild/2018b/software/CPLEX/12.9-GCCcore-8.2.0/cplex/bin/x86-64_linux/cplex']


Welcome to IBM(R) ILOG(R) CPLEX(R) Interactive Optimizer 12.9.0.0
  with Simplex, Mixed Integer & Barrier Optimizers
5725-A06 5725-A29 5724-Y48 5724-Y49 5724-Y54 5724-Y55 5655-Y21
Copyright IBM Corp. 1988, 2019.  All Rights Reserved.

Type 'help' for a list of available commands.
Type 'help' followed by a command name for more
information on commands.

CPLEX> Logfile 'cplex.log' closed.
Logfile 'obj_2.log' open.
CPLEX> New value for default parallel thread count: 16
CPLEX> New value for mixed integer optimality gap tolerance: 0.05
CPLEX> Problem '/localscratch/arosati/70372665/tmprgz3w34y.pyomo.lp' read.
Read time = 0.35 sec. (13.65 ticks)
CPLEX> MIP start file '/localscratch/arosati/70372665/tmpytp42z9c.cplex.mst' read.
CPLEX> Problem name         : /localscratch/arosati/70372665/tmprgz3w34y.pyomo.lp
Objective sense      : Maximize
Variables            :  123877  [Nneg: 1,  General Integer: 123876]
Objective nonzeros   :     132
Linear constraints   :   31102  [Less: 19906,  Equal: 11196]
  Nonzeros           :  704626
  RHS nonzeros       :    3067

Variables            : Min LB: 0.000000         Max UB: 1.000000       
Objective nonzeros   : Min   : 1.000000         Max   : 1.000000       
Linear constraints   :
  Nonzeros           : Min   : 1.000000         Max   : 855.0000       
  RHS nonzeros       : Min   : 1.000000         Max   : 27.00000       
CPLEX> CPXPARAM_Threads                                 16
CPXPARAM_MIP_Tolerances_MIPGap                   0.050000000000000003
1 of 1 MIP starts provided solutions.
MIP start 'm1' defined initial solution with objective 4.0000.
Tried aggregator 5 times.
MIP Presolve eliminated 27266 rows and 22608 columns.
MIP Presolve modified 589 coefficients.
Aggregator did 256 substitutions.
Reduced MIP has 3580 rows, 101013 columns, and 463305 nonzeros.
Reduced MIP has 101013 binaries, 0 generals, 0 SOSs, and 0 indicators.
Presolve time = 1.41 sec. (829.77 ticks)
Tried aggregator 1 time.
Reduced MIP has 3580 rows, 101013 columns, and 463305 nonzeros.
Reduced MIP has 101013 binaries, 0 generals, 0 SOSs, and 0 indicators.
Presolve time = 0.97 sec. (555.97 ticks)
Probing time = 0.20 sec. (30.24 ticks)
Clique table members: 231916.
MIP emphasis: balance optimality and feasibility.
MIP search method: dynamic search.
Parallel mode: deterministic, using up to 16 threads.
Root relaxation solution time = 0.58 sec. (463.79 ticks)

        Nodes                                         Cuts/
   Node  Left     Objective  IInf  Best Integer    Best Bound    ItCnt     Gap

*     0+    0                            4.0000      132.0000              --- 
      0     0       83.3717   285        4.0000       83.3717     3036     --- 
      0     0       74.5933  1625        4.0000     Cuts: 995     8144     --- 
      0     0       74.3740  2220        4.0000     Cuts: 995    12667     --- 
      0     0       72.0866  2546        4.0000     Cuts: 995    18359     --- 
      0     0       64.9297  2728        4.0000     Cuts: 995    26406     --- 
      0     0       48.3593  2882        4.0000     Cuts: 995    34320     --- 
      0     0       43.3838  2786        4.0000     Cuts: 995    47702  984.60%
*     0+    0                            6.0000       43.3838           623.06%
      0     0       37.6359  2906        6.0000     Cuts: 995    72654  527.27%
      0     0       36.5002  2905        6.0000     Cuts: 995    84791  508.34%
      0     0       34.5477  2793        6.0000     Cuts: 995   102705  475.80%
*     0+    0                            8.0000       34.5477           331.85%
*     0+    0                           14.0000       34.5477           146.77%
      0     0       34.3558  2968       14.0000     Cuts: 995   115994  145.40%
      0     0       33.8596  2721       14.0000     Cuts: 995   142028  141.85%
      0     0       33.5712  2755       14.0000     Cuts: 808   163831  139.79%
*     0+    0                           22.0000       33.5712            52.60%
      0     0       32.8847  2983       22.0000     Cuts: 796   174379   49.48%
      0     0       32.3532  2760       22.0000     Cuts: 965   187655   47.06%
      0     0       32.2379  2976       22.0000     Cuts: 855   201700   46.54%
      0     0       31.9541  3129       22.0000     Cuts: 887   215600   45.25%
      0     0       31.9394  2735       22.0000     Cuts: 914   227993   45.18%
      0     0       31.8637  2793       22.0000     Cuts: 796   245751   44.83%
      0     0       31.7112  2862       22.0000     Cuts: 765   256862   44.14%
      0     0       31.6941  2770       22.0000     Cuts: 995   270001   44.06%
      0     0       31.6772  3007       22.0000     Cuts: 995   282093   43.99%
      0     0       31.6767  3173       22.0000     Cuts: 875   295865   43.99%
      0     0       31.6754  3108       22.0000     Cuts: 995   312176   43.98%
      0     0       31.6672  3047       22.0000     Cuts: 995   325537   43.94%
      0     0       31.6659  3062       22.0000     Cuts: 986   338254   43.94%
Heuristic still looking.
Heuristic still looking.
Heuristic still looking.
      0     2       31.6659  3062       22.0000       31.6659   338254   43.94%
Elapsed time = 1327.02 sec. (880273.56 ticks, tree = 0.02 MB, solutions = 5)
      1     3       31.6659  2862       22.0000       31.6659   349351   43.94%
      2     4       31.6659  2729       22.0000       31.6659   360888   43.94%
      3     3       31.6532  2814       22.0000       31.6659   359276   43.94%
      4     4       31.6659  2801       22.0000       31.6659   358936   43.94%
      5     5       31.6659  2659       22.0000       31.6659   371217   43.94%
      6     6       30.9350  2796       22.0000       31.6659   392325   43.94%
      7     7       30.9354  2787       22.0000       31.6659   401990   43.94%
      8     8       31.6659  2564       22.0000       31.6659   412995   43.94%
      9     5       31.6659  2669       22.0000       31.6659   368624   43.94%
     10    10       30.6530  2591       22.0000       31.6659   432382   43.94%
Elapsed time = 1471.07 sec. (983112.30 ticks, tree = 0.10 MB, solutions = 5)
     12    12       31.6659  2640       22.0000       31.6659   450555   43.94%
     15     8       31.6659  2625       22.0000       31.6659   412212   43.94%
     17     7       30.7668  2685       22.0000       31.6659   402465   43.94%
     18    14       29.2494  2560       22.0000       31.6659   467666   43.94%
     19    14       27.6659  2426       22.0000       31.6659   469251   43.94%
     22    11       31.6659  2502       22.0000       31.6659   442635   43.94%
     23    17       28.7790  2537       22.0000       31.6659   497597   43.94%
     25    10       30.6516  2638       22.0000       31.6659   432462   43.94%
     26    16       30.4601  2839       22.0000       31.6659   489697   43.94%
     28    20       30.4889  2665       22.0000       31.6659   534286   43.94%
Elapsed time = 1519.10 sec. (1008720.19 ticks, tree = 0.09 MB, solutions = 5)
     29    21       27.6659  2405       22.0000       31.6659   540808   43.94%
     30    22       26.0824  2491       22.0000       31.6659   549116   43.94%
     31    23       29.0824  2509       22.0000       31.6659   558247   43.94%
     34    27       29.0824  2533       22.0000       31.6659   595494   43.94%
     35    26       28.7790  2523       22.0000       31.6659   586825   43.94%
     38    13       30.6516  2565       22.0000       31.6659   461310   43.94%
     39    29       29.7400  2413       22.0000       31.6659   618613   43.94%
     40    31       29.4223  2350       22.0000       31.6659   638346   43.94%
     41    28       27.6659  2348       22.0000       31.6659   603360   43.94%
     44    33       26.0824  2461       22.0000       31.6659   654435   43.94%
Elapsed time = 1573.23 sec. (1038043.80 ticks, tree = 0.47 MB, solutions = 5)
     46    35       29.2494  2606       22.0000       31.6659   671826   43.94%
     47    34       27.6659  2495       22.0000       31.6659   664138   43.94%
     48    29       30.6516  2680       22.0000       31.6659   617032   43.94%
     49    38       30.6516  2577       22.0000       31.6659   708447   43.94%
     50    32       29.4223  2370       22.0000       31.6659   646388   43.94%
     51    37       28.5012  2480       22.0000       31.6659   691432   43.94%
     53    33       26.2494  2494       22.0000       31.6659   654998   43.94%
     55    39       29.5849  2209       22.0000       31.6659   721665   43.94%
     56    34       23.6659  2397       22.0000       31.6659   663238   43.94%
     57    35       27.6659  2482       22.0000       31.6659   671974   43.94%
Elapsed time = 1598.90 sec. (1056605.62 ticks, tree = 0.66 MB, solutions = 5)
     59    36       29.2494  2496       22.0000       31.6659   681261   43.94%
     60    49       29.7400  2306       22.0000       31.6659   807789   43.94%
     63    46       29.4223  2300       22.0000       31.6659   781518   43.94%
     66    15       29.0824  2461       22.0000       31.6659   478966   43.94%
     67    53       30.6516  2298       22.0000       31.6659   841188   43.94%
     68    58       24.0824  2493       22.0000       31.6659   884844   43.94%
     69    54       28.6548  1986       22.0000       31.6659   855967   43.94%
     71    56       26.0824  2455       22.0000       31.6659   870465   43.94%
     72    42       27.6659  2391       22.0000       31.6659   742989   43.94%
     73    62       30.4927  2537       22.0000       31.6659   919201   43.94%
Elapsed time = 1634.47 sec. (1075380.66 ticks, tree = 1.52 MB, solutions = 5)
     74    60       29.2494  2451       22.0000       31.6659   905407   43.94%
     77    51       26.0824  2449       22.0000       31.6659   827784   43.94%
     79    54       30.6516  2210       22.0000       31.6659   848390   43.94%
     82    48       29.4223  2234       22.0000       31.6659   792884   43.94%
     83    55       29.5849  2219       22.0000       31.6659   863968   43.94%
     84    65       26.4988  2457       22.0000       31.6659   945465   43.94%
     85    72       30.6516  2415       22.0000       31.6659   999944   43.94%
     88    57       26.0824  2380       22.0000       31.6659   881029   43.94%
     90    61       27.6659  2299       22.0000       31.6659   914719   43.94%
     92    59       26.2494  2581       22.0000       31.6659   897985   43.94%
Elapsed time = 1664.09 sec. (1096108.42 ticks, tree = 1.73 MB, solutions = 5)
     93    70       26.0824  2286       22.0000       31.6659   985522   43.94%
     95    66       26.2494  2497       22.0000       31.6659   951725   43.94%
     97    64       26.4988  2425       22.0000       31.6659   941651   43.94%
     99    81       29.5849  2094       22.0000       31.6659  1077471   43.94%
    101    73       30.6516  2446       22.0000       31.6659  1007631   43.94%
    102    68       26.2872  2132       22.0000       31.6659   968538   43.94%
    105    80       29.4223  2124       22.0000       31.6659  1062508   43.94%
    108    87       29.2494  2459       22.0000       31.6659  1131504   43.94%
    109    92       26.0824  2410       22.0000       31.6659  1175693   43.94%
    110    88       29.3908  2512       22.0000       31.6659  1145615   43.94%
Elapsed time = 1698.90 sec. (1115237.16 ticks, tree = 2.78 MB, solutions = 5)
    111    70       25.4260  2429       22.0000       31.6659   994257   43.94%
    113    82       29.5849  2013       22.0000       31.6659  1084320   43.94%
    114    77       30.6516  2538       22.0000       31.6659  1049540   43.94%
    115    98       29.7400  1838       22.0000       31.6659  1226182   43.94%
    116    96       27.8145  2209       22.0000       31.6659  1212454   43.94%
    117   102       29.2556  2077       22.0000       31.6659  1256488   43.94%
    121    91       26.2494  2481       22.0000       31.6659  1170522   43.94%
    123    88       26.8329  2434       22.0000       31.6659  1140876   43.94%
    125   108       30.6516  2167       22.0000       31.6659  1311836   43.94%
    127    93       25.8085  2359       22.0000       31.6659  1185856   43.94%
Elapsed time = 1722.71 sec. (1133436.66 ticks, tree = 3.32 MB, solutions = 5)
    128    89       29.3908  2338       22.0000       31.6659  1155692   43.94%
    129   105       25.3918  2182       22.0000       31.6659  1278656   43.94%
    130   101       28.4887  2284       22.0000       31.6659  1249552   43.94%
    135   100       26.7133  1539       22.0000       31.6659  1236730   43.94%
    137   109       30.6516  2254       22.0000       31.6659  1317791   43.94%
    140   119       27.6659  2497       22.0000       31.6659  1410776   43.94%
    141   118       26.0824  1943       22.0000       31.6659  1396829   43.94%
    143   125       25.3160  2097       22.0000       31.6659  1460805   43.94%
    145   123       29.3908  2279       22.0000       31.6659  1447696   43.94%
    146   131       29.7400  1800       22.0000       31.6659  1502904   43.94%
Elapsed time = 1750.42 sec. (1151067.46 ticks, tree = 4.85 MB, solutions = 5)
    147   127       26.6516  2040       22.0000       31.6659  1477284   43.94%
    148   113       30.4849  2393       22.0000       31.6659  1357832   43.94%
    150   135       28.9741  2216       22.0000       31.6659  1534317   43.94%
    152   133       27.8145  2371       22.0000       31.6659  1523036   43.94%
    156   124       29.3802  2125       22.0000       31.6659  1452852   43.94%
    158   126       25.3160  2117       22.0000       31.6659  1467245   43.94%
    159   122       25.7334  2332       22.0000       31.6659  1434336   43.94%
    161   138       27.6659  2476       22.0000       31.6659  1560761   43.94%
    162   136       30.6516  2185       22.0000       31.6659  1539819   43.94%
    167   147       26.0396  2217       22.0000       31.6659  1628682   43.94%
Elapsed time = 1778.23 sec. (1170169.48 ticks, tree = 5.25 MB, solutions = 5)
    172   155       25.7334  2421       22.0000       31.6659  1684829   43.94%
    176   141       30.4837  2317       22.0000       31.6659  1583233   43.94%
    180   154       25.3160  2149       22.0000       31.6659  1675405   43.94%
    187   150       29.3802  2085       22.0000       31.6659  1649958   43.94%
    192   173       25.7327  1829       22.0000       31.6659  1820351   43.94%
    196   168       29.4223  1738       22.0000       31.6659  1779748   43.94%
    201   174       25.7327  1874       22.0000       31.6659  1824916   43.94%
    206   190       26.6516  1889       22.0000       31.6659  1939410   43.94%
    216   178       26.0396  2113       22.0000       31.6659  1853074   43.94%
    222   186       26.0401  2257       22.0000       31.6659  1918073   43.94%
Elapsed time = 1847.22 sec. (1217535.94 ticks, tree = 7.78 MB, solutions = 5)
    229   171       30.4746  2116       22.0000       31.6659  1808370   43.94%
    236   170       29.5670  2445       22.0000       31.6659  1811020   43.94%
    240   197       27.5667  1792       22.0000       31.6659  2011080   43.94%
    245   190       25.5714  2231       22.0000       31.6659  1939441   43.94%
    252   217       24.3092  1627       22.0000       31.6659  2150703   43.94%
    258   193       27.7997  1893       22.0000       31.6659  1996632   43.94%
    268   198       27.6478  1991       22.0000       31.6659  2027718   43.94%
    272   238       25.1181  2044       22.0000       31.6659  2268532   43.94%
    278   249       27.7674  1738       22.0000       31.6659  2349371   43.94%
    286   229       24.5540  1497       22.0000       31.6659  2206923   43.94%
Elapsed time = 1917.17 sec. (1263050.29 ticks, tree = 10.44 MB, solutions = 5)
    293   252       30.6470  1947       22.0000       31.6659  2372437   43.94%
    303   275       27.5367  1848       22.0000       31.6659  2503184   43.94%
    310   258       27.5667  1682       22.0000       31.6659  2397771   43.94%
    316   247       26.2494  2307       22.0000       31.6659  2336024   43.94%
    328   259       27.5667  1644       22.0000       31.6659  2402826   43.94%
    333   272       25.4603  1507       22.0000       31.6659  2469293   43.94%
    341   284       24.0345  1283       22.0000       31.6659  2540585   43.94%
    351   279       24.6773  1922       22.0000       31.6659  2518036   43.94%
    371   306       24.1479  1201       22.0000       31.6659  2657761   43.94%
    378   275       25.4603  1388       22.0000       31.6659  2479790   43.94%
Elapsed time = 1977.81 sec. (1305499.49 ticks, tree = 13.00 MB, solutions = 5)
    387   310       24.1479  1170       22.0000       31.6659  2661601   43.94%
    403   359       23.4171  2170       22.0000       31.6659  2888112   43.94%
    414   332       25.4549  1301       22.0000       31.6659  2802153   43.94%
    426   320       24.1479  1058       22.0000       31.6659  2662246   43.94%
    441   337       25.4549  1239       22.0000       31.6659  2805172   43.94%
    452   370       25.4379  2166       22.0000       31.6659  2941421   43.94%
    465   364       23.2822   490       22.0000       31.6659  2846911   43.94%
    474   364        cutoff             22.0000       31.6659  2847189   43.94%
    484   366       23.2822   492       22.0000       31.6659  2847221   43.94%
    494   385       24.6931  1892       22.0000       31.6659  2989390   43.94%
Elapsed time = 2035.91 sec. (1346907.81 ticks, tree = 18.75 MB, solutions = 5)
    505   346       25.2448  1013       22.0000       31.6659  2815599   43.94%
    514   387       27.5323  1946       22.0000       31.6659  3014257   43.94%
    523   386       23.0396  1716       22.0000       31.6659  2996480   43.94%
    531   442       24.5625   795       22.0000       31.6659  3122482   43.94%
    541   419       24.1466   804       22.0000       31.6659  3019014   43.94%
    554   427       27.5667  1224       22.0000       31.6659  3084822   43.94%
    561   429       27.5667  1186       22.0000       31.6659  3085097   43.94%
    580   483        cutoff             22.0000       31.6659  3291775   43.94%
    599   369       30.6516  2158       22.0000       31.6659  2855046   43.94%
    606   534       27.5667  1069       22.0000       31.6659  3405152   43.94%
Elapsed time = 2094.02 sec. (1387495.29 ticks, tree = 28.61 MB, solutions = 5)
    622   543       27.0280   719       22.0000       31.6659  3408918   43.94%
    642   555       27.0280   625       22.0000       31.6659  3409489   43.94%
    655   471       23.0396  1903       22.0000       31.6659  3294934   43.94%
    663   565       25.3520   817       22.0000       31.6659  3418751   43.94%
    677   510       24.1312   825       22.0000       31.6659  3328474   43.94%
    697   413       24.6528  2118       22.0000       31.6659  3095588   43.94%
    704   569       24.9533   864       22.0000       31.6659  3431107   43.94%
    719   577       25.3520   800       22.0000       31.6659  3435114   43.94%
    730   581       24.0135   688       22.0000       31.6659  3438991   43.94%
    758   581       24.7919  1438       22.0000       31.6659  3691346   43.94%
Elapsed time = 2157.42 sec. (1429269.89 ticks, tree = 32.10 MB, solutions = 5)
    769   511       25.5274  1668       22.0000       31.6659  3419460   43.94%
    777   672       24.8925   793       22.0000       31.6659  3739338   43.94%
    790   541       30.6503  2198       22.0000       31.6659  3467918   43.94%
    800   551        cutoff             22.0000       31.6659  3496420   43.94%
    811   565       24.2613  1938       22.0000       31.6659  3540856   43.94%
    825   709       24.3738  1348       22.0000       31.6659  3872829   43.94%
    831   569       31.6659  2599       22.0000       31.6659  3644014   43.94%
    840   553       29.0824  2515       22.0000       31.6659  3526396   43.94%
    855   720       23.2854   825       22.0000       31.6659  3882223   43.94%
    861   579       24.9109  1974       22.0000       31.6659  3688657   43.94%
Elapsed time = 2222.27 sec. (1471012.43 ticks, tree = 31.81 MB, solutions = 5)
    870   723       23.6662  1787       22.0000       31.6659  3954690   43.94%
    875   735       23.3034  2326       22.0000       31.6659  4043955   43.94%
    881   720       27.6659  2394       22.0000       31.6659  3990697   43.94%
    886   741       23.9847  1885       22.0000       31.6659  4075871   43.94%
    890   741       30.6516  2623       22.0000       31.6659  4098962   43.94%
    899   736       23.5032  2269       22.0000       31.6659  4052543   43.94%
    906   732       23.6662  1708       22.0000       31.6659  3970468   43.94%
    912   721       27.6659  2470       22.0000       31.6659  4000852   43.94%
    918   745       24.9109  1878       22.0000       31.6659  4082482   43.94%
    925   777       25.5480  1819       22.0000       31.6659  4342582   43.94%
Elapsed time = 2289.78 sec. (1516614.99 ticks, tree = 50.16 MB, solutions = 5)
    932   760       24.4783  1587       22.0000       31.6659  4218761   43.94%
    938   761       24.4783  1546       22.0000       31.6659  4218968   43.94%
    942   832       23.5032  2205       22.0000       31.6659  4532051   43.94%
    949   779       26.1986  1864       22.0000       31.6659  4350077   43.94%
    953   744       27.9585  2401       22.0000       31.6659  4139349   43.94%
    959   830       23.5127  1656       22.0000       31.6659  4513825   43.94%
    963   847       26.2489  2545       22.0000       31.6659  4608818   43.94%
    971   859       23.3773  1721       22.0000       31.6659  4684603   43.94%
    976   841       24.2595  1376       22.0000       31.6659  4563767   43.94%
    986   800       29.2489  2509       22.0000       31.6659  4438965   43.94%
Elapsed time = 2356.16 sec. (1560366.67 ticks, tree = 52.36 MB, solutions = 5)
    991   801       27.6652  2449       22.0000       31.6659  4439408   43.94%
   1001   848       24.5373  1845       22.0000       31.6659  4588190   43.94%
   1006   878       25.1701  1796       22.0000       31.6659  4766870   43.94%
   1013   854       27.9585  2489       22.0000       31.6659  4676237   43.94%
   1019   892       23.4930  1529       22.0000       31.6659  4865298   43.94%
   1028   884       29.2489  2476       22.0000       31.6659  4829134   43.94%
   1035   908       24.2595  1247       22.0000       31.6659  4906436   43.94%
   1043   922       24.5373  1420       22.0000       31.6659  5022685   43.94%
   1060   881       27.6112  2482       22.0000       31.6659  4810541   43.94%
   1072   913       24.2595  1113       22.0000       31.6659  4912063   43.94%
Elapsed time = 2418.90 sec. (1604514.69 ticks, tree = 62.88 MB, solutions = 5)
   1113   963       23.8088   921       22.0000       31.6659  5033458   43.94%
   1144   982       23.7456   859       22.0000       31.6659  5038250   43.94%
   1188  1012       23.3710   428       22.0000       31.6659  5043392   43.94%
   1200   913       24.5701  1940       22.0000       31.6659  4986513   43.94%
   1205   898       25.5849  1768       22.0000       31.6659  4912461   43.94%
   1212   959       23.5527  1638       22.0000       31.6659  5163396   43.94%
   1225   967       23.5527  1589       22.0000       31.6659  5165563   43.94%
   1235   939       23.3773  1540       22.0000       30.6526  5111444   39.33%
   1262   944       23.2752  1420       22.0000       30.6526  5115544   39.33%
   1270   989       23.5205  1184       22.0000       30.6526  5170368   39.33%
Elapsed time = 2483.27 sec. (1648999.02 ticks, tree = 69.74 MB, solutions = 5)
   1285   909       23.5032  2183       22.0000       30.6526  4964739   39.33%
   1299  1004       23.4716  1004       22.0000       30.6526  5176227   39.33%
   1315  1011       23.4397   843       22.0000       30.6526  5179260   39.33%
   1348  1040       23.4397   769       22.0000       30.6526  5182704   39.33%
   1380  1066       23.3115   833       22.0000       30.6526  5186995   39.33%
   1388   952       25.1532  1788       22.0000       30.6516  5168561   39.33%
   1393   946       27.8145  2433       22.0000       30.6516  5136385   39.33%
   1401   966       29.0709  2655       22.0000       30.6516  5255001   39.33%
   1406  1105       30.1513  2248       22.0000       30.6516  5503687   39.33%
   1412   968       26.2445  2344       22.0000       30.6516  5246271   39.33%
Elapsed time = 2548.46 sec. (1694299.57 ticks, tree = 67.19 MB, solutions = 5)
   1420  1008       27.6652  2691       22.0000       30.6516  5428149   39.33%
   1427   971       25.3667  2069       22.0000       30.6516  5252157   39.33%
   1437   988       23.5032  1953       22.0000       30.6516  5397096   39.33%
   1443  1139       25.1532  1769       22.0000       30.6516  5701062   39.33%
   1452   973       24.2445  2173       22.0000       30.6516  5258940   39.33%
   1457  1132       27.8145  2213       22.0000       30.6516  5667521   39.33%
   1464  1142       23.2210  1805       22.0000       30.6516  5734030   39.33%
   1471  1148       23.6958  2150       22.0000       30.6516  5779743   39.33%
   1475  1142       25.1532  1678       22.0000       30.6516  5714418   39.33%
   1482  1149       23.6958  2116       22.0000       30.6516  5785319   39.33%
Elapsed time = 2618.74 sec. (1740828.83 ticks, tree = 86.02 MB, solutions = 5)
   1489  1276       30.6516  2657       22.0000       30.6516  5911569   39.33%
   1495  1306       23.5032  1935       22.0000       30.6516  6036568   39.33%
   1502  1134       28.4789  2183       22.0000       30.6516  5684966   39.33%
   1507  1307       23.5032  1787       22.0000       30.6516  6041809   39.33%
   1515  1301       24.4332  1350       22.0000       30.6516  5969811   39.33%
   1519  1302       24.4028  1411       22.0000       30.6516  5973521   39.33%
   1527  1327       28.1700  2183       22.0000       30.6516  6240455   39.33%
   1533  1344       25.0849  1689       22.0000       30.6516  6365824   39.33%
   1551  1165       27.5652  1842       22.0000       30.6516  5895852   39.33%
   1557  1312       23.4975  1633       22.0000       30.6516  6057995   39.33%
Elapsed time = 2682.85 sec. (1783424.10 ticks, tree = 102.22 MB, solutions = 5)
   1568  1310       27.8145  2413       22.0000       30.6516  6101206   39.33%
   1573  1154       23.6916  1778       22.0000       30.6516  5816920   39.33%
   1580  1312       23.4975  1609       22.0000       30.6516  6066208   39.33%
   1589  1362       23.6916  1810       22.0000       30.6516  6452772   39.33%
   1602  1358       23.2210  1238       22.0000       30.6516  6414353   39.33%
   1614  1340       23.3773  2013       22.0000       30.6516  6340104   39.33%
   1635  1368       23.1647  1054       22.0000       30.6516  6420205   39.33%
   1656  1328       24.4514  1998       22.0000       30.6516  6229069   39.33%
   1681  1399       24.1556  1712       22.0000       30.6516  6607996   39.33%
   1709  1374       23.3607   701       22.0000       30.6516  6399509   39.33%
Elapsed time = 2749.79 sec. (1827560.23 ticks, tree = 107.31 MB, solutions = 5)
   1747  1415       23.0633  1370       22.0000       30.6516  6470445   39.33%
   1763  1342       23.3773  1918       22.0000       30.6516  6354059   39.33%
   1791  1440       23.0633  1217       22.0000       30.6516  6472900   39.33%
   1822  1401       24.1556  1735       22.0000       30.6516  6614157   39.33%
   1827  1378       26.4558  2413       22.0000       30.6516  6526335   39.33%
   1830  1331       24.9832  2046       22.0000       30.6516  6291927   39.33%
   1833  1428       27.7818  2013       22.0000       30.6516  6910604   39.33%
   1835  1368       30.6516  2388       22.0000       30.6516  6431113   39.33%
   1842  1416       27.8145  2431       22.0000       30.6516  6806453   39.33%
   1850  1450       23.3773  1752       22.0000       30.6516  7058483   39.33%
Elapsed time = 2823.09 sec. (1874941.69 ticks, tree = 114.14 MB, solutions = 5)
   1855  1402       26.6516  2134       22.0000       30.6516  6667250   39.33%
   1857  1414       24.8838  1725       22.0000       30.6516  6774040   39.33%
   1861  1406       24.1041  1404       22.0000       30.6516  6635604   39.33%
   1865  1380       26.3735  2358       22.0000       30.6516  6546620   39.33%
   1871  1403       25.4887  2194       22.0000       30.6516  6674159   39.33%
   1873  1441       24.3632  1856       22.0000       30.6516  6977971   39.33%
   1878  1442       24.3632  1871       22.0000       30.6516  6978425   39.33%
   1884  1637       24.9773  2096       22.0000       30.6516  7375084   39.33%
   1890  1624       24.9773  2420       22.0000       30.6516  7334765   39.33%
   1893  1445       26.6505  2047       22.0000       30.6516  7030774   39.33%
Elapsed time = 2888.02 sec. (1921350.79 ticks, tree = 113.70 MB, solutions = 5)
   1897  1517       23.3433  1467       22.0000       30.6516  7218442   39.33%
   1906  1508       29.5849  1993       22.0000       30.6516  7199940   39.33%
   1911  1457        cutoff             22.0000       30.6516  7147735   39.33%
   1914  1665       23.6875  1994       22.0000       30.6516  7548795   39.33%
   1916  1455       23.3773  1643       22.0000       30.6516  7078553   39.33%
   1926  1458       23.7804  1790       22.0000       30.6516  7153491   39.33%
   1930  1456       23.3773  1528       22.0000       30.6516  7082291   39.33%
   1940  1696       23.3773  1496       22.0000       30.6516  7711983   39.33%
   1948  1683       24.3632  1529       22.0000       30.6516  7618416   39.33%
   1957  1688       24.3632  1449       22.0000       30.6516  7620664   39.33%
Elapsed time = 2953.78 sec. (1967550.39 ticks, tree = 138.98 MB, solutions = 5)
   1980  1647       23.7176  1730       22.0000       30.6516  7477309   39.33%
   2001  1706       24.0159  1111       22.0000       30.6516  7626500   39.33%
   2022  1667        cutoff             22.0000       30.6516  7572465   39.33%
   2036  1713       23.8432  1008       22.0000       30.6516  7634225   39.33%
   2058  1681       25.4879  1905       22.0000       30.6516  7608712   39.33%
   2079  1697       23.1431  1323       22.0000       30.6516  7665800   39.33%
   2099  1719       27.8145  2454       22.0000       30.6516  7735769   39.33%
   2119  1727       23.1431   915       22.0000       30.6516  7671594   39.33%
   2154  1754       23.0246   661       22.0000       30.6516  7675760   39.33%
   2161  1720       26.6516  2333       22.0000       30.6516  7991103   39.33%
Elapsed time = 3019.41 sec. (2009910.63 ticks, tree = 142.69 MB, solutions = 5)
   2168  1738       23.3825  1181       22.0000       30.6516  8098344   39.33%
   2175  1743       23.3825  1071       22.0000       30.6516  8100776   39.33%
   2191  1751       23.3825   922       22.0000       30.6516  8103187   39.33%
   2208  1665       30.1846  1854       22.0000       30.6516  7529031   39.33%
   2242  1789       23.3118   438       22.0000       30.6516  8107720   39.33%
   2250  1705       26.2110  1990       22.0000       30.6516  7850541   39.33%
   2253  1728       24.3258  2050       22.0000       30.6516  8054954   39.33%
   2259  1708       26.2110  2072       22.0000       30.6516  7895026   39.33%
   2266  1898       26.6516  2497       22.0000       30.6516  8433304   39.33%
   2273  1723       23.8313  2101       22.0000       30.6516  8014674   39.33%
Elapsed time = 3085.65 sec. (2054193.74 ticks, tree = 143.14 MB, solutions = 5)
   2280  1755       24.3834  2299       22.0000       30.6516  8270001   39.33%
   2287  1771       25.4879  2071       22.0000       30.6516  8329236   39.33%
   2295  1715       26.6516  2322       22.0000       30.6516  7943825   39.33%
   2300  1758       23.3464  1172       22.0000       30.6516  8175927   39.33%
   2329  1779       23.3464   895       22.0000       30.6516  8179083   39.33%
   2345  1726       25.5087  2189       22.0000       30.6516  8028830   39.33%
   2349  1946       26.2110  2034       22.0000       30.6516  8651322   39.33%
   2353  1757       24.3834  2272       22.0000       30.6516  8287494   39.33%
   2358  1932       25.4887  2491       22.0000       30.6516  8554188   39.33%
   2366  1774       25.4879  2070       22.0000       30.6516  8349752   39.33%
Elapsed time = 3151.18 sec. (2098613.10 ticks, tree = 148.97 MB, solutions = 5)
   2369  1958       24.8145  1967       22.0000       30.6516  8751264   39.33%
   2374  1948       26.2110  2047       22.0000       30.6516  8664769   39.33%
   2381  1953       26.6516  2324       22.0000       30.6516  8711355   39.33%
   2393  1949       26.2110  1992       22.0000       30.6516  8670850   39.33%
   2401  1960       24.8145  1927       22.0000       30.6516  8761351   39.33%
   2410  1987       24.3244  1860       22.0000       30.6516  8929990   39.33%
   2422  1934       25.4887  2592       22.0000       30.6516  8573485   39.33%
   2442  2086       25.4364  1708       22.0000       30.6516  9110493   39.33%
   2465  2022       24.3244  1419       22.0000       30.6516  8937117   39.33%
   2489  2035       25.4610  2170       22.0000       30.6516  9001565   39.33%
Elapsed time = 3220.35 sec. (2144169.40 ticks, tree = 177.86 MB, solutions = 5)
   2500  2048       24.3244  1361       22.0000       30.6516  8942016   39.33%
   2544  1975       24.3222  1899       22.0000       30.6516  8834256   39.33%
   2563  2036       25.4587  2273       22.0000       30.6516  9008586   39.33%
   2568  2097       24.2936  1345       22.0000       30.6516  8951810   39.33%
   2577  2101       24.2936  1377       22.0000       30.6516  8954544   39.33%
   2590  1977       24.3222  1936       22.0000       30.6516  8844042   39.33%
   2597  2101       25.4587  2190       22.0000       30.6516  9213459   39.33%
   2613  2091       24.3222  1813       22.0000       30.6516  9141207   39.33%
   2627  2105       23.1468  1661       22.0000       30.6516  8967846   39.33%
   2633  2085       25.4887  2429       22.0000       30.6516  9073885   39.33%
Elapsed time = 3281.01 sec. (2185505.77 ticks, tree = 183.59 MB, solutions = 5)
   2643  2175       23.3773  1312       22.0000       30.6516  9619661   39.33%
   2653  2196       23.3563  1540       22.0000       30.6516  9717998   39.33%
   2680  2101       24.3834  2160       22.0000       30.6516  9197138   39.33%
   2717  2184       23.1489  1126       22.0000       30.6516  9628681   39.33%
   2741  2186       23.1489  1114       22.0000       30.6516  9631540   39.33%
   2762  2199       23.7018  1471       22.0000       30.6516  9728000   39.33%
   2775  2152       26.6516  2272       22.0000       30.6516  9581368   39.33%
   2785  2398       23.0275  1157       22.0000       30.6516  9792713   39.33%
   2811  2129       29.5087  2363       22.0000       30.6516  9341267   39.33%
   2820  2349       24.2779  1933       22.0000       30.6516  9936998   39.33%
Elapsed time = 3343.34 sec. (2228027.90 ticks, tree = 212.36 MB, solutions = 5)
   2834  2421       23.0275  1325       22.0000       30.6516  9804158   39.33%
   2848  2209       23.5206  1075       22.0000       30.6516  9745336   39.33%
   2879  2433       23.0275  1197       22.0000       30.6516  9810457   39.33%
   2922  2257       23.3916   575       22.0000       30.6516  9752201   39.33%
   2936  2332       26.5208  1892       22.0000       30.6516  9854256   39.33%
   2942  2192       26.6516  2655       22.0000       30.6516  9654923   39.33%
   2957  2395       24.0195  1532       22.0000       30.6516 10164097   39.33%
   2982  2216       24.0461  1371       22.0000       30.6516  9705364   39.33%
   3017  2363       24.3834  2052       22.0000       30.6516 10006384   39.33%
   3026  2388       25.4887  2422       22.0000       30.6516 10217106   39.33%
Elapsed time = 3403.18 sec. (2269120.36 ticks, tree = 216.34 MB, solutions = 5)
   3032  2365       24.3189  1939       22.0000       30.6516 10011922   39.33%
   3048  2419       24.0195  1282       22.0000       30.6516 10169303   39.33%
   3069  2433       23.9950  1213       22.0000       30.6516 10171825   39.33%
   3122  2493       23.3409  1071       22.0000       30.6516 10409967   39.33%
   3195  2503       23.9195   829       22.0000       30.6516 10177560   39.33%
   3272  2531       23.9195   858       22.0000       30.6516 10179449   39.33%
   3383  2585       23.3409   779       22.0000       30.6516 10418841   39.33%
   3391  2398       23.1431  1701       22.0000       30.6516 10277270   39.33%
   3398  2614       23.0275  1530       22.0000       30.6516 10616536   39.33%
   3404  2379       24.3189  1659       22.0000       30.6516 10034581   39.33%
Elapsed time = 3464.62 sec. (2309123.77 ticks, tree = 215.70 MB, solutions = 5)
   3408  2598       27.8145  2143       22.0000       30.6516 10192843   39.33%
   3416  2488       26.6516  2611       22.0000       30.6516 10483552   39.33%
   3424  2413       25.0066  1858       22.0000       30.6516 10327297   39.33%
   3431  2414       26.6516  1953       22.0000       30.6516 10380560   39.33%
   3438  2720       24.3189  1454       22.0000       30.6516 10850776   39.33%
   3446  2392       24.3258  2355       22.0000       30.6516 10251160   39.33%
   3454  2726       24.3189  1296       22.0000       30.6516 10857629   39.33%
   3465  2728       24.3189  1224       22.0000       30.6516 10861281   39.33%
   3473  2731       24.3189  1001       22.0000       30.6516 10865918   39.33%
   3489  2501       25.4852  1971       22.0000       30.6516 10554605   39.33%
Elapsed time = 3529.00 sec. (2351797.40 ticks, tree = 229.06 MB, solutions = 5)
   3495  2372       27.6302  2068       22.0000       30.6516 10106143   39.33%
   3498  2418       26.6516  1897       22.0000       30.6516 10400190   39.33%
   3507  2617       23.0275  1503       22.0000       30.6516 10674025   39.33%
   3512  2997       23.7156  1635       22.0000       30.6516 11182737   39.33%
   3524  2729       23.1333  1938       22.0000       30.6516 10932109   39.33%
   3532  2978       23.1431  1240       22.0000       30.6516 11134790   39.33%
   3553  3020       23.7156  1253       22.0000       30.6516 11189498   39.33%
   3572  3029       23.0095  1214       22.0000       30.6516 11192443   39.33%
   3585  3036       23.0095  1093       22.0000       30.6516 11195345   39.33%
   3609  3144       25.4587  2070       22.0000       30.6516 11379400   39.33%
Elapsed time = 3590.83 sec. (2392642.67 ticks, tree = 300.98 MB, solutions = 5)
   3652  2988       23.0246  1038       22.0000       30.6516 11148818   39.33%
   3699  3127       23.0095   654       22.0000       30.6516 11203723   39.33%
   3721  3171       30.3182  2386       22.0000       30.6516 11618040   39.33%
   3724  2734       24.1789  1665       22.0000       30.6516 11012709   39.33%
   3732  3193       23.1333  1854       22.0000       30.6516 11716348   39.33%
   3741  3174       23.7924  1630       22.0000       30.6516 11495308   39.33%
   3753  3157       24.2259  1778       22.0000       30.6516 11442927   39.33%
   3771  3182       25.4887  1822       22.0000       30.6516 11665277   39.33%
   3807  3219       26.6516  2381       22.0000       30.6516 11864794   39.33%
   3837  3244       23.7163   889       22.0000       30.6516 11505936   39.33%
Elapsed time = 3654.11 sec. (2433436.05 ticks, tree = 312.04 MB, solutions = 5)
   3857  3173       30.3182  2228       22.0000       30.6516 11634868   39.33%
   3863  3169       24.2259  1612       22.0000       30.6516 11454744   39.33%
   3877  2990       27.6939  2554       22.0000       30.6516 11174102   39.33%
   3887  3184        cutoff             22.0000       30.6516 11459806   39.33%
   3892  3227       24.1629  1959       22.0000       30.6516 11923147   39.33%
   3903  3416       25.4887  1943       22.0000       30.6516 12121201   39.33%
   3910  3221       26.5834  2317       22.0000       30.6516 11883127   39.33%
   3915  3175       28.2387  2381       22.0000       30.6516 11651484   39.33%
   3921  3194       24.1629  1792       22.0000       30.6516 11692685   39.33%
   3928  3420       26.6516  2531       22.0000       30.6516 12236271   39.33%
Elapsed time = 3715.26 sec. (2475885.35 ticks, tree = 331.01 MB, solutions = 5)
   3938  3222       26.5389  2305       22.0000       30.6516 11891614   39.33%
   3941  3469       24.1629  1877       22.0000       30.6516 12320946   39.33%
   3948  3228       23.5203  1695       22.0000       30.6516 11855450   39.33%
   3959  3230       24.1629  2027       22.0000       30.6516 11945131   39.33%
   3970  3230       30.6412  2306       22.0000       30.6516 11974644   39.33%
   3977  3477       23.0275  1681       22.0000       30.6516 12462744   39.33%
   3981  3225       26.4993  2157       22.0000       30.6516 11906039   39.33%
   3988  3596       23.5201  1491       22.0000       30.6516 12600457   39.33%
   3998  3231       28.4885  2406       22.0000       30.6516 11985727   39.33%
   4008  3608       26.4993  2198       22.0000       30.6516 12704586   39.33%
Elapsed time = 3780.32 sec. (2519541.71 ticks, tree = 352.11 MB, solutions = 5)
   4024  3482       23.5544  1550       22.0000       30.6516 12344427   39.33%
   4032  3485       23.5544  1578       22.0000       30.6516 12347167   39.33%
   4052  3502       23.5544  1329       22.0000       30.6516 12349571   39.33%
   4071  3515       23.5544  1135       22.0000       30.6516 12350888   39.33%
   4077  3479       26.1591  2196       22.0000       30.6516 12398880   39.33%
   4082  3458       25.9866  2330       22.0000       30.6516 12321670   39.33%
   4087  3598       23.1395  1629       22.0000       30.6516 12625000   39.33%
   4099  3642       23.0250  1856       22.0000       30.6516 12907856   39.33%
   4121  3541       23.1640   949       22.0000       30.6516 12366316   39.33%
   4144  3742       23.0679   956       22.0000       30.6516 13061120   39.33%
Elapsed time = 3844.05 sec. (2561303.92 ticks, tree = 367.26 MB, solutions = 5)
   4155  3617       26.6516  2007       22.0000       30.6516 12780865   39.33%
   4163  3642       24.0438  1732       22.0000       30.6516 12826351   39.33%
   4171  3604       23.0210  1465       22.0000       30.6516 12640130   39.33%
   4177  3636       25.4681  2297       22.0000       30.6516 12870356   39.33%
   4182  3618       26.6516  1905       22.0000       30.6516 12789965   39.33%
   4188  3757       26.5208  2183       22.0000       30.6516 13214938   39.33%
   4198  3780       23.0210  1502       22.0000       30.6516 13318368   39.33%
   4205  3785       23.0210  1482       22.0000       30.6516 13322123   39.33%
   4210  3620       26.6516  1902       22.0000       30.6516 12801711   39.33%
   4216  3754       26.3735  2481       22.0000       30.6516 13166508   39.33%
Elapsed time = 3912.47 sec. (2608275.36 ticks, tree = 368.28 MB, solutions = 5)
   4219  3743       29.1355  2471       22.0000       30.6516 13092045   39.33%
   4224  3755       24.1591  1943       22.0000       30.6516 13135743   39.33%
   4228  3792       23.0210  1469       22.0000       30.6516 13339285   39.33%
   4231  3793       23.0210  1458       22.0000       30.6516 13341853   39.33%
   4234  3759       25.4610  2020       22.0000       30.6516 13243240   39.33%
   4238  3646       26.6516  2185       22.0000       30.6516 12951068   39.33%
   4241  3795       23.0210  1481       22.0000       30.6516 13348639   39.33%
   4248  3657       26.4832  2053       22.0000       30.6516 13062054   39.33%
   4255  3801       23.0210  1370       22.0000       30.6516 13359339   39.33%
   4262  3806       23.0210  1376       22.0000       30.6516 13363209   39.33%
Elapsed time = 3989.27 sec. (2663990.36 ticks, tree = 373.94 MB, solutions = 5)
   4268  3811       23.0210  1346       22.0000       30.6516 13369109   39.33%
   4269  3756       25.2657  2348       22.0000       30.6516 13210314   39.33%
   4271  3910       29.2820  1463       22.0000       29.2820 14429418   33.10%
   4272  3910       29.2118  1355       22.0000       28.9603 14429783   31.64%
   4273  3910       26.8895  1499       22.0000       28.9603 14432227   31.64%
   4274  3910       28.9603  1362       22.0000       28.9500 14430685   31.59%
   4278  3131       27.2451  1371       22.0000       28.9500 14437591   31.59%
   4283  2351       25.8889  1167       22.0000       28.6386 14439233   30.18%
   4288  1471       24.2222  1217       22.0000       28.4696 14439722   29.41%
   4294   775       26.2667  1169       22.0000       27.7696 14447055   26.23%
Elapsed time = 4972.46 sec. (3407426.37 ticks, tree = 83.33 MB, solutions = 5)
   4305   174        cutoff             22.0000       27.7696 14457500   26.23%
   4328    41       26.0889  1431       22.0000       27.7696 14460550   26.23%
   4335    15       26.2667  1330       22.0000       27.0588 14468659   22.99%
   4353     9       26.6025  1663       22.0000       27.0579 14440276   22.99%
   4370    12       26.2667  1555       22.0000       26.6025 14444729   20.92%
   4385    15       25.9111  1439       22.0000       26.6025 14449871   20.92%
   4390     9       26.0667  1670       22.0000       26.6025 14497859   20.92%
   4397    17       26.0889  1439       22.0000       26.6025 14461374   20.92%
   4402    13       26.0667  1424       22.0000       26.6025 14472566   20.92%
   4404    13       26.0667  1428       22.0000       26.6025 14474435   20.92%
Elapsed time = 5030.66 sec. (3453232.99 ticks, tree = 0.02 MB, solutions = 5)
   4406    12       26.6025  1720       22.0000       26.6025 14485743   20.92%

GUB cover cuts applied:  248
Clique cuts applied:  1432
Cover cuts applied:  134
Flow cuts applied:  56
Mixed integer rounding cuts applied:  271
Zero-half cuts applied:  147
Gomory fractional cuts applied:  11

Root node processing (before b&c):
  Real time             = 1308.45 sec. (874025.28 ticks)
Parallel b&c, 16 threads:
  Real time             = 3727.48 sec. (2584197.23 ticks)
  Sync time (average)   =  416.79 sec.
  Wait time (average)   =    0.21 sec.
                          ------------
Total (root+branch&cut) = 5035.92 sec. (3458222.51 ticks)

Solution pool: 5 solutions saved.

MIP - Integer optimal solution:  Objective =  2.2000000000e+01
Solution time = 5035.93 sec.  Iterations = 14523277  Nodes = 4409
Deterministic time = 3458222.86 ticks  (686.71 ticks/sec)

CPLEX> Incumbent solution written to file '/localscratch/arosati/70372665/tmpx96jj7k2.cplex.sol'.
CPLEX> 
