Solver command line: ['/opt/sw/arch/easybuild/2018b/software/CPLEX/12.9-GCCcore-8.2.0/cplex/bin/x86-64_linux/cplex']


Welcome to IBM(R) ILOG(R) CPLEX(R) Interactive Optimizer 12.9.0.0
  with Simplex, Mixed Integer & Barrier Optimizers
5725-A06 5725-A29 5724-Y48 5724-Y49 5724-Y54 5724-Y55 5655-Y21
Copyright IBM Corp. 1988, 2019.  All Rights Reserved.

Type 'help' for a list of available commands.
Type 'help' followed by a command name for more
information on commands.

CPLEX> Logfile 'cplex.log' closed.
Logfile 'obj_1.log' open.
CPLEX> New value for default parallel thread count: 16
CPLEX> Problem '/localscratch/arosati/70372665/tmp6a9exne4.pyomo.lp' read.
Read time = 0.22 sec. (10.91 ticks)
CPLEX> Problem name         : /localscratch/arosati/70372665/tmp6a9exne4.pyomo.lp
Objective sense      : Minimize
Variables            :  112093  [Nneg: 1,  General Integer: 112092]
Objective nonzeros   :     163
Linear constraints   :   14943  [Less: 3747,  Equal: 11196]
  Nonzeros           :  568408
  RHS nonzeros       :    3066

Variables            : Min LB: 0.000000         Max UB: 1.000000       
Objective nonzeros   : Min   : 1.000000         Max   : 27.00000       
Linear constraints   :
  Nonzeros           : Min   : 1.000000         Max   : 855.0000       
  RHS nonzeros       : Min   : 1.000000         Max   : 12.00000       
CPLEX> CPXPARAM_Threads                                 16
Tried aggregator 5 times.
MIP Presolve eliminated 11372 rows and 10956 columns.
MIP Presolve modified 567 coefficients.
Aggregator did 256 substitutions.
Reduced MIP has 3315 rows, 100881 columns, and 462615 nonzeros.
Reduced MIP has 100881 binaries, 0 generals, 0 SOSs, and 0 indicators.
Presolve time = 1.09 sec. (965.12 ticks)
Tried aggregator 1 time.
Reduced MIP has 3315 rows, 100881 columns, and 462615 nonzeros.
Reduced MIP has 100881 binaries, 0 generals, 0 SOSs, and 0 indicators.
Presolve time = 0.69 sec. (546.47 ticks)
Probing time = 0.22 sec. (30.12 ticks)
Clique table members: 231443.
MIP emphasis: balance optimality and feasibility.
MIP search method: dynamic search.
Parallel mode: deterministic, using up to 16 threads.
Root relaxation solution time = 0.81 sec. (660.93 ticks)

        Nodes                                         Cuts/
   Node  Left     Objective  IInf  Best Integer    Best Bound    ItCnt     Gap

*     0+    0                           31.0000      -27.0000           187.10%
*     0+    0                           30.0000      -27.0000           190.00%
*     0+    0                           29.0000      -27.0000           193.10%
*     0+    0                           28.0000      -27.0000           196.43%
*     0+    0                           27.0000      -27.0000           200.00%
      0     0      -19.8449   171       27.0000      -19.8449     8209  173.50%
*     0+    0                            2.0000      -19.8449              --- 
      0     0      -17.9852  1600        2.0000     Cuts: 928    12099  999.26%
      0     0      -17.8527  2148        2.0000     Cuts: 928    16409  992.63%
      0     0      -17.7017  2334        2.0000     Cuts: 928    24632  985.08%
*     0+    0                            1.0000      -17.7017              --- 
*     0+    0                            0.0000      -17.7017              --- 
      0     0      -17.4886  2643        0.0000     Cuts: 928    30993     --- 
      0     0      -12.2937  2752        0.0000     Cuts: 928    43018     --- 
      0     0       -8.5746  2630        0.0000     Cuts: 928    58261     --- 
      0     0       -7.9598  2642        0.0000     Cuts: 928    76461     --- 
      0     0       -7.1376  2643        0.0000     Cuts: 928    88217     --- 
      0     0       -6.7148  2816        0.0000     Cuts: 928   100826     --- 
      0     0       -5.9829  2727        0.0000     Cuts: 928   114374     --- 
      0     0       -5.9237  2948        0.0000     Cuts: 928   123397     --- 
      0     0       -5.8407  3021        0.0000     Cuts: 928   134079     --- 
      0     0       -5.6153  2708        0.0000     Cuts: 928   146317     --- 
      0     0       -5.4256  2807        0.0000     Cuts: 928   159575     --- 
      0     0       -5.3055  2796        0.0000     Cuts: 928   177178     --- 
      0     0       -5.2652  2930        0.0000     Cuts: 928   187484     --- 
      0     0       -5.2126  2862        0.0000     Cuts: 928   199590     --- 
      0     0       -5.1827  2764        0.0000     Cuts: 928   211711     --- 
      0     0       -5.0447  2947        0.0000     Cuts: 833   224553     --- 
      0     0       -5.0119  2688        0.0000     Cuts: 898   240598     --- 
      0     0       -4.9953  2974        0.0000     Cuts: 874   251680     --- 
      0     0       -4.9864  2930        0.0000     Cuts: 928   265253     --- 
      0     0       -4.9439  3057        0.0000     Cuts: 928   278806     --- 
      0     0       -4.8786  2799        0.0000     Cuts: 928   292088     --- 
      0     0       -4.8639  2966        0.0000     Cuts: 928   303444     --- 
      0     0       -4.8341  3067        0.0000     Cuts: 928   314889     --- 
      0     0       -4.8042  2993        0.0000     Cuts: 928   328932     --- 
      0     0       -4.7532  2994        0.0000     Cuts: 904   340467     --- 
      0     0       -4.7477  3192        0.0000     Cuts: 928   352620     --- 
      0     0       -4.7477  3171        0.0000     Cuts: 928   361636     --- 
      0     0       -4.7421  2091        0.0000     Cuts: 319   366843     --- 
      0     0       -4.7004  2605        0.0000     Cuts: 928   375816     --- 
      0     0       -4.6730  2794        0.0000     Cuts: 928   385332     --- 
      0     0       -4.6572  2867        0.0000     Cuts: 928   397529     --- 
      0     0       -4.6464  2815        0.0000     Cuts: 928   409826     --- 
      0     0       -4.5895  2956        0.0000     Cuts: 907   421152     --- 
      0     0       -4.5566  2918        0.0000     Cuts: 928   436080     --- 
      0     0       -4.5255  2892        0.0000     Cuts: 928   449457     --- 
      0     0       -4.4947  3044        0.0000     Cuts: 928   460757     --- 
      0     0       -4.4409  2938        0.0000     Cuts: 928   473622     --- 
      0     0       -4.3642  2878        0.0000     Cuts: 928   485775     --- 
      0     0       -4.2878  2809        0.0000     Cuts: 928   498489     --- 
      0     0       -4.2878  2877        0.0000     Cuts: 872   510928     --- 
      0     2       -4.2878   822        0.0000       -4.2878   510928     --- 
Elapsed time = 1369.93 sec. (992656.32 ticks, tree = 0.02 MB, solutions = 8)
      2     4       -4.2878   904        0.0000       -4.2878   511471     --- 
      3     5       -4.2878  1193        0.0000       -4.2878   512454     --- 
      5     7       -4.2878  1096        0.0000       -4.2878   512803     --- 
      7     9       -4.2878   931        0.0000       -4.2878   513090     --- 
      8    10       -4.2878  1062        0.0000       -4.2878   514278     --- 
      9    11       -4.2555  1084        0.0000       -4.2878   514562     --- 
     10    12       -4.2555  1118        0.0000       -4.2878   515294     --- 
     11    13       -4.2555  1164        0.0000       -4.2878   516656     --- 
     12    14       -4.2555  1361        0.0000       -4.2878   518002     --- 
     14    16       -4.2555  1344        0.0000       -4.2878   519237     --- 
Elapsed time = 1387.28 sec. (1002164.72 ticks, tree = 0.10 MB, solutions = 8)
     15    17       -4.2555  1406        0.0000       -4.2878   521159     --- 
     16    18       -4.2555  1508        0.0000       -4.2878   524047     --- 
     17    19       -4.2555  1493        0.0000       -4.2878   526137     --- 
     18    10       -4.2878   913        0.0000       -4.2878   513168     --- 
     19    20       -4.2555  1469        0.0000       -4.2878   527497     --- 
     21    21       -4.2878  1187        0.0000       -4.2878   528726     --- 
     23    24       -4.2878  1362        0.0000       -4.2878   529899     --- 
     27    26       -4.2878  1350        0.0000       -4.2878   530217     --- 
     33     7       -4.2878  1098        0.0000       -4.2878   512635     --- 
     39     8       -4.2878  1156        0.0000       -4.2878   513059     --- 
Elapsed time = 1414.11 sec. (1022728.79 ticks, tree = 0.02 MB, solutions = 8)
     47    30       -4.2878  1215        0.0000       -4.2878   537889     --- 
     56    47       -4.2878  1192        0.0000       -4.2878   545507     --- 
     68    54       -4.2555  1111        0.0000       -4.2878   546414     --- 
     92    42       -4.2878  1324        0.0000       -4.2878   544110     --- 
    105    83       -4.2878  1146        0.0000       -4.2878   548208     --- 
    111    57       -4.2878  1479        0.0000       -4.2878   556256     --- 
    118    62       -4.2878  1367        0.0000       -4.2878   556810     --- 
    136   108       -4.2878  1132        0.0000       -4.2878   572682     --- 
    166    60       -4.2555  1558        0.0000       -4.2878   568124     --- 
    173    78       -4.2878  1175        0.0000       -4.2878   558416     --- 
Elapsed time = 1430.92 sec. (1033236.19 ticks, tree = 3.98 MB, solutions = 8)
    193   116       -4.2878  1265        0.0000       -4.2878   579960     --- 
    206   160       -4.2878  1111        0.0000       -4.2878   594556     --- 
    215   164       -4.2878  1435        0.0000       -4.2878   605330     --- 
    221   117       -4.2878  1562        0.0000       -4.2878   582097     --- 
    229   163       -4.2878  1237        0.0000       -4.2878   604384     --- 
    236   192       -4.2878  1038        0.0000       -4.2878   611308     --- 
    241   167       -4.2878  1318        0.0000       -4.2878   610755     --- 
    249   228       -4.2878   983        0.0000       -4.2878   636127     --- 
    254   228       -4.2555  1489        0.0000       -4.2878   634257     --- 
    260   244       -4.2878  1096        0.0000       -4.2878   640942     --- 
Elapsed time = 1446.54 sec. (1044055.95 ticks, tree = 11.26 MB, solutions = 8)
    271   258       -4.2878  1298        0.0000       -4.2878   656896     --- 
    279   263       -4.2878   821        0.0000       -4.2878   657267     --- 
    282   230       -4.2555  1299        0.0000       -4.2878   640335     --- 
    285   260       -4.2878  1431        0.0000       -4.2878   658406     --- 
    286   248       -4.2555  1497        0.0000       -4.2878   650440     --- 
    289   260       -4.2555  1454        0.0000       -4.2878   655872     --- 
    295   293       -4.2878  1273        0.0000       -4.2878   692063     --- 
    299   296       -4.2878  1064        0.0000       -4.2878   692449     --- 
    301   279       -4.2878  1262        0.0000       -4.2878   669688     --- 
    304   299       -4.2878  1048        0.0000       -4.2878   692549     --- 
Elapsed time = 1483.65 sec. (1056840.00 ticks, tree = 12.59 MB, solutions = 8)
    311   301       -4.2878  1251        0.0000       -4.2878   695100     --- 
    315   304       -4.2878  1081        0.0000       -4.2878   699353     --- 
    323   308       -4.2878  1232        0.0000       -4.2878   702175     --- 
    330   306       -4.2878  1053        0.0000       -4.2878   699718     --- 
    339   315       -4.2878  1008        0.0000       -4.2878   704494     --- 
    350   328       -4.2878  1288        0.0000       -4.2878   725421     --- 
    358   323       -4.2878  1259        0.0000       -4.2878   720624     --- 
    365   332       -4.2878  1188        0.0000       -4.2878   725874     --- 
    376   354       -4.2878  1205        0.0000       -4.2878   744265     --- 
    396   318       -4.2555  1542        0.0000       -4.2878   722556     --- 
Elapsed time = 1507.36 sec. (1068067.61 ticks, tree = 13.47 MB, solutions = 8)
    407   335       -4.2878  1411        0.0000       -4.2878   728574     --- 
    418   329       -4.2878  1455        0.0000       -4.2878   726457     --- 
    427   361       -4.2878  1215        0.0000       -4.2878   747890     --- 
    453   378       -4.2878  1232        0.0000       -4.2878   750156     --- 
    467   370       -4.2878   894        0.0000       -4.2878   749605     --- 
    483   373       -4.2878  1400        0.0000       -4.2878   775244     --- 
    504   387       -4.2878  1283        0.0000       -4.2878   780904     --- 
    530   430       -4.2878   825        0.0000       -4.2878   803644     --- 
    547   362       -4.2555  1561        0.0000       -4.2878   757081     --- 
    575   390       -4.2878  1275        0.0000       -4.2878   777558     --- 
Elapsed time = 1524.56 sec. (1079011.76 ticks, tree = 16.48 MB, solutions = 8)
    604   382       -4.2555  1385        0.0000       -4.2878   793034     --- 
    637   398       -4.2878  1193        0.0000       -4.2878   799254     --- 
    667   494       -4.2555  1289        0.0000       -4.2878   863615     --- 
    696   394       -4.2878  1416        0.0000       -4.2878   784949     --- 
    736   502       -4.2878   907        0.0000       -4.2878   819891     --- 
    756   498       -4.2878  1306        0.0000       -4.2878   859080     --- 
    784   638       -4.2878   895        0.0000       -4.2878   904594     --- 
    814   709       -4.2878   950        0.0000       -4.2878   936372     --- 
    853   711       -4.2878   944        0.0000       -4.2878   937427     --- 
    878   713       -4.2555  1474        0.0000       -4.2878   955235     --- 
Elapsed time = 1540.74 sec. (1088905.45 ticks, tree = 39.28 MB, solutions = 8)
    930   718       -4.2878   810        0.0000       -4.2878   923706     --- 
    968   704       -4.2555  1108        0.0000       -4.2878   930845     --- 
   1026   718       -4.2555  1481        0.0000       -4.2878   957032     --- 
   1067   863       -4.2555   840        0.0000       -4.2878   986985     --- 
   1111   871       -4.2878   898        0.0000       -4.2878   987884     --- 
   1140   881       -4.2878   868        0.0000       -4.2878   988891     --- 
   1173   929       -4.2516   741        0.0000       -4.2878  1002890     --- 
   1225   997       -4.2555  1135        0.0000       -4.2878  1024305     --- 
   1277   832       -2.2344   118        0.0000       -4.2878   979960     --- 
   1331  1006       -4.2193   967        0.0000       -4.2878  1026208     --- 
Elapsed time = 1556.78 sec. (1098690.40 ticks, tree = 63.69 MB, solutions = 8)
   1385   874       -1.5677    36        0.0000       -4.2878   983879     --- 
   1464  1031       -4.2193   851        0.0000       -4.2878  1026854     --- 
   1566  1018       -4.2878  1212        0.0000       -4.2878  1029988     --- 
   1657  1017       -4.2555  1373        0.0000       -4.2878  1036391     --- 
   1724  1076       -3.4193   792        0.0000       -4.2878  1027799     --- 
   1770  1103       -4.2193   752        0.0000       -4.2878  1028484     --- 
   1833  1122       -3.4193   743        0.0000       -4.2878  1029126     --- 
   1887  1019       -4.2555  1399        0.0000       -4.2878  1038933     --- 
   1952  1394       -3.4173   770        0.0000       -4.2878  1105819     --- 
   2100  1213       -4.2555   938        0.0000       -4.2878  1059034     --- 
Elapsed time = 1578.10 sec. (1111154.02 ticks, tree = 80.93 MB, solutions = 8)
   2263  1591       -2.6534   669        0.0000       -4.2878  1121226     --- 
   2548  1905       -3.4812   355        0.0000       -4.2878  1219400     --- 
   2843  2225       -4.2878   941        0.0000       -4.2878  1275174     --- 
   3011  2296       -3.9620   888        0.0000       -4.2878  1293672     --- 
   3180  2391       -4.2555  1058        0.0000       -4.2878  1330677     --- 
   3305  2756       -3.1333    71        0.0000       -4.2878  1387017     --- 
   3510  2678       -3.3007   292        0.0000       -4.2878  1390475     --- 
   3759  3128       -4.2044   688        0.0000       -4.2878  1471410     --- 
   3939  3195       -4.2400   753        0.0000       -4.2878  1484047     --- 
   4149  3584       -4.0441   597        0.0000       -4.2878  1567908     --- 
Elapsed time = 1641.86 sec. (1149666.51 ticks, tree = 283.76 MB, solutions = 8)
   4441  3503       -1.2011    49        0.0000       -4.2878  1550987     --- 
   4652  3906       -3.0019   685        0.0000       -4.2878  1646752     --- 
   4771  4186       -3.2432   747        0.0000       -4.2878  1725627     --- 
   4907  4202       -4.2482  1200        0.0000       -4.2878  1734514     --- 
   5072  4497       -2.0384   280        0.0000       -4.2878  1783937     --- 
   5208  4873       -1.0250    54        0.0000       -4.2878  1853747     --- 
   5242  4876       -4.2482  1303        0.0000       -4.2878  1881613     --- 
   5292  4176       -4.2878  1776        0.0000       -4.2878  1730488     --- 
   5367  4894       -4.2214  1150        0.0000       -4.2878  1898342     --- 
   5471  4946       -4.1742  1408        0.0000       -4.2878  1918523     --- 
Elapsed time = 1704.40 sec. (1188718.56 ticks, tree = 410.28 MB, solutions = 8)
   5497  5023       -4.0548  1094        0.0000       -4.2878  1958260     --- 
   5502  4996       -4.2482  2147        0.0000       -4.2878  1945210     --- 
   5503  5239       -2.6321  2646        0.0000       -2.6321  2407389     --- 
   5504  5240       -2.2988  2502        0.0000       -2.2988  2417384     --- 
   5505  5241       -2.0228  2471        0.0000       -2.2988  2425534     --- 
   5506  5241       -1.5483  2405        0.0000       -2.2988  2426188     --- 
   5507  3930       -1.5411  2304        0.0000       -2.2988  2425647     --- 
   5509  3932       -1.5411  2382        0.0000       -2.2988  2426865     --- 
   5511  3147       -2.0228  2369        0.0000       -2.0213  2437454     --- 
   5512  3148       -1.5483  2324        0.0000       -2.0213  2447332     --- 
Elapsed time = 3131.75 sec. (2182604.98 ticks, tree = 283.86 MB, solutions = 8)
   5513  3148       -1.4317  2255        0.0000       -2.0213  2454317     --- 
   5517  2754       -1.5411  2382        0.0000       -2.0213  2453541     --- 
   5518  2755       -1.4259  2227        0.0000       -2.0213  2469010     --- 
   5520  2504       -1.4317  2317        0.0000       -2.0213  2475888     --- 
   5522  1138       -1.5251  2263        0.0000       -2.0213  2448396     --- 
   5527  1049       -1.4317  2323        0.0000       -2.0213  2494096     --- 
   5529   490       -1.3357  2108        0.0000       -2.0213  2500118     --- 
   5532   450       -1.3357  2200        0.0000       -1.5585  2509008     --- 
   5534   450       -1.3357  2186        0.0000       -1.5585  2509206     --- 
   5540    93       -1.2663  2216        0.0000       -1.5585  2531579     --- 
Elapsed time = 3233.84 sec. (2260346.01 ticks, tree = 7.33 MB, solutions = 8)
   5545    32       -1.5411  2366        0.0000       -1.5585  2433783     --- 
   5547    41        cutoff              0.0000       -1.5585  2556885     --- 
   5549    35       -1.2663  2200        0.0000       -1.5585  2536822     --- 
   5551    38       -1.4054  2293        0.0000       -1.5585  2562496     --- 
   5561    22       -1.1240  2181        0.0000       -1.5411  2546683     --- 
   5566    13       -1.3569  2207        0.0000       -1.5411  2483729     --- 
   5571    15       -1.1230  2164        0.0000       -1.5411  2546757     --- 
   5574    17       -1.4255  2594        0.0000       -1.5411  2583425     --- 
   5576    15       -1.1240  2214        0.0000       -1.5411  2544974     --- 
   5578    15       -1.1182  2140        0.0000       -1.5411  2552518     --- 
Elapsed time = 3317.39 sec. (2314419.22 ticks, tree = 0.10 MB, solutions = 8)
   5582    16       -1.3470  2782        0.0000       -1.5411  2642555     --- 
   5590    16       -1.3543  2767        0.0000       -1.5411  2654702     --- 
   5593    17       -1.3543  2885        0.0000       -1.5411  2667334     --- 
   5594    15       -1.1182  2149        0.0000       -1.5411  2557939     --- 
   5598    21       -1.0280  2605        0.0000       -1.5411  2738704     --- 
   5603    16       -1.5411  2296        0.0000       -1.5411  2555449     --- 
   5604    22       -1.3444  2759        0.0000       -1.5411  2768598     --- 
   5609    17       -1.4255  2625        0.0000       -1.5185  2596965     --- 
   5618    15       -1.1182  2217        0.0000       -1.5185  2564169     --- 
   5622    23       -1.3444  2785        0.0000       -1.5185  2802441     --- 
Elapsed time = 3414.97 sec. (2374201.01 ticks, tree = 0.11 MB, solutions = 8)
   5625    19       -1.4232  2671        0.0000       -1.4317  2835593     --- 
   5627    21       -1.3357  2792        0.0000       -1.4317  2845056     --- 
   5634    16       -1.0735  2789        0.0000       -1.4317  2937441     --- 
   5639    16       -0.9708  2774        0.0000       -1.4317  2950829     --- 
   5640    15       -1.3444  2561        0.0000       -1.4317  3007920     --- 
   5644    16       -1.3543  2880        0.0000       -1.4317  2653841     --- 
   5645    12       -1.1463  2641        0.0000       -1.4317  3054536     --- 
   5648    22       -1.3444  2767        0.0000       -1.4317  2785497     --- 
   5652    19       -1.4232  2721        0.0000       -1.4317  2859932     --- 
   5655    16       -1.3543  2833        0.0000       -1.4317  2665436     --- 
Elapsed time = 3519.12 sec. (2439151.30 ticks, tree = 0.02 MB, solutions = 8)
   5658    18       -1.3543  2881        0.0000       -1.4317  2869713     --- 
   5665    11       -1.1463  2778        0.0000       -1.4317  3082206     --- 
   5669    16       -1.3543  2770        0.0000       -1.4317  2925664     --- 
   5671    11       -1.3350  2710        0.0000       -1.4317  3167255     --- 
   5673    11       -1.1463  2690        0.0000       -1.4317  3102317     --- 
   5679    18       -1.3543  2638        0.0000       -1.4160  2882568     --- 
   5683    11       -1.1463  2836        0.0000       -1.3566  3095947     --- 
   5685    11       -1.3350  2742        0.0000       -1.3566  3179727     --- 
   5692    18       -1.3543  2471        0.0000       -1.3566  2893090     --- 
   5696    11       -1.3387  2791        0.0000       -1.3566  3267006     --- 
Elapsed time = 3657.39 sec. (2511207.97 ticks, tree = 0.12 MB, solutions = 8)
   5698    16       -1.3470  2690        0.0000       -1.3566  2948717     --- 
   5701    11       -1.1463  2889        0.0000       -1.3566  3243854     --- 
   5706    12       -1.0864  2769        0.0000       -1.3566  3264507     --- 
   5707    16       -1.3357  2721        0.0000       -1.3566  2700019     --- 
   5708    11       -1.3350  2637        0.0000       -1.3566  3281732     --- 
   5714    15        cutoff              0.0000       -1.3566  2705779     --- 
   5716    10       -1.0864  2575        0.0000       -1.3566  3419939     --- 
   5724    11       -1.1463  2887        0.0000       -1.3566  3257365     --- 
   5728    10       -1.0864  2660        0.0000       -1.3566  3428067     --- 
   5730    10       -1.0175  2677        0.0000       -1.3566  3392236     --- 
Elapsed time = 3749.63 sec. (2579011.59 ticks, tree = 0.24 MB, solutions = 8)
   5731     4       -1.0864  2864        0.0000       -1.3002  3688903     --- 
   5732     5       -1.0175  2794        0.0000       -1.2306  3718129     --- 
   5734     9       -1.2306  2575        0.0000       -1.2306  3397783     --- 
   5736     5       -1.1867  2481        0.0000       -1.2306  3722475     --- 
   5739     5       -1.0864  2669        0.0000       -1.2306  3752566     --- 
   5745     5       -1.1616  2514        0.0000       -1.2306  3713044     --- 
   5746     5       -1.0175  2707        0.0000       -1.2306  3780221     --- 
   5748     2       -1.1178  2581        0.0000       -1.1178  3831380     --- 
   5749     2       -1.1178  2843        0.0000       -1.1178  3844182     --- 
   5750     1       -1.1178  2569        0.0000       -1.1178  3865741     --- 
Elapsed time = 3991.27 sec. (2759184.57 ticks, tree = 0.02 MB, solutions = 8)
   5751     1       -1.1178  2498        0.0000       -1.1178  3878970     --- 

GUB cover cuts applied:  992
Clique cuts applied:  5322
Cover cuts applied:  637
Flow cuts applied:  69
Mixed integer rounding cuts applied:  467
Zero-half cuts applied:  221
Gomory fractional cuts applied:  20

Root node processing (before b&c):
  Real time             = 1351.55 sec. (986356.83 ticks)
Parallel b&c, 16 threads:
  Real time             = 2678.95 sec. (1802761.97 ticks)
  Sync time (average)   =  685.90 sec.
  Wait time (average)   =    0.22 sec.
                          ------------
Total (root+branch&cut) = 4030.50 sec. (2789118.80 ticks)

Solution pool: 8 solutions saved.

MIP - Integer optimal solution:  Objective =  0.0000000000e+00
Solution time = 4030.61 sec.  Iterations = 3879358  Nodes = 5754
Deterministic time = 2789119.12 ticks  (691.98 ticks/sec)

CPLEX> Incumbent solution written to file '/localscratch/arosati/70372665/tmpvnh2hs8g.cplex.sol'.
CPLEX> 
