Solver command line: ['/opt/sw/arch/easybuild/2018b/software/CPLEX/12.9-GCCcore-8.2.0/cplex/bin/x86-64_linux/cplex']


Welcome to IBM(R) ILOG(R) CPLEX(R) Interactive Optimizer 12.9.0.0
  with Simplex, Mixed Integer & Barrier Optimizers
5725-A06 5725-A29 5724-Y48 5724-Y49 5724-Y54 5724-Y55 5655-Y21
Copyright IBM Corp. 1988, 2019.  All Rights Reserved.

Type 'help' for a list of available commands.
Type 'help' followed by a command name for more
information on commands.

CPLEX> Logfile 'cplex.log' closed.
Logfile 'obj_4_4.log' open.
CPLEX> New value for default parallel thread count: 16
CPLEX> New value for time limit in seconds: 900
CPLEX> New value for mixed integer optimality gap tolerance: 0.05
CPLEX> Problem '/localscratch/arosati/70372665/tmp69mjb91q.pyomo.lp' read.
Read time = 0.01 sec. (0.74 ticks)
CPLEX> MIP start file '/localscratch/arosati/70372665/tmpqz3ndwb5.cplex.mst' read.
CPLEX> Problem name         : /localscratch/arosati/70372665/tmp69mjb91q.pyomo.lp
Objective sense      : Minimize
Variables            :    5356  [Nneg: 1,  General Integer: 5355]
Objective nonzeros   :      55
Linear constraints   :    2078  [Less: 1918,  Equal: 160]
  Nonzeros           :   40507
  RHS nonzeros       :    1046

Variables            : Min LB: 0.000000         Max UB: 15.00000       
Objective nonzeros   : Min   : 1.000000         Max   : 84.00000       
Linear constraints   :
  Nonzeros           : Min   : 1.000000         Max   : 180.0000       
  RHS nonzeros       : Min   : 1.000000         Max   : 27.00000       
CPLEX> CPXPARAM_Threads                                 16
CPXPARAM_TimeLimit                               900
CPXPARAM_MIP_Tolerances_MIPGap                   0.050000000000000003
1 of 1 MIP starts provided solutions.
MIP start 'm1' defined initial solution with objective 106.0000.
Tried aggregator 1 time.
MIP Presolve eliminated 517 rows and 230 columns.
MIP Presolve modified 5063 coefficients.
Reduced MIP has 1554 rows, 5126 columns, and 27716 nonzeros.
Reduced MIP has 5072 binaries, 54 generals, 0 SOSs, and 0 indicators.
Presolve time = 0.03 sec. (22.34 ticks)
Probing time = 0.02 sec. (4.43 ticks)
Tried aggregator 1 time.
Reduced MIP has 1554 rows, 5126 columns, and 27716 nonzeros.
Reduced MIP has 5072 binaries, 54 generals, 0 SOSs, and 0 indicators.
Presolve time = 0.03 sec. (24.28 ticks)
Probing time = 0.01 sec. (4.33 ticks)
Clique table members: 12638.
MIP emphasis: balance optimality and feasibility.
MIP search method: dynamic search.
Parallel mode: deterministic, using up to 16 threads.
Root relaxation solution time = 0.07 sec. (59.78 ticks)

        Nodes                                         Cuts/
   Node  Left     Objective  IInf  Best Integer    Best Bound    ItCnt     Gap

*     0+    0                          106.0000     -462.0000           535.85%
      0     0     -309.4296   758      106.0000     -309.4296     1659  391.91%
      0     0     -299.2504   661      106.0000     Cuts: 235     2327  382.31%
      0     0     -289.5673   782      106.0000     Cuts: 486     3158  373.18%
      0     0     -286.6118   908      106.0000     Cuts: 477     4360  370.39%
*     0+    0                           89.0000     -286.6118           422.04%
*     0+    0                           68.0000     -286.6118           521.49%
*     0+    0                           64.0000     -286.6118           547.83%
      0     0     -285.0966   962       64.0000     Cuts: 444     5676  545.46%
      0     0     -284.2625  1029       64.0000     Cuts: 433     7394  544.16%
      0     0     -283.1407  1021       64.0000     Cuts: 405    10385  542.41%
*     0+    0                           60.0000     -283.1407           571.90%
      0     0     -282.5008   997       60.0000     Cuts: 371    12384  570.83%
      0     0     -281.7068  1039       60.0000     Cuts: 392    14141  569.51%
*     0+    0                           52.0000     -281.7068           641.74%
      0     0     -281.1118   964       52.0000     Cuts: 322    16138  640.60%
*     0+    0                           32.0000     -281.1118           978.47%
      0     0     -280.8009   975       32.0000     Cuts: 368    17700  977.50%
      0     0     -280.5366   993       32.0000     Cuts: 359    19206  976.68%
      0     0     -280.2807  1048       32.0000     Cuts: 351    21046  975.88%
*     0+    0                           26.0000     -280.2807              --- 
      0     0     -280.0234  1013       26.0000     Cuts: 371    22619     --- 
      0     0     -279.8183  1025       26.0000     Cuts: 379    24647     --- 
*     0+    0                           11.0000     -279.8183              --- 
      0     0     -279.7149  1069       11.0000     Cuts: 373    26693     --- 
*     0+    0                            8.0000     -279.7149              --- 
      0     0     -279.4426  1011        8.0000     Cuts: 387    28481     --- 
*     0+    0                            2.0000     -279.4426              --- 
      0     0     -279.3138  1022        2.0000     Cuts: 347    29972     --- 
*     0+    0                            0.0000     -279.3138              --- 
      0     0     -279.2553  1079        0.0000     Cuts: 364    31768     --- 
      0     0     -277.1960  1044        0.0000     Cuts: 348    33813     --- 
      0     0     -276.1869  1048        0.0000     Cuts: 380    35559     --- 
      0     0     -275.8693  1041        0.0000     Cuts: 377    37188     --- 
      0     0     -275.5246  1045        0.0000     Cuts: 354    38935     --- 
      0     0     -275.3440  1077        0.0000     Cuts: 364    40380     --- 
      0     0     -275.1199  1052        0.0000     Cuts: 346    42136     --- 
      0     0     -274.9375  1053        0.0000     Cuts: 327    43764     --- 
      0     0     -274.7441  1104        0.0000     Cuts: 354    45286     --- 
      0     0     -274.6300  1097        0.0000     Cuts: 338    46989     --- 
      0     0     -274.5023  1130        0.0000     Cuts: 344    48416     --- 
      0     0     -274.4559  1173        0.0000     Cuts: 341    49739     --- 
      0     0     -274.3188   951        0.0000     Cuts: 165    50457     --- 
      0     0     -274.2830  1039        0.0000     Cuts: 355    51713     --- 
      0     2     -274.2830   765        0.0000     -274.2830    51713     --- 
Elapsed time = 27.11 sec. (21379.30 ticks, tree = 0.02 MB, solutions = 12)
      5     4     -274.2373   762        0.0000     -274.2830    52090     --- 
    159   101     -269.0096   616        0.0000     -274.2830    67792     --- 
    543   433    infeasible              0.0000     -274.2830    96158     --- 
   1285   926     -171.0589   297        0.0000     -274.2830   117970     --- 
   2294  1782     -220.7102   359        0.0000     -274.2830   144161     --- 
   3551  2820      -51.7478   158        0.0000     -274.2830   161414     --- 
   4595  4284      -81.1205   180        0.0000     -274.2830   182733     --- 
   5032  4784      -87.1381   183        0.0000     -274.2830   192784     --- 
   5238  5037     -211.0336   474        0.0000     -274.2830   201160     --- 
   6401  6137       -2.2381    99        0.0000     -274.2830   254100     --- 
Elapsed time = 31.80 sec. (24493.54 ticks, tree = 15.96 MB, solutions = 12)
   7958  7546      -51.4238   138        0.0000     -274.2830   332193     --- 
  10029  9315     -204.9228   444        0.0000     -274.2830   415623     --- 
  11403 10002    infeasible              0.0000     -274.2830   443143     --- 
  11405 10284     -104.1060   217        0.0000     -274.2830   446412     --- 
  11407 11023     -161.4525   584        0.0000     -161.4525   552210     --- 
  11410 11026     -161.0387   581        0.0000     -161.0387   552229     --- 
  11417 11030     -161.0387   582        0.0000     -161.0387   552280     --- 
  11464    45     -150.8637   547        0.0000     -161.0387   553323     --- 
  11518    91     -154.3611   565        0.0000     -160.2479   563664     --- 
  12250   438     -141.1236   497        0.0000     -160.2479   585204     --- 
Elapsed time = 94.94 sec. (74017.83 ticks, tree = 1.78 MB, solutions = 12)
  14158  2171      -69.6660   349        0.0000     -160.2479   626419     --- 
  16304  4087     -107.9334   449        0.0000     -157.1198   668156     --- 
  18572  6216      -69.9627   292        0.0000     -155.1828   730983     --- 
  21944  9117     -111.3588   430        0.0000     -155.1246   793094     --- 
  23110 11057     -137.3490   539        0.0000     -155.0652   841366     --- 
  24409 11691     -131.9743   500        0.0000     -154.5474   865779     --- 
  25856 12781     -120.8637   498        0.0000     -154.3877   895220     --- 
  27710 14721      -79.1246   427        0.0000     -154.3585   936001     --- 
  28696 16099      -95.3158   412        0.0000     -154.3565   976119     --- 
  30269 17423     -144.1516   628        0.0000     -154.3565  1011998     --- 
Elapsed time = 108.67 sec. (83575.71 ticks, tree = 308.68 MB, solutions = 12)
  31264 18542     -112.3049   493        0.0000     -154.2556  1050532     --- 
  32060 19287     -131.5600   534        0.0000     -154.2556  1078297     --- 
  32882 20132     -143.4152   589        0.0000     -154.2556  1108753     --- 
  33591 20760     -145.9338   598        0.0000     -154.2556  1139863     --- 
  34377 21374     -138.0764   527        0.0000     -154.2556  1177575     --- 
  34857 22159      -87.8591   465        0.0000     -154.2556  1211789     --- 
  35720 22905      -51.9624   387        0.0000     -154.2556  1254646     --- 
  36347 23656     -144.9510   625        0.0000     -154.2211  1289230     --- 
  36748 24007      -59.1797   389        0.0000     -154.2211  1308846     --- 
  37369 24457      -71.0138   430        0.0000     -154.2211  1355021     --- 
Elapsed time = 121.12 sec. (93142.33 ticks, tree = 412.91 MB, solutions = 12)
  37973 25261      -84.1151   429        0.0000     -154.2211  1396699     --- 
  38531 25438      -63.6481   393        0.0000     -154.2211  1405552     --- 
  39302 25879      -70.0361   399        0.0000     -154.2211  1426578     --- 
  40282 26862      -70.9512   397        0.0000     -154.2211  1466264     --- 
  40742 27461      -26.4345   380        0.0000     -154.2211  1498960     --- 
  40998 28022      -97.4832   459        0.0000     -153.9655  1533931     --- 
  41453 28476      -55.7103   359        0.0000     -153.9655  1576476     --- 
  41667 28768      -54.4329   370        0.0000     -153.9655  1609034     --- 
  41913 29051     -124.9784   515        0.0000     -153.9655  1632238     --- 
  42373 29255     -110.4968   522        0.0000     -153.9332  1654636     --- 
Elapsed time = 134.17 sec. (102690.17 ticks, tree = 527.02 MB, solutions = 12)
  42659 29589      -65.2350   376        0.0000     -153.9332  1695756     --- 
  42946 29874     -136.3607   787        0.0000     -153.9332  1757708     --- 
  43394 30145     -104.9771   542        0.0000     -153.9332  1791851     --- 
  43898 30565      -79.1447   476        0.0000     -153.8235  1827175     --- 
  44233 30962     -133.2004   630        0.0000     -153.8235  1863726     --- 
  44439 31344     -112.0346   530        0.0000     -153.4251  1897462     --- 
  44650 31633      -78.9953   440        0.0000     -153.4251  1926954     --- 
  45073 31813     -102.4783   497        0.0000     -153.4251  1953040     --- 
  45615 32145     -138.4736   627        0.0000     -153.4251  1990223     --- 
  46084 32608      -45.8767   351        0.0000     -153.4251  2026714     --- 
Elapsed time = 146.54 sec. (112248.96 ticks, tree = 607.64 MB, solutions = 12)
  46382 32870     -120.9066   662        0.0000     -153.3747  2067006     --- 
  46494 33447      -97.3948   444        0.0000     -153.3593  2117748     --- 
  46656 32131     -152.8387   846        0.0000     -153.3593  1985518     --- 
  46704 33574     -145.0332   755        0.0000     -153.3329  2157216     --- 
  46789 33767     -102.7900   501        0.0000     -153.2864  2202114     --- 
  46980 33856     -139.3509   679        0.0000     -153.2864  2242692     --- 
  47322 33930     -120.6645   613        0.0000     -153.2864  2262791     --- 
  47543 34121     -111.9354   509        0.0000     -153.2864  2281467     --- 
  47723 34295      -88.0513   449        0.0000     -153.2558  2309686     --- 
  47975 34594     -122.1374   595        0.0000     -153.2558  2358301     --- 
Elapsed time = 161.21 sec. (121893.48 ticks, tree = 663.41 MB, solutions = 12)
  48414 34588     -141.7682   683        0.0000     -153.2558  2370830     --- 
  48858 34976      -66.4696   405        0.0000     -153.2558  2402219     --- 
  49218 35795      -62.4445   432        0.0000     -153.2143  2489854     --- 
  49717 36042     -136.0106   655        0.0000     -153.2143  2523199     --- 
  50133 36479      -23.4561   375        0.0000     -153.2143  2569731     --- 
  50414 36721     -143.8030   806        0.0000     -153.2143  2607095     --- 
  50583 37103     -112.4493   810        0.0000     -153.1467  2659717     --- 
  50729 37184     -140.4509   903        0.0000     -153.1467  2675824     --- 
  50865 37589       -8.5292   303        0.0000     -153.1166  2762507     --- 
  50997 37606     -132.9552   594        0.0000     -153.1166  2770204     --- 
Elapsed time = 174.37 sec. (131492.58 ticks, tree = 752.78 MB, solutions = 12)
  51234 37751     -136.4284   898        0.0000     -153.0734  2824465     --- 
  51528 37904     -132.3627   723        0.0000     -153.0734  2849787     --- 
  51677 38099      -29.6705   333        0.0000     -153.0734  2870591     --- 
  51726 38444     -140.8542   727        0.0000     -153.0055  2941628     --- 
  51810 38451     -136.2524   741        0.0000     -153.0055  2954758     --- 
  51893 38493     -132.6629   650        0.0000     -153.0055  3004979     --- 
  52025 38509     -116.8716   616        0.0000     -153.0055  3013086     --- 
  52142 38672      -97.0050   597        0.0000     -153.0055  3074089     --- 
  52298 38804     -130.0992   714        0.0000     -153.0055  3104905     --- 
  52421 38831     -145.9567   767        0.0000     -153.0055  3110226     --- 
Elapsed time = 187.65 sec. (141127.57 ticks, tree = 784.44 MB, solutions = 12)
  52537 39089     -112.5940   668        0.0000     -153.0055  3188263     --- 
  52663 39090     -144.1258   849        0.0000     -153.0055  3197923     --- 
  52713 39240     -142.6373   782        0.0000     -153.0055  3218166     --- 
  52767 39273     -101.5017   556        0.0000     -153.0055  3227258     --- 
  52879 39341      -80.3991   465        0.0000     -153.0055  3230908     --- 
  52952 39362     -141.1280   879        0.0000     -153.0055  3259310     --- 
  53049 39472      -19.2687   358        0.0000     -153.0055  3275128     --- 
  53153 39659      -41.7227   478        0.0000     -153.0055  3327874     --- 
  53329 39804      -59.8990   395        0.0000     -153.0055  3350794     --- 
  53959 40193     -130.6554   794        0.0000     -152.8842  3471187     --- 
Elapsed time = 206.94 sec. (153662.73 ticks, tree = 817.40 MB, solutions = 12)
  54491 40774     -132.0125   750        0.0000     -152.8842  3659908     --- 
  54949 41231     -131.6331   598        0.0000     -152.8033  3834938     --- 
  55861 42088     -129.6353   624        0.0000     -152.8033  4000408     --- 
  56438 42526     -128.0551   761        0.0000     -152.8033  4134574     --- 
  57160 43040     -123.3093   798        0.0000     -152.8033  4255477     --- 
  57651 43708      -75.1603   482        0.0000     -152.8033  4398782     --- 
  58582 44338      -23.0303   390        0.0000     -152.8033  4571642     --- 
  59396 44921    infeasible              0.0000     -152.8033  4680309     --- 
  60196 45643      -99.9514   517        0.0000     -152.6387  4872899     --- 
  60732 46528      -15.0322   393        0.0000     -152.5812  5110752     --- 
Elapsed time = 261.45 sec. (191973.55 ticks, tree = 976.89 MB, solutions = 12)
  61458 47136       -3.7225   377        0.0000     -152.5808  5266395     --- 
  62359 47646      -29.6774   396        0.0000     -152.5730  5352210     --- 
  62974 47950     -148.9384   814        0.0000     -152.5730  5423561     --- 
  63942 49330      -96.0992   667        0.0000     -152.5730  5675797     --- 
  64860 49725      -80.0711   445        0.0000     -152.5730  5753905     --- 
  66000 50816     -134.5572   780        0.0000     -152.5524  5978492     --- 
  67211 51952      -47.2963   347        0.0000     -152.4970  6170663     --- 
  68183 52592      -14.4821   402        0.0000     -152.4970  6290372     --- 
  68524 53661     -151.5301  1003        0.0000     -152.4970  6506939     --- 
  69165 54172     -104.1155   557        0.0000     -152.4970  6632571     --- 
Elapsed time = 315.69 sec. (230190.29 ticks, tree = 1194.76 MB, solutions = 12)
  70177 54899      -19.0652   419        0.0000     -152.4772  6772262     --- 
  70959 55483     -101.6577   552        0.0000     -152.4418  6856952     --- 
  72227 56691      -65.3204   411        0.0000     -152.4418  7023091     --- 
  73402 57219     -143.6143   918        0.0000     -152.4222  7090664     --- 
  74480 58973      -91.1758   573        0.0000     -152.4222  7390032     --- 
  75393 59852     -116.5434   706        0.0000     -152.3875  7552214     --- 
  76203 60584     -115.9449   774        0.0000     -152.3875  7704977     --- 
  77171 61408      -81.5010   614        0.0000     -152.3875  7866461     --- 
  77801 62136      -23.5969   425        0.0000     -152.3875  7991654     --- 
  78397 63099     -114.8122   690        0.0000     -152.3875  8199208     --- 
Elapsed time = 370.85 sec. (268426.43 ticks, tree = 1459.39 MB, solutions = 12)
  79233 63411      -49.0940   496        0.0000     -152.3875  8263019     --- 
  80802 64025      -28.2480   413        0.0000     -152.3830  8396823     --- 
  81590 65108     -136.8080   823        0.0000     -152.3830  8560219     --- 
  82313 66633      -86.9984   650        0.0000     -152.3830  8812333     --- 
  83060 66878        cutoff              0.0000     -152.3830  8861972     --- 
  83603 67848     -107.7997   735        0.0000     -152.3830  9111435     --- 
  84389 68628      -77.7937   699        0.0000     -152.3830  9335666     --- 
  85240 69266    infeasible              0.0000     -152.3782  9475956     --- 
  85781 69965      -67.6911   609        0.0000     -152.2457  9608602     --- 
  86682 70350      -57.2771   617        0.0000     -152.2365  9722238     --- 
Elapsed time = 425.19 sec. (306621.77 ticks, tree = 1664.89 MB, solutions = 12)
  87349 70827      -26.7052   457        0.0000     -152.2118  9819144     --- 
  87731 71677     -136.7348  1009        0.0000     -152.2087  9991635     --- 
  88489 72114     -132.9169   802        0.0000     -152.2066 10080521     --- 
  89211 73069      -89.3453   818        0.0000     -152.2066 10315558     --- 
  90147 73936      -67.6767   664        0.0000     -152.2043 10506640     --- 
  90810 74240      -71.3374   642        0.0000     -152.2043 10579818     --- 
  91508 74577      -61.8544   556        0.0000     -152.2043 10674880     --- 
  92118 75491      -50.2327   598        0.0000     -152.2043 10841261     --- 
  92824 76330     -107.1985   891        0.0000     -152.2043 11042482     --- 
  93722 76825      -81.5811   686        0.0000     -152.1838 11179335     --- 
Elapsed time = 478.93 sec. (344835.43 ticks, tree = 1853.98 MB, solutions = 12)
  94574 77476     -114.7490   770        0.0000     -152.1543 11321639     --- 
  94610 78956     -147.3452   615        0.0000     -147.3452 11698909     --- 
  98535  3371      -65.8192   342        0.0000     -145.4405 11863340     --- 
 104037  8528      -47.1278   280        0.0000     -142.3006 12146486     --- 
 106347 10808     -122.2186   692        0.0000     -142.1505 12321472     --- 
 108794 12996      -63.3473   404        0.0000     -142.1505 12559516     --- 
 110653 14923     -125.9227   474        0.0000     -142.1505 12822307     --- 
 114020 17832     -123.4423   496        0.0000     -142.1486 13014516     --- 
 118774 21847      -93.8511   448        0.0000     -141.7934 13201830     --- 
 124226 27074     -102.3583   450        0.0000     -141.4257 13405952     --- 
Elapsed time = 594.74 sec. (430629.21 ticks, tree = 240.33 MB, solutions = 12)
 129466 32466      -77.9070   381        0.0000     -141.2397 13643810     --- 
 132118 35313      -76.0503   403        0.0000     -141.0668 13820880     --- 
 136195 39115     -107.2470   484        0.0000     -140.8068 14045591     --- 
 139031 42217     -113.5641   553        0.0000     -140.7886 14246277     --- 
 140973 44066     -135.8689   522        0.0000     -140.6613 14433201     --- 
 142927 45414     -110.6290   453        0.0000     -140.6613 14637770     --- 
 144687 47354     -115.7363   523        0.0000     -140.6613 14847355     --- 
 146216 48523      -94.1546   431        0.0000     -140.6613 15049786     --- 
 147980 50424     -134.9509   589        0.0000     -140.6613 15266818     --- 
 149383 51821      -80.4765   398        0.0000     -140.4687 15383113     --- 
Elapsed time = 647.69 sec. (468819.98 ticks, tree = 753.12 MB, solutions = 12)
 150678 53251      -60.5165   335        0.0000     -140.4687 15530739     --- 
 151204 54089      -76.9729   371        0.0000     -140.4275 15711675     --- 
 152333 55059      -35.8038   270        0.0000     -140.4275 15968704     --- 
 153045 55497     -112.9922   748        0.0000     -140.4168 16064726     --- 
 153316 56139      -81.2905   435        0.0000     -140.4168 16398485     --- 
 154431 56827      -86.5421   443        0.0000     -140.4168 16554548     --- 
 156000 57913      -28.4556   361        0.0000     -140.3501 16735760     --- 
 157437 59287      -87.3630   586        0.0000     -140.3501 16887938     --- 
 158337 60225     -119.2455   763        0.0000     -140.3501 17000351     --- 
 159046 61114      -94.0132   587        0.0000     -140.3501 17248491     --- 
Elapsed time = 701.35 sec. (507077.34 ticks, tree = 956.08 MB, solutions = 12)
 160134 62035     -120.1058   561        0.0000     -140.3143 17489768     --- 
 161668 63053       -8.5654   269        0.0000     -140.3143 17651939     --- 
 162972 64715      -21.8054   384        0.0000     -140.2701 17910145     --- 
 164365 65604     -113.9127   468        0.0000     -140.2701 18074729     --- 
 165869 67274     -105.1654   616        0.0000     -140.2380 18320090     --- 
 168037 68889      -62.4837   402        0.0000     -140.1773 18542152     --- 
 169194 70494      -86.6138   428        0.0000     -140.1773 18718165     --- 
 169640 71479     -102.1981   588        0.0000     -140.1620 18941183     --- 
 170603 71618     -121.5932   589        0.0000     -140.1293 19089231     --- 
 172425 72610      -65.3920   428        0.0000     -140.1293 19309601     --- 
Elapsed time = 755.17 sec. (545247.11 ticks, tree = 1276.03 MB, solutions = 12)
 173752 74025      -67.5720   445        0.0000     -140.1102 19476914     --- 
 175211 75822     -129.4240   700        0.0000     -140.1102 19728008     --- 
 176818 77527      -26.7213   313        0.0000     -140.0789 19947457     --- 
 178625 78339      -75.0861   562        0.0000     -140.0789 20087375     --- 
 180236 79656      -12.4114   262        0.0000     -140.0164 20227234     --- 
 181879 81924      -75.1983   470        0.0000     -139.9852 20580366     --- 
 182706 82845      -43.5688   392        0.0000     -139.9490 20770735     --- 
 183791 83609     -117.3304   558        0.0000     -139.9348 20909656     --- 
 185126 84391      -70.3430   548        0.0000     -139.9348 21048107     --- 
 186803 85704     -107.8390   601        0.0000     -139.9348 21241514     --- 
Elapsed time = 809.36 sec. (583430.76 ticks, tree = 1635.51 MB, solutions = 12)
 188178 87846     -117.0581   574        0.0000     -139.8857 21550376     --- 
 189780 88573      -40.6240   404        0.0000     -139.8749 21703001     --- 
 190418 89575      -44.5611   386        0.0000     -139.8749 21919821     --- 
 190940 90768     -125.5864   617        0.0000     -139.8749 22165512     --- 
 192046 91261      -61.0013   521        0.0000     -139.8749 22393502     --- 
 193087 91615      -94.2109   541        0.0000     -139.8585 22521034     --- 
 194232 92969       -6.4682   321        0.0000     -139.8585 22789271     --- 
 195311 94062      -48.1292   413        0.0000     -139.8197 22938030     --- 
 197316 94854      -75.9417   514        0.0000     -139.7726 23105394     --- 
 199397 96952      -45.6281   413        0.0000     -139.7582 23345489     --- 
Elapsed time = 860.11 sec. (621602.93 ticks, tree = 1922.33 MB, solutions = 12)
 201193 99611      -94.8968   533        0.0000     -139.7333 23652913     --- 
 202482 99841      -92.6264   577        0.0000     -139.7107 23689253     --- 
 203448 102160     -133.9593   716        0.0000     -139.6961 24039770     --- 
 204518 102561      -83.3339   594        0.0000     -139.6961 24159780     --- 
 205557 103575      -61.4249   429        0.0000     -139.6927 24302230     --- 
 206876 105160     -133.9546   674        0.0000     -139.6901 24533616     --- 
 208341 105350      -42.8004   366        0.0000     -139.6105 24547614     --- 

Clique cuts applied:  346
Cover cuts applied:  946
Implied bound cuts applied:  25
Flow cuts applied:  100
Mixed integer rounding cuts applied:  1247
Zero-half cuts applied:  270
Lift and project cuts applied:  71
Gomory fractional cuts applied:  49

Root node processing (before b&c):
  Real time             =   27.02 sec. (21343.38 ticks)
Parallel b&c, 16 threads:
  Real time             =  875.97 sec. (629670.38 ticks)
  Sync time (average)   =  101.55 sec.
  Wait time (average)   =    0.10 sec.
                          ------------
Total (root+branch&cut) =  903.00 sec. (651013.76 ticks)

Solution pool: 12 solutions saved.

MIP - Time limit exceeded, integer feasible:  Objective =  0.0000000000e+00
Current MIP best bound = -1.3961046549e+02 (gap = 139.61, 1.4e+14%)
Solution time =  903.00 sec.  Iterations = 24933573  Nodes = 208887 (107899)
Deterministic time = 651013.78 ticks  (720.94 ticks/sec)

CPLEX> Incumbent solution written to file '/localscratch/arosati/70372665/tmp96o91fsk.cplex.sol'.
CPLEX> 
